<?xml version="1.0" encoding="UTF-8"?>
<testsuite xmlns:xsi="http://www.w3.org/2001/XMLSchema-instance" xsi:noNamespaceSchemaLocation="https://maven.apache.org/surefire/maven-surefire-plugin/xsd/surefire-test-report-3.0.xsd" version="3.0" name="com.example.runners.CucumberTest" time="20.514" tests="4" errors="0" skipped="3" failures="1">
  <properties>
    <property name="parallel.count" value="2"/>
    <property name="java.specification.version" value="17"/>
    <property name="cucumber.execution.parallel.config.fixed.max-pool-size" value="2"/>
    <property name="sun.cpu.isalist" value="amd64"/>
    <property name="sun.jnu.encoding" value="Cp1252"/>
    <property name="java.class.path" value="D:\CucumberJunitParallel\target\test-classes;D:\CucumberJunitParallel\target\classes;C:\Users\91720\.m2\repository\io\cucumber\cucumber-java\7.11.0\cucumber-java-7.11.0.jar;C:\Users\91720\.m2\repository\io\cucumber\cucumber-core\7.11.0\cucumber-core-7.11.0.jar;C:\Users\91720\.m2\repository\io\cucumber\cucumber-gherkin\7.11.0\cucumber-gherkin-7.11.0.jar;C:\Users\91720\.m2\repository\io\cucumber\cucumber-gherkin-messages\7.11.0\cucumber-gherkin-messages-7.11.0.jar;C:\Users\91720\.m2\repository\io\cucumber\gherkin\26.0.3\gherkin-26.0.3.jar;C:\Users\91720\.m2\repository\io\cucumber\messages\21.0.1\messages-21.0.1.jar;C:\Users\91720\.m2\repository\io\cucumber\tag-expressions\5.0.1\tag-expressions-5.0.1.jar;C:\Users\91720\.m2\repository\io\cucumber\cucumber-expressions\16.1.1\cucumber-expressions-16.1.1.jar;C:\Users\91720\.m2\repository\io\cucumber\datatable\7.11.0\datatable-7.11.0.jar;C:\Users\91720\.m2\repository\io\cucumber\cucumber-plugin\7.11.0\cucumber-plugin-7.11.0.jar;C:\Users\91720\.m2\repository\io\cucumber\docstring\7.11.0\docstring-7.11.0.jar;C:\Users\91720\.m2\repository\io\cucumber\html-formatter\20.2.1\html-formatter-20.2.1.jar;C:\Users\91720\.m2\repository\io\cucumber\junit-xml-formatter\0.1.0\junit-xml-formatter-0.1.0.jar;C:\Users\91720\.m2\repository\io\cucumber\ci-environment\9.1.0\ci-environment-9.1.0.jar;C:\Users\91720\.m2\repository\org\apiguardian\apiguardian-api\1.1.2\apiguardian-api-1.1.2.jar;C:\Users\91720\.m2\repository\io\cucumber\cucumber-junit-platform-engine\7.11.0\cucumber-junit-platform-engine-7.11.0.jar;C:\Users\91720\.m2\repository\org\junit\platform\junit-platform-engine\1.9.2\junit-platform-engine-1.9.2.jar;C:\Users\91720\.m2\repository\org\opentest4j\opentest4j\1.2.0\opentest4j-1.2.0.jar;C:\Users\91720\.m2\repository\org\junit\platform\junit-platform-commons\1.9.2\junit-platform-commons-1.9.2.jar;C:\Users\91720\.m2\repository\io\cucumber\cucumber-picocontainer\7.11.0\cucumber-picocontainer-7.11.0.jar;C:\Users\91720\.m2\repository\org\picocontainer\picocontainer\2.15\picocontainer-2.15.jar;C:\Users\91720\.m2\repository\org\junit\jupiter\junit-jupiter\5.9.2\junit-jupiter-5.9.2.jar;C:\Users\91720\.m2\repository\org\junit\jupiter\junit-jupiter-api\5.9.2\junit-jupiter-api-5.9.2.jar;C:\Users\91720\.m2\repository\org\junit\jupiter\junit-jupiter-params\5.9.2\junit-jupiter-params-5.9.2.jar;C:\Users\91720\.m2\repository\org\junit\jupiter\junit-jupiter-engine\5.9.2\junit-jupiter-engine-5.9.2.jar;C:\Users\91720\.m2\repository\org\junit\platform\junit-platform-suite\1.9.2\junit-platform-suite-1.9.2.jar;C:\Users\91720\.m2\repository\org\junit\platform\junit-platform-suite-api\1.9.2\junit-platform-suite-api-1.9.2.jar;C:\Users\91720\.m2\repository\org\junit\platform\junit-platform-suite-engine\1.9.2\junit-platform-suite-engine-1.9.2.jar;C:\Users\91720\.m2\repository\org\junit\platform\junit-platform-suite-commons\1.9.2\junit-platform-suite-commons-1.9.2.jar;C:\Users\91720\.m2\repository\org\junit\platform\junit-platform-launcher\1.9.2\junit-platform-launcher-1.9.2.jar;C:\Users\91720\.m2\repository\com\codeborne\selenide\6.12.3\selenide-6.12.3.jar;C:\Users\91720\.m2\repository\org\seleniumhq\selenium\selenium-java\4.8.1\selenium-java-4.8.1.jar;C:\Users\91720\.m2\repository\org\seleniumhq\selenium\selenium-api\4.8.1\selenium-api-4.8.1.jar;C:\Users\91720\.m2\repository\org\seleniumhq\selenium\selenium-chrome-driver\4.8.1\selenium-chrome-driver-4.8.1.jar;C:\Users\91720\.m2\repository\com\google\auto\service\auto-service-annotations\1.0.1\auto-service-annotations-1.0.1.jar;C:\Users\91720\.m2\repository\com\google\auto\service\auto-service\1.0.1\auto-service-1.0.1.jar;C:\Users\91720\.m2\repository\com\google\auto\auto-common\1.2\auto-common-1.2.jar;C:\Users\91720\.m2\repository\org\seleniumhq\selenium\selenium-chromium-driver\4.8.1\selenium-chromium-driver-4.8.1.jar;C:\Users\91720\.m2\repository\org\seleniumhq\selenium\selenium-json\4.8.1\selenium-json-4.8.1.jar;C:\Users\91720\.m2\repository\org\seleniumhq\selenium\selenium-devtools-v108\4.8.1\selenium-devtools-v108-4.8.1.jar;C:\Users\91720\.m2\repository\org\seleniumhq\selenium\selenium-devtools-v109\4.8.1\selenium-devtools-v109-4.8.1.jar;C:\Users\91720\.m2\repository\org\seleniumhq\selenium\selenium-devtools-v110\4.8.1\selenium-devtools-v110-4.8.1.jar;C:\Users\91720\.m2\repository\org\seleniumhq\selenium\selenium-devtools-v85\4.8.1\selenium-devtools-v85-4.8.1.jar;C:\Users\91720\.m2\repository\org\seleniumhq\selenium\selenium-edge-driver\4.8.1\selenium-edge-driver-4.8.1.jar;C:\Users\91720\.m2\repository\org\seleniumhq\selenium\selenium-firefox-driver\4.8.1\selenium-firefox-driver-4.8.1.jar;C:\Users\91720\.m2\repository\org\seleniumhq\selenium\selenium-http\4.8.1\selenium-http-4.8.1.jar;C:\Users\91720\.m2\repository\dev\failsafe\failsafe\3.3.0\failsafe-3.3.0.jar;C:\Users\91720\.m2\repository\org\seleniumhq\selenium\selenium-ie-driver\4.8.1\selenium-ie-driver-4.8.1.jar;C:\Users\91720\.m2\repository\org\seleniumhq\selenium\selenium-remote-driver\4.8.1\selenium-remote-driver-4.8.1.jar;C:\Users\91720\.m2\repository\com\beust\jcommander\1.82\jcommander-1.82.jar;C:\Users\91720\.m2\repository\io\netty\netty-buffer\4.1.87.Final\netty-buffer-4.1.87.Final.jar;C:\Users\91720\.m2\repository\io\netty\netty-codec-http\4.1.87.Final\netty-codec-http-4.1.87.Final.jar;C:\Users\91720\.m2\repository\io\netty\netty-codec\4.1.87.Final\netty-codec-4.1.87.Final.jar;C:\Users\91720\.m2\repository\io\netty\netty-handler\4.1.87.Final\netty-handler-4.1.87.Final.jar;C:\Users\91720\.m2\repository\io\netty\netty-common\4.1.87.Final\netty-common-4.1.87.Final.jar;C:\Users\91720\.m2\repository\io\netty\netty-transport-classes-epoll\4.1.87.Final\netty-transport-classes-epoll-4.1.87.Final.jar;C:\Users\91720\.m2\repository\io\netty\netty-transport-classes-kqueue\4.1.87.Final\netty-transport-classes-kqueue-4.1.87.Final.jar;C:\Users\91720\.m2\repository\io\netty\netty-transport-native-epoll\4.1.87.Final\netty-transport-native-epoll-4.1.87.Final.jar;C:\Users\91720\.m2\repository\io\netty\netty-transport-native-kqueue\4.1.87.Final\netty-transport-native-kqueue-4.1.87.Final.jar;C:\Users\91720\.m2\repository\io\netty\netty-transport-native-unix-common\4.1.87.Final\netty-transport-native-unix-common-4.1.87.Final.jar;C:\Users\91720\.m2\repository\io\netty\netty-transport\4.1.87.Final\netty-transport-4.1.87.Final.jar;C:\Users\91720\.m2\repository\io\netty\netty-resolver\4.1.87.Final\netty-resolver-4.1.87.Final.jar;C:\Users\91720\.m2\repository\io\opentelemetry\opentelemetry-api\1.22.0\opentelemetry-api-1.22.0.jar;C:\Users\91720\.m2\repository\io\opentelemetry\opentelemetry-context\1.22.0\opentelemetry-context-1.22.0.jar;C:\Users\91720\.m2\repository\io\opentelemetry\opentelemetry-exporter-logging\1.22.0\opentelemetry-exporter-logging-1.22.0.jar;C:\Users\91720\.m2\repository\io\opentelemetry\opentelemetry-sdk-metrics\1.22.0\opentelemetry-sdk-metrics-1.22.0.jar;C:\Users\91720\.m2\repository\io\opentelemetry\opentelemetry-sdk-logs\1.22.0-alpha\opentelemetry-sdk-logs-1.22.0-alpha.jar;C:\Users\91720\.m2\repository\io\opentelemetry\opentelemetry-api-logs\1.22.0-alpha\opentelemetry-api-logs-1.22.0-alpha.jar;C:\Users\91720\.m2\repository\io\opentelemetry\opentelemetry-sdk-common\1.22.0\opentelemetry-sdk-common-1.22.0.jar;C:\Users\91720\.m2\repository\io\opentelemetry\opentelemetry-sdk-extension-autoconfigure-spi\1.22.0\opentelemetry-sdk-extension-autoconfigure-spi-1.22.0.jar;C:\Users\91720\.m2\repository\io\opentelemetry\opentelemetry-sdk-extension-autoconfigure\1.22.0-alpha\opentelemetry-sdk-extension-autoconfigure-1.22.0-alpha.jar;C:\Users\91720\.m2\repository\io\opentelemetry\opentelemetry-sdk-trace\1.22.0\opentelemetry-sdk-trace-1.22.0.jar;C:\Users\91720\.m2\repository\io\opentelemetry\opentelemetry-sdk\1.22.0\opentelemetry-sdk-1.22.0.jar;C:\Users\91720\.m2\repository\io\opentelemetry\opentelemetry-semconv\1.22.0-alpha\opentelemetry-semconv-1.22.0-alpha.jar;C:\Users\91720\.m2\repository\io\ous\jtoml\2.0.0\jtoml-2.0.0.jar;C:\Users\91720\.m2\repository\net\bytebuddy\byte-buddy\1.12.22\byte-buddy-1.12.22.jar;C:\Users\91720\.m2\repository\org\apache\commons\commons-exec\1.3\commons-exec-1.3.jar;C:\Users\91720\.m2\repository\org\asynchttpclient\async-http-client\2.12.3\async-http-client-2.12.3.jar;C:\Users\91720\.m2\repository\org\asynchttpclient\async-http-client-netty-utils\2.12.3\async-http-client-netty-utils-2.12.3.jar;C:\Users\91720\.m2\repository\io\netty\netty-codec-socks\4.1.60.Final\netty-codec-socks-4.1.60.Final.jar;C:\Users\91720\.m2\repository\io\netty\netty-handler-proxy\4.1.60.Final\netty-handler-proxy-4.1.60.Final.jar;C:\Users\91720\.m2\repository\io\netty\netty-transport-native-epoll\4.1.60.Final\netty-transport-native-epoll-4.1.60.Final-linux-x86_64.jar;C:\Users\91720\.m2\repository\io\netty\netty-transport-native-kqueue\4.1.60.Final\netty-transport-native-kqueue-4.1.60.Final-osx-x86_64.jar;C:\Users\91720\.m2\repository\org\reactivestreams\reactive-streams\1.0.3\reactive-streams-1.0.3.jar;C:\Users\91720\.m2\repository\com\typesafe\netty\netty-reactive-streams\2.0.4\netty-reactive-streams-2.0.4.jar;C:\Users\91720\.m2\repository\com\sun\activation\jakarta.activation\1.2.2\jakarta.activation-1.2.2.jar;C:\Users\91720\.m2\repository\org\seleniumhq\selenium\selenium-manager\4.8.1\selenium-manager-4.8.1.jar;C:\Users\91720\.m2\repository\org\seleniumhq\selenium\selenium-safari-driver\4.8.1\selenium-safari-driver-4.8.1.jar;C:\Users\91720\.m2\repository\org\seleniumhq\selenium\selenium-support\4.8.1\selenium-support-4.8.1.jar;C:\Users\91720\.m2\repository\com\codeborne\selenide-core\6.12.3\selenide-core-6.12.3.jar;C:\Users\91720\.m2\repository\io\github\bonigarcia\webdrivermanager\5.3.2\webdrivermanager-5.3.2.jar;C:\Users\91720\.m2\repository\com\google\code\gson\gson\2.10.1\gson-2.10.1.jar;C:\Users\91720\.m2\repository\org\brotli\dec\0.1.2\dec-0.1.2.jar;C:\Users\91720\.m2\repository\org\apache\commons\commons-compress\1.22\commons-compress-1.22.jar;C:\Users\91720\.m2\repository\org\apache\httpcomponents\client5\httpclient5\5.2.1\httpclient5-5.2.1.jar;C:\Users\91720\.m2\repository\org\apache\httpcomponents\core5\httpcore5\5.2\httpcore5-5.2.jar;C:\Users\91720\.m2\repository\org\apache\httpcomponents\core5\httpcore5-h2\5.2\httpcore5-h2-5.2.jar;C:\Users\91720\.m2\repository\com\google\guava\guava\31.1-jre\guava-31.1-jre.jar;C:\Users\91720\.m2\repository\com\google\guava\failureaccess\1.0.1\failureaccess-1.0.1.jar;C:\Users\91720\.m2\repository\com\google\guava\listenablefuture\9999.0-empty-to-avoid-conflict-with-guava\listenablefuture-9999.0-empty-to-avoid-conflict-with-guava.jar;C:\Users\91720\.m2\repository\com\google\code\findbugs\jsr305\3.0.2\jsr305-3.0.2.jar;C:\Users\91720\.m2\repository\org\checkerframework\checker-qual\3.12.0\checker-qual-3.12.0.jar;C:\Users\91720\.m2\repository\com\google\errorprone\error_prone_annotations\2.11.0\error_prone_annotations-2.11.0.jar;C:\Users\91720\.m2\repository\com\google\j2objc\j2objc-annotations\1.3\j2objc-annotations-1.3.jar;C:\Users\91720\.m2\repository\org\apache\commons\commons-lang3\3.12.0\commons-lang3-3.12.0.jar;C:\Users\91720\.m2\repository\commons-io\commons-io\2.11.0\commons-io-2.11.0.jar;C:\Users\91720\.m2\repository\org\slf4j\slf4j-api\2.0.6\slf4j-api-2.0.6.jar;C:\Users\91720\.m2\repository\ch\qos\logback\logback-classic\1.4.5\logback-classic-1.4.5.jar;C:\Users\91720\.m2\repository\ch\qos\logback\logback-core\1.4.5\logback-core-1.4.5.jar;"/>
    <property name="java.vm.vendor" value="Oracle Corporation"/>
    <property name="cucumber.execution.parallel.config.fixed.parallelism" value="2"/>
    <property name="sun.arch.data.model" value="64"/>
    <property name="user.variant" value=""/>
    <property name="java.vendor.url" value="https://java.oracle.com/"/>
    <property name="user.timezone" value="Asia/Calcutta"/>
    <property name="java.vm.specification.version" value="17"/>
    <property name="os.name" value="Windows 11"/>
    <property name="selenide.savePageSource" value="false"/>
    <property name="sun.java.launcher" value="SUN_STANDARD"/>
    <property name="user.country" value="IN"/>
    <property name="sun.boot.library.path" value="C:\Program Files\Java\jdk-17\bin"/>
    <property name="sun.java.command" value="C:\Users\91720\AppData\Local\Temp\surefire12561634567469811306\surefirebooter-20250516233717277_3.jar C:\Users\91720\AppData\Local\Temp\surefire12561634567469811306 2025-05-16T23-37-16_931-jvmRun1 surefire-20250516233717277_1tmp surefire_0-20250516233717277_2tmp"/>
    <property name="jdk.debug" value="release"/>
    <property name="surefire.test.class.path" value="D:\CucumberJunitParallel\target\test-classes;D:\CucumberJunitParallel\target\classes;C:\Users\91720\.m2\repository\io\cucumber\cucumber-java\7.11.0\cucumber-java-7.11.0.jar;C:\Users\91720\.m2\repository\io\cucumber\cucumber-core\7.11.0\cucumber-core-7.11.0.jar;C:\Users\91720\.m2\repository\io\cucumber\cucumber-gherkin\7.11.0\cucumber-gherkin-7.11.0.jar;C:\Users\91720\.m2\repository\io\cucumber\cucumber-gherkin-messages\7.11.0\cucumber-gherkin-messages-7.11.0.jar;C:\Users\91720\.m2\repository\io\cucumber\gherkin\26.0.3\gherkin-26.0.3.jar;C:\Users\91720\.m2\repository\io\cucumber\messages\21.0.1\messages-21.0.1.jar;C:\Users\91720\.m2\repository\io\cucumber\tag-expressions\5.0.1\tag-expressions-5.0.1.jar;C:\Users\91720\.m2\repository\io\cucumber\cucumber-expressions\16.1.1\cucumber-expressions-16.1.1.jar;C:\Users\91720\.m2\repository\io\cucumber\datatable\7.11.0\datatable-7.11.0.jar;C:\Users\91720\.m2\repository\io\cucumber\cucumber-plugin\7.11.0\cucumber-plugin-7.11.0.jar;C:\Users\91720\.m2\repository\io\cucumber\docstring\7.11.0\docstring-7.11.0.jar;C:\Users\91720\.m2\repository\io\cucumber\html-formatter\20.2.1\html-formatter-20.2.1.jar;C:\Users\91720\.m2\repository\io\cucumber\junit-xml-formatter\0.1.0\junit-xml-formatter-0.1.0.jar;C:\Users\91720\.m2\repository\io\cucumber\ci-environment\9.1.0\ci-environment-9.1.0.jar;C:\Users\91720\.m2\repository\org\apiguardian\apiguardian-api\1.1.2\apiguardian-api-1.1.2.jar;C:\Users\91720\.m2\repository\io\cucumber\cucumber-junit-platform-engine\7.11.0\cucumber-junit-platform-engine-7.11.0.jar;C:\Users\91720\.m2\repository\org\junit\platform\junit-platform-engine\1.9.2\junit-platform-engine-1.9.2.jar;C:\Users\91720\.m2\repository\org\opentest4j\opentest4j\1.2.0\opentest4j-1.2.0.jar;C:\Users\91720\.m2\repository\org\junit\platform\junit-platform-commons\1.9.2\junit-platform-commons-1.9.2.jar;C:\Users\91720\.m2\repository\io\cucumber\cucumber-picocontainer\7.11.0\cucumber-picocontainer-7.11.0.jar;C:\Users\91720\.m2\repository\org\picocontainer\picocontainer\2.15\picocontainer-2.15.jar;C:\Users\91720\.m2\repository\org\junit\jupiter\junit-jupiter\5.9.2\junit-jupiter-5.9.2.jar;C:\Users\91720\.m2\repository\org\junit\jupiter\junit-jupiter-api\5.9.2\junit-jupiter-api-5.9.2.jar;C:\Users\91720\.m2\repository\org\junit\jupiter\junit-jupiter-params\5.9.2\junit-jupiter-params-5.9.2.jar;C:\Users\91720\.m2\repository\org\junit\jupiter\junit-jupiter-engine\5.9.2\junit-jupiter-engine-5.9.2.jar;C:\Users\91720\.m2\repository\org\junit\platform\junit-platform-suite\1.9.2\junit-platform-suite-1.9.2.jar;C:\Users\91720\.m2\repository\org\junit\platform\junit-platform-suite-api\1.9.2\junit-platform-suite-api-1.9.2.jar;C:\Users\91720\.m2\repository\org\junit\platform\junit-platform-suite-engine\1.9.2\junit-platform-suite-engine-1.9.2.jar;C:\Users\91720\.m2\repository\org\junit\platform\junit-platform-suite-commons\1.9.2\junit-platform-suite-commons-1.9.2.jar;C:\Users\91720\.m2\repository\org\junit\platform\junit-platform-launcher\1.9.2\junit-platform-launcher-1.9.2.jar;C:\Users\91720\.m2\repository\com\codeborne\selenide\6.12.3\selenide-6.12.3.jar;C:\Users\91720\.m2\repository\org\seleniumhq\selenium\selenium-java\4.8.1\selenium-java-4.8.1.jar;C:\Users\91720\.m2\repository\org\seleniumhq\selenium\selenium-api\4.8.1\selenium-api-4.8.1.jar;C:\Users\91720\.m2\repository\org\seleniumhq\selenium\selenium-chrome-driver\4.8.1\selenium-chrome-driver-4.8.1.jar;C:\Users\91720\.m2\repository\com\google\auto\service\auto-service-annotations\1.0.1\auto-service-annotations-1.0.1.jar;C:\Users\91720\.m2\repository\com\google\auto\service\auto-service\1.0.1\auto-service-1.0.1.jar;C:\Users\91720\.m2\repository\com\google\auto\auto-common\1.2\auto-common-1.2.jar;C:\Users\91720\.m2\repository\org\seleniumhq\selenium\selenium-chromium-driver\4.8.1\selenium-chromium-driver-4.8.1.jar;C:\Users\91720\.m2\repository\org\seleniumhq\selenium\selenium-json\4.8.1\selenium-json-4.8.1.jar;C:\Users\91720\.m2\repository\org\seleniumhq\selenium\selenium-devtools-v108\4.8.1\selenium-devtools-v108-4.8.1.jar;C:\Users\91720\.m2\repository\org\seleniumhq\selenium\selenium-devtools-v109\4.8.1\selenium-devtools-v109-4.8.1.jar;C:\Users\91720\.m2\repository\org\seleniumhq\selenium\selenium-devtools-v110\4.8.1\selenium-devtools-v110-4.8.1.jar;C:\Users\91720\.m2\repository\org\seleniumhq\selenium\selenium-devtools-v85\4.8.1\selenium-devtools-v85-4.8.1.jar;C:\Users\91720\.m2\repository\org\seleniumhq\selenium\selenium-edge-driver\4.8.1\selenium-edge-driver-4.8.1.jar;C:\Users\91720\.m2\repository\org\seleniumhq\selenium\selenium-firefox-driver\4.8.1\selenium-firefox-driver-4.8.1.jar;C:\Users\91720\.m2\repository\org\seleniumhq\selenium\selenium-http\4.8.1\selenium-http-4.8.1.jar;C:\Users\91720\.m2\repository\dev\failsafe\failsafe\3.3.0\failsafe-3.3.0.jar;C:\Users\91720\.m2\repository\org\seleniumhq\selenium\selenium-ie-driver\4.8.1\selenium-ie-driver-4.8.1.jar;C:\Users\91720\.m2\repository\org\seleniumhq\selenium\selenium-remote-driver\4.8.1\selenium-remote-driver-4.8.1.jar;C:\Users\91720\.m2\repository\com\beust\jcommander\1.82\jcommander-1.82.jar;C:\Users\91720\.m2\repository\io\netty\netty-buffer\4.1.87.Final\netty-buffer-4.1.87.Final.jar;C:\Users\91720\.m2\repository\io\netty\netty-codec-http\4.1.87.Final\netty-codec-http-4.1.87.Final.jar;C:\Users\91720\.m2\repository\io\netty\netty-codec\4.1.87.Final\netty-codec-4.1.87.Final.jar;C:\Users\91720\.m2\repository\io\netty\netty-handler\4.1.87.Final\netty-handler-4.1.87.Final.jar;C:\Users\91720\.m2\repository\io\netty\netty-common\4.1.87.Final\netty-common-4.1.87.Final.jar;C:\Users\91720\.m2\repository\io\netty\netty-transport-classes-epoll\4.1.87.Final\netty-transport-classes-epoll-4.1.87.Final.jar;C:\Users\91720\.m2\repository\io\netty\netty-transport-classes-kqueue\4.1.87.Final\netty-transport-classes-kqueue-4.1.87.Final.jar;C:\Users\91720\.m2\repository\io\netty\netty-transport-native-epoll\4.1.87.Final\netty-transport-native-epoll-4.1.87.Final.jar;C:\Users\91720\.m2\repository\io\netty\netty-transport-native-kqueue\4.1.87.Final\netty-transport-native-kqueue-4.1.87.Final.jar;C:\Users\91720\.m2\repository\io\netty\netty-transport-native-unix-common\4.1.87.Final\netty-transport-native-unix-common-4.1.87.Final.jar;C:\Users\91720\.m2\repository\io\netty\netty-transport\4.1.87.Final\netty-transport-4.1.87.Final.jar;C:\Users\91720\.m2\repository\io\netty\netty-resolver\4.1.87.Final\netty-resolver-4.1.87.Final.jar;C:\Users\91720\.m2\repository\io\opentelemetry\opentelemetry-api\1.22.0\opentelemetry-api-1.22.0.jar;C:\Users\91720\.m2\repository\io\opentelemetry\opentelemetry-context\1.22.0\opentelemetry-context-1.22.0.jar;C:\Users\91720\.m2\repository\io\opentelemetry\opentelemetry-exporter-logging\1.22.0\opentelemetry-exporter-logging-1.22.0.jar;C:\Users\91720\.m2\repository\io\opentelemetry\opentelemetry-sdk-metrics\1.22.0\opentelemetry-sdk-metrics-1.22.0.jar;C:\Users\91720\.m2\repository\io\opentelemetry\opentelemetry-sdk-logs\1.22.0-alpha\opentelemetry-sdk-logs-1.22.0-alpha.jar;C:\Users\91720\.m2\repository\io\opentelemetry\opentelemetry-api-logs\1.22.0-alpha\opentelemetry-api-logs-1.22.0-alpha.jar;C:\Users\91720\.m2\repository\io\opentelemetry\opentelemetry-sdk-common\1.22.0\opentelemetry-sdk-common-1.22.0.jar;C:\Users\91720\.m2\repository\io\opentelemetry\opentelemetry-sdk-extension-autoconfigure-spi\1.22.0\opentelemetry-sdk-extension-autoconfigure-spi-1.22.0.jar;C:\Users\91720\.m2\repository\io\opentelemetry\opentelemetry-sdk-extension-autoconfigure\1.22.0-alpha\opentelemetry-sdk-extension-autoconfigure-1.22.0-alpha.jar;C:\Users\91720\.m2\repository\io\opentelemetry\opentelemetry-sdk-trace\1.22.0\opentelemetry-sdk-trace-1.22.0.jar;C:\Users\91720\.m2\repository\io\opentelemetry\opentelemetry-sdk\1.22.0\opentelemetry-sdk-1.22.0.jar;C:\Users\91720\.m2\repository\io\opentelemetry\opentelemetry-semconv\1.22.0-alpha\opentelemetry-semconv-1.22.0-alpha.jar;C:\Users\91720\.m2\repository\io\ous\jtoml\2.0.0\jtoml-2.0.0.jar;C:\Users\91720\.m2\repository\net\bytebuddy\byte-buddy\1.12.22\byte-buddy-1.12.22.jar;C:\Users\91720\.m2\repository\org\apache\commons\commons-exec\1.3\commons-exec-1.3.jar;C:\Users\91720\.m2\repository\org\asynchttpclient\async-http-client\2.12.3\async-http-client-2.12.3.jar;C:\Users\91720\.m2\repository\org\asynchttpclient\async-http-client-netty-utils\2.12.3\async-http-client-netty-utils-2.12.3.jar;C:\Users\91720\.m2\repository\io\netty\netty-codec-socks\4.1.60.Final\netty-codec-socks-4.1.60.Final.jar;C:\Users\91720\.m2\repository\io\netty\netty-handler-proxy\4.1.60.Final\netty-handler-proxy-4.1.60.Final.jar;C:\Users\91720\.m2\repository\io\netty\netty-transport-native-epoll\4.1.60.Final\netty-transport-native-epoll-4.1.60.Final-linux-x86_64.jar;C:\Users\91720\.m2\repository\io\netty\netty-transport-native-kqueue\4.1.60.Final\netty-transport-native-kqueue-4.1.60.Final-osx-x86_64.jar;C:\Users\91720\.m2\repository\org\reactivestreams\reactive-streams\1.0.3\reactive-streams-1.0.3.jar;C:\Users\91720\.m2\repository\com\typesafe\netty\netty-reactive-streams\2.0.4\netty-reactive-streams-2.0.4.jar;C:\Users\91720\.m2\repository\com\sun\activation\jakarta.activation\1.2.2\jakarta.activation-1.2.2.jar;C:\Users\91720\.m2\repository\org\seleniumhq\selenium\selenium-manager\4.8.1\selenium-manager-4.8.1.jar;C:\Users\91720\.m2\repository\org\seleniumhq\selenium\selenium-safari-driver\4.8.1\selenium-safari-driver-4.8.1.jar;C:\Users\91720\.m2\repository\org\seleniumhq\selenium\selenium-support\4.8.1\selenium-support-4.8.1.jar;C:\Users\91720\.m2\repository\com\codeborne\selenide-core\6.12.3\selenide-core-6.12.3.jar;C:\Users\91720\.m2\repository\io\github\bonigarcia\webdrivermanager\5.3.2\webdrivermanager-5.3.2.jar;C:\Users\91720\.m2\repository\com\google\code\gson\gson\2.10.1\gson-2.10.1.jar;C:\Users\91720\.m2\repository\org\brotli\dec\0.1.2\dec-0.1.2.jar;C:\Users\91720\.m2\repository\org\apache\commons\commons-compress\1.22\commons-compress-1.22.jar;C:\Users\91720\.m2\repository\org\apache\httpcomponents\client5\httpclient5\5.2.1\httpclient5-5.2.1.jar;C:\Users\91720\.m2\repository\org\apache\httpcomponents\core5\httpcore5\5.2\httpcore5-5.2.jar;C:\Users\91720\.m2\repository\org\apache\httpcomponents\core5\httpcore5-h2\5.2\httpcore5-h2-5.2.jar;C:\Users\91720\.m2\repository\com\google\guava\guava\31.1-jre\guava-31.1-jre.jar;C:\Users\91720\.m2\repository\com\google\guava\failureaccess\1.0.1\failureaccess-1.0.1.jar;C:\Users\91720\.m2\repository\com\google\guava\listenablefuture\9999.0-empty-to-avoid-conflict-with-guava\listenablefuture-9999.0-empty-to-avoid-conflict-with-guava.jar;C:\Users\91720\.m2\repository\com\google\code\findbugs\jsr305\3.0.2\jsr305-3.0.2.jar;C:\Users\91720\.m2\repository\org\checkerframework\checker-qual\3.12.0\checker-qual-3.12.0.jar;C:\Users\91720\.m2\repository\com\google\errorprone\error_prone_annotations\2.11.0\error_prone_annotations-2.11.0.jar;C:\Users\91720\.m2\repository\com\google\j2objc\j2objc-annotations\1.3\j2objc-annotations-1.3.jar;C:\Users\91720\.m2\repository\org\apache\commons\commons-lang3\3.12.0\commons-lang3-3.12.0.jar;C:\Users\91720\.m2\repository\commons-io\commons-io\2.11.0\commons-io-2.11.0.jar;C:\Users\91720\.m2\repository\org\slf4j\slf4j-api\2.0.6\slf4j-api-2.0.6.jar;C:\Users\91720\.m2\repository\ch\qos\logback\logback-classic\1.4.5\logback-classic-1.4.5.jar;C:\Users\91720\.m2\repository\ch\qos\logback\logback-core\1.4.5\logback-core-1.4.5.jar;"/>
    <property name="sun.cpu.endian" value="little"/>
    <property name="user.home" value="C:\Users\91720"/>
    <property name="user.language" value="en"/>
    <property name="java.specification.vendor" value="Oracle Corporation"/>
    <property name="java.version.date" value="2023-10-17"/>
    <property name="java.home" value="C:\Program Files\Java\jdk-17"/>
    <property name="version" value="latest"/>
    <property name="file.separator" value="\"/>
    <property name="basedir" value="D:\CucumberJunitParallel"/>
    <property name="java.vm.compressedOopsMode" value="Zero based"/>
    <property name="line.separator" value="&#10;"/>
    <property name="java.vm.specification.vendor" value="Oracle Corporation"/>
    <property name="java.specification.name" value="Java Platform API Specification"/>
    <property name="surefire.real.class.path" value="C:\Users\91720\AppData\Local\Temp\surefire12561634567469811306\surefirebooter-20250516233717277_3.jar"/>
    <property name="user.script" value=""/>
    <property name="sun.management.compiler" value="HotSpot 64-Bit Tiered Compilers"/>
    <property name="cucumber.plugin" value="pretty, html:build/reports/tests/report-2025-05-16-18-07-14.html, rerun:target/failedrerun.txt"/>
    <property name="java.runtime.version" value="17.0.9+11-LTS-201"/>
    <property name="user.name" value="91720"/>
    <property name="build.name" value="Cucumber-JUnit5-Selenide-Parallel"/>
    <property name="path.separator" value=";"/>
    <property name="selenide.screenshots" value="false"/>
    <property name="platform" value="Windows 10"/>
    <property name="otel.metrics.exporter" value="none"/>
    <property name="os.version" value="10.0"/>
    <property name="java.runtime.name" value="Java(TM) SE Runtime Environment"/>
    <property name="otel.traces.exporter" value="none"/>
    <property name="file.encoding" value="Cp1252"/>
    <property name="browser" value="chrome"/>
    <property name="java.vm.name" value="Java HotSpot(TM) 64-Bit Server VM"/>
    <property name="localRepository" value="C:\Users\91720\.m2\repository"/>
    <property name="java.vendor.url.bug" value="https://bugreport.java.com/bugreport/"/>
    <property name="java.io.tmpdir" value="C:\Users\91720\AppData\Local\Temp\"/>
    <property name="java.version" value="17.0.9"/>
    <property name="cucumber.filter.tags" value="@chrome1"/>
    <property name="user.dir" value="D:\CucumberJunitParallel"/>
    <property name="os.arch" value="amd64"/>
    <property name="java.vm.specification.name" value="Java Virtual Machine Specification"/>
    <property name="sun.os.patch.level" value=""/>
    <property name="native.encoding" value="Cp1252"/>
    <property name="java.library.path" value="C:\Program Files\Java\jdk-17\bin;C:\WINDOWS\Sun\Java\bin;C:\WINDOWS\system32;C:\WINDOWS;C:\Program Files\Common Files\Oracle\Java\javapath;C:\Program Files\Microsoft\jdk-17.0.9.8-hotspot\bin;C:\WINDOWS\system32;C:\WINDOWS;C:\WINDOWS\System32\Wbem;C:\WINDOWS\System32\WindowsPowerShell\v1.0\;C:\WINDOWS\System32\OpenSSH\;C:\Program Files\dotnet\;C:\Program Files\apache-maven-3.9.5\bin;C:\Program Files\Java\jdk-17.0.9+8-debug-symbols\bin;C:\Program Files\Git\cmd;C:\Program Files\Docker\Docker\resources\bin;C:\Program Files\nodejs\;C:\Program Files (x86)\Microsoft SQL Server\160\Tools\Binn\;C:\Program Files\Microsoft SQL Server\160\Tools\Binn\;C:\Program Files\Microsoft SQL Server\Client SDK\ODBC\170\Tools\Binn\;C:\Program Files\Microsoft SQL Server\160\DTS\Binn\;C:\Program Files (x86)\Microsoft SQL Server\160\DTS\Binn\;C:\Users\91720\AppData\Local\Microsoft\WindowsApps;C:\Program Files\Java\jdk-17;C:\Users\91720\AppData\Local\Programs\Microsoft VS Code\bin;C:\Users\91720\AppData\Roaming\npm;C:\Program Files\MongoDB\Server\7.0\bin;C:\Program Files\MongoDB\mongosh-2.2.4-win32-x64\bin;;."/>
    <property name="java.vm.info" value="mixed mode, sharing"/>
    <property name="java.vendor" value="Oracle Corporation"/>
    <property name="java.vm.version" value="17.0.9+11-LTS-201"/>
    <property name="sun.io.unicode.encoding" value="UnicodeLittle"/>
    <property name="java.class.version" value="61.0"/>
  </properties>
  <testcase name="Search for Cucumber" classname="Google Search Functionality" time="0">
    <skipped message="&apos;cucumber.filter.tags=@chrome1&apos; did not match this scenario"/>
  </testcase>
  <testcase name="Search for Cucumber" classname="Google Search Functionality" time="0">
    <skipped message="&apos;cucumber.filter.tags=@chrome1&apos; did not match this scenario"/>
  </testcase>
  <testcase name="Search for LambdaTest" classname="Google Search Functionality" time="0">
    <skipped message="&apos;cucumber.filter.tags=@chrome1&apos; did not match this scenario"/>
  </testcase>
  <testcase name="Search for Selenide" classname="Google Search Functionality" time="20.201">
    <failure message="Element not found {By.xpath: //textArea[@aria-label=&apos;Searh&apos;]}&#10;Expected: editable&#10;Timeout: 10 s.&#10;Caused by: NoSuchElementException: no such element: Unable to locate element: {&quot;method&quot;:&quot;xpath&quot;,&quot;selector&quot;:&quot;//textArea[@aria-label=&apos;Searh&apos;]&quot;}" type="Element not found {By.xpath"><![CDATA[Element not found {By.xpath: //textArea[@aria-label='Searh']}
Expected: editable
Timeout: 10 s.
Caused by: NoSuchElementException: no such element: Unable to locate element: {"method":"xpath","selector":"//textArea[@aria-label='Searh']"}
	at com.codeborne.selenide.impl.WebElementSource.createElementNotFoundError(WebElementSource.java:88)
	at com.codeborne.selenide.impl.ElementFinder.createElementNotFoundError(ElementFinder.java:142)
	at com.codeborne.selenide.impl.WebElementSource.handleError(WebElementSource.java:140)
	at com.codeborne.selenide.impl.WebElementSource.checkConditionAndReturnElement(WebElementSource.java:124)
	at com.codeborne.selenide.impl.WebElementSource.findAndAssertElementIsEditable(WebElementSource.java:169)
	at com.codeborne.selenide.commands.SetValue.setValueForTextInput(SetValue.java:58)
	at com.codeborne.selenide.commands.SetValue.execute(SetValue.java:43)
	at com.codeborne.selenide.commands.SetValue.execute(SetValue.java:25)
	at com.codeborne.selenide.commands.Commands.execute(Commands.java:159)
	at com.codeborne.selenide.impl.SelenideElementProxy.dispatchAndRetry(SelenideElementProxy.java:132)
	at com.codeborne.selenide.impl.SelenideElementProxy.invoke(SelenideElementProxy.java:84)
	at jdk.proxy2/jdk.proxy2.$Proxy24.setValue(Unknown Source)
	at com.example.pages.GooglePage.searchFor(GooglePage.java:21)
	at com.example.stepdefs.GoogleSearchSteps.i_search_for(GoogleSearchSteps.java:21)
	at âœ½.I search for "Selenide testing framework"(classpath:features/google_search.feature:13)
Caused by: org.openqa.selenium.NoSuchElementException: no such element: Unable to locate element: {"method":"xpath","selector":"//textArea[@aria-label='Searh']"}
  (Session info: chrome=136.0.7103.114)
For documentation on this error, please visit: https://selenium.dev/exceptions/#no_such_element
Build info: version: '4.8.1', revision: '8ebccac989'
System info: os.name: 'Windows 11', os.arch: 'amd64', os.version: '10.0', java.version: '17.0.9'
Driver info: org.openqa.selenium.remote.RemoteWebDriver
Command: [a3743821acdb447122c835bf989708fa, findElement {using=xpath, value=//textArea[@aria-label='Searh']}]
Capabilities {acceptInsecureCerts: false, browserName: chrome, browserVersion: 136.0.7103.114, chrome: {chromedriverVersion: 136.0.7103.114 (cedfcc36d43..., userDataDir: C:\Program Files (x86)\scop...}, fedcm:accounts: true, goog:chromeOptions: {debuggerAddress: localhost:9225}, networkConnectionEnabled: false, pageLoadStrategy: normal, platformName: WINDOWS, proxy: Proxy(), setWindowRect: true, strictFileInteractability: false, timeouts: {implicit: 0, pageLoad: 300000, script: 30000}, unhandledPromptBehavior: dismiss and notify, webauthn:extension:credBlob: true, webauthn:extension:largeBlob: true, webauthn:extension:minPinLength: true, webauthn:extension:prf: true, webauthn:virtualAuthenticators: true}
Session ID: a3743821acdb447122c835bf989708fa
	at jdk.internal.reflect.GeneratedConstructorAccessor12.newInstance(Unknown Source)
	at java.base/jdk.internal.reflect.DelegatingConstructorAccessorImpl.newInstance(DelegatingConstructorAccessorImpl.java:45)
	at java.base/java.lang.reflect.Constructor.newInstanceWithCaller(Constructor.java:499)
	at java.base/java.lang.reflect.Constructor.newInstance(Constructor.java:480)
	at org.openqa.selenium.remote.codec.w3c.W3CHttpResponseCodec.createException(W3CHttpResponseCodec.java:200)
	at org.openqa.selenium.remote.codec.w3c.W3CHttpResponseCodec.decode(W3CHttpResponseCodec.java:133)
	at org.openqa.selenium.remote.codec.w3c.W3CHttpResponseCodec.decode(W3CHttpResponseCodec.java:53)
	at org.openqa.selenium.remote.HttpCommandExecutor.execute(HttpCommandExecutor.java:184)
	at org.openqa.selenium.remote.TracedCommandExecutor.execute(TracedCommandExecutor.java:51)
	at org.openqa.selenium.remote.RemoteWebDriver.execute(RemoteWebDriver.java:543)
	at org.openqa.selenium.remote.ElementLocation$ElementFinder$2.findElement(ElementLocation.java:162)
	at org.openqa.selenium.remote.ElementLocation.findElement(ElementLocation.java:60)
	at org.openqa.selenium.remote.RemoteWebDriver.findElement(RemoteWebDriver.java:352)
	at org.openqa.selenium.remote.RemoteWebDriver.findElement(RemoteWebDriver.java:344)
	at com.codeborne.selenide.impl.WebElementSelector.findElement(WebElementSelector.java:70)
	at com.codeborne.selenide.impl.WebElementSelector.findElement(WebElementSelector.java:44)
	at com.codeborne.selenide.impl.WebElementSelector.findElement(WebElementSelector.java:33)
	at com.codeborne.selenide.impl.ElementFinder.getWebElement(ElementFinder.java:122)
	at com.codeborne.selenide.impl.WebElementSource.checkConditionAndReturnElement(WebElementSource.java:113)
	at com.codeborne.selenide.impl.WebElementSource.findAndAssertElementIsEditable(WebElementSource.java:169)
	at com.codeborne.selenide.commands.SetValue.setValueForTextInput(SetValue.java:58)
	at com.codeborne.selenide.commands.SetValue.execute(SetValue.java:43)
	at com.codeborne.selenide.commands.SetValue.execute(SetValue.java:25)
	at com.codeborne.selenide.commands.Commands.execute(Commands.java:159)
	at com.codeborne.selenide.impl.SelenideElementProxy.dispatchAndRetry(SelenideElementProxy.java:132)
	at com.codeborne.selenide.impl.SelenideElementProxy.invoke(SelenideElementProxy.java:84)
	at jdk.proxy2/jdk.proxy2.$Proxy24.setValue(Unknown Source)
	at com.example.pages.GooglePage.searchFor(GooglePage.java:21)
	at com.example.stepdefs.GoogleSearchSteps.i_search_for(GoogleSearchSteps.java:21)
	at java.base/jdk.internal.reflect.NativeMethodAccessorImpl.invoke0(Native Method)
	at java.base/jdk.internal.reflect.NativeMethodAccessorImpl.invoke(NativeMethodAccessorImpl.java:77)
	at java.base/jdk.internal.reflect.DelegatingMethodAccessorImpl.invoke(DelegatingMethodAccessorImpl.java:43)
	at java.base/java.lang.reflect.Method.invoke(Method.java:568)
	at io.cucumber.java.Invoker.doInvoke(Invoker.java:66)
	at io.cucumber.java.Invoker.invoke(Invoker.java:24)
	at io.cucumber.java.AbstractGlueDefinition.invokeMethod(AbstractGlueDefinition.java:47)
	at io.cucumber.java.JavaStepDefinition.execute(JavaStepDefinition.java:29)
	at io.cucumber.core.runner.CoreStepDefinition.execute(CoreStepDefinition.java:66)
	at io.cucumber.core.runner.PickleStepDefinitionMatch.runStep(PickleStepDefinitionMatch.java:63)
	at io.cucumber.core.runner.ExecutionMode$1.execute(ExecutionMode.java:10)
	at io.cucumber.core.runner.TestStep.executeStep(TestStep.java:84)
	at io.cucumber.core.runner.TestStep.run(TestStep.java:56)
	at io.cucumber.core.runner.PickleStepTestStep.run(PickleStepTestStep.java:51)
	at io.cucumber.core.runner.TestCase.run(TestCase.java:84)
	at io.cucumber.core.runner.Runner.runPickle(Runner.java:75)
	at io.cucumber.junit.platform.engine.CucumberEngineExecutionContext.lambda$runTestCase$4(CucumberEngineExecutionContext.java:112)
	at io.cucumber.core.runtime.CucumberExecutionContext.lambda$runTestCase$5(CucumberExecutionContext.java:130)
	at io.cucumber.core.runtime.RethrowingThrowableCollector.executeAndThrow(RethrowingThrowableCollector.java:23)
	at io.cucumber.core.runtime.CucumberExecutionContext.runTestCase(CucumberExecutionContext.java:130)
	at io.cucumber.junit.platform.engine.CucumberEngineExecutionContext.runTestCase(CucumberEngineExecutionContext.java:109)
	at io.cucumber.junit.platform.engine.NodeDescriptor$PickleDescriptor.execute(NodeDescriptor.java:164)
	at io.cucumber.junit.platform.engine.NodeDescriptor$PickleDescriptor.execute(NodeDescriptor.java:90)
	at org.junit.platform.engine.support.hierarchical.NodeTestTask.lambda$executeRecursively$6(NodeTestTask.java:151)
	at org.junit.platform.engine.support.hierarchical.ThrowableCollector.execute(ThrowableCollector.java:73)
	at org.junit.platform.engine.support.hierarchical.NodeTestTask.lambda$executeRecursively$8(NodeTestTask.java:141)
	at org.junit.platform.engine.support.hierarchical.Node.around(Node.java:137)
	at org.junit.platform.engine.support.hierarchical.NodeTestTask.lambda$executeRecursively$9(NodeTestTask.java:139)
	at org.junit.platform.engine.support.hierarchical.ThrowableCollector.execute(ThrowableCollector.java:73)
	at org.junit.platform.engine.support.hierarchical.NodeTestTask.executeRecursively(NodeTestTask.java:138)
	at org.junit.platform.engine.support.hierarchical.NodeTestTask.execute(NodeTestTask.java:95)
	at org.junit.platform.engine.support.hierarchical.ForkJoinPoolHierarchicalTestExecutorService$ExclusiveTask.compute(ForkJoinPoolHierarchicalTestExecutorService.java:202)
	at java.base/java.util.concurrent.RecursiveAction.exec(RecursiveAction.java:194)
	at java.base/java.util.concurrent.ForkJoinTask.doExec(ForkJoinTask.java:373)
	at java.base/java.util.concurrent.ForkJoinPool$WorkQueue.topLevelExec(ForkJoinPool.java:1182)
	at java.base/java.util.concurrent.ForkJoinPool.scan(ForkJoinPool.java:1655)
	at java.base/java.util.concurrent.ForkJoinPool.runWorker(ForkJoinPool.java:1622)
	at java.base/java.util.concurrent.ForkJoinWorkerThread.run(ForkJoinWorkerThread.java:165)
]]></failure>
    <system-out><![CDATA[
@chrome1
Scenario: Search for Selenide                    &amp#27;[90m# features/google_search.feature:11&amp#27;[0m
Starting scenario: Search for Selenide on thread 21
Initialized thread pool with 2 concurrent sessions
Thread acquired: 21 (Available permits: 1)
23:37:18.416 [ForkJoinPool-2-worker-2] DEBUG io.netty.util.internal.logging.InternalLoggerFactory - Using SLF4J as the default logging framework
23:37:18.420 [ForkJoinPool-2-worker-2] DEBUG io.netty.util.ResourceLeakDetector - -Dio.netty.leakDetection.level: simple
23:37:18.421 [ForkJoinPool-2-worker-2] DEBUG io.netty.util.ResourceLeakDetector - -Dio.netty.leakDetection.targetRecords: 4
23:37:18.424 [ForkJoinPool-2-worker-2] DEBUG io.netty.util.ResourceLeakDetectorFactory - Loaded default ResourceLeakDetector: io.netty.util.ResourceLeakDetector@74a8bd89
23:37:18.435 [ForkJoinPool-2-worker-2] DEBUG io.netty.util.internal.PlatformDependent0 - -Dio.netty.noUnsafe: false
23:37:18.435 [ForkJoinPool-2-worker-2] DEBUG io.netty.util.internal.PlatformDependent0 - Java version: 17
23:37:18.436 [ForkJoinPool-2-worker-2] DEBUG io.netty.util.internal.PlatformDependent0 - sun.misc.Unsafe.theUnsafe: available
23:37:18.436 [ForkJoinPool-2-worker-2] DEBUG io.netty.util.internal.PlatformDependent0 - sun.misc.Unsafe.copyMemory: available
23:37:18.437 [ForkJoinPool-2-worker-2] DEBUG io.netty.util.internal.PlatformDependent0 - sun.misc.Unsafe.storeFence: available
23:37:18.437 [ForkJoinPool-2-worker-2] DEBUG io.netty.util.internal.PlatformDependent0 - java.nio.Buffer.address: available
23:37:18.437 [ForkJoinPool-2-worker-2] DEBUG io.netty.util.internal.PlatformDependent0 - direct buffer constructor: unavailable: Reflective setAccessible(true) disabled
23:37:18.438 [ForkJoinPool-2-worker-2] DEBUG io.netty.util.internal.PlatformDependent0 - java.nio.Bits.unaligned: available, true
23:37:18.438 [ForkJoinPool-2-worker-2] DEBUG io.netty.util.internal.PlatformDependent0 - jdk.internal.misc.Unsafe.allocateUninitializedArray(int): unavailable: class io.netty.util.internal.PlatformDependent0$7 cannot access class jdk.internal.misc.Unsafe (in module java.base) because module java.base does not export jdk.internal.misc to unnamed module @10b48321
23:37:18.439 [ForkJoinPool-2-worker-2] DEBUG io.netty.util.internal.PlatformDependent0 - java.nio.DirectByteBuffer.<init>(long, int): unavailable
23:37:18.439 [ForkJoinPool-2-worker-2] DEBUG io.netty.util.internal.PlatformDependent - sun.misc.Unsafe: available
23:37:18.440 [ForkJoinPool-2-worker-2] DEBUG io.netty.util.internal.PlatformDependent - maxDirectMemory: 4225761280 bytes (maybe)
23:37:18.440 [ForkJoinPool-2-worker-2] DEBUG io.netty.util.internal.PlatformDependent - -Dio.netty.tmpdir: C:\Users\91720\AppData\Local\Temp (java.io.tmpdir)
23:37:18.440 [ForkJoinPool-2-worker-2] DEBUG io.netty.util.internal.PlatformDependent - -Dio.netty.bitMode: 64 (sun.arch.data.model)
23:37:18.440 [ForkJoinPool-2-worker-2] DEBUG io.netty.util.internal.PlatformDependent - Platform: Windows
23:37:18.441 [ForkJoinPool-2-worker-2] DEBUG io.netty.util.internal.PlatformDependent - -Dio.netty.maxDirectMemory: -1 bytes
23:37:18.441 [ForkJoinPool-2-worker-2] DEBUG io.netty.util.internal.PlatformDependent - -Dio.netty.uninitializedArrayAllocationThreshold: -1
23:37:18.441 [ForkJoinPool-2-worker-2] DEBUG io.netty.util.internal.CleanerJava9 - java.nio.ByteBuffer.cleaner(): available
23:37:18.441 [ForkJoinPool-2-worker-2] DEBUG io.netty.util.internal.PlatformDependent - -Dio.netty.noPreferDirect: false
23:37:18.446 [ForkJoinPool-2-worker-2] DEBUG io.netty.util.internal.PlatformDependent - org.jctools-core.MpscChunkedArrayQueue: available
23:37:18.458 [ForkJoinPool-2-worker-2] DEBUG io.netty.util.internal.InternalThreadLocalMap - -Dio.netty.threadLocalMap.stringBuilder.initialSize: 1024
23:37:18.459 [ForkJoinPool-2-worker-2] DEBUG io.netty.util.internal.InternalThreadLocalMap - -Dio.netty.threadLocalMap.stringBuilder.maxSize: 4096
23:37:18.597 [ForkJoinPool-2-worker-2] DEBUG io.netty.handler.ssl.JdkSslContext - Default protocols (JDK): [TLSv1.3, TLSv1.2] 
23:37:18.597 [ForkJoinPool-2-worker-2] DEBUG io.netty.handler.ssl.JdkSslContext - Default cipher suites (JDK): [TLS_ECDHE_ECDSA_WITH_AES_256_GCM_SHA384, TLS_ECDHE_ECDSA_WITH_AES_128_GCM_SHA256, TLS_ECDHE_RSA_WITH_AES_128_GCM_SHA256, TLS_ECDHE_RSA_WITH_AES_256_GCM_SHA384, TLS_ECDHE_RSA_WITH_AES_128_CBC_SHA, TLS_ECDHE_RSA_WITH_AES_256_CBC_SHA, TLS_RSA_WITH_AES_128_GCM_SHA256, TLS_RSA_WITH_AES_128_CBC_SHA, TLS_RSA_WITH_AES_256_CBC_SHA, TLS_AES_128_GCM_SHA256, TLS_AES_256_GCM_SHA384]
23:37:18.622 [ForkJoinPool-2-worker-2] DEBUG io.netty.channel.MultithreadEventLoopGroup - -Dio.netty.eventLoopThreads: 16
23:37:18.631 [ForkJoinPool-2-worker-2] DEBUG io.netty.channel.nio.NioEventLoop - -Dio.netty.noKeySetOptimization: false
23:37:18.632 [ForkJoinPool-2-worker-2] DEBUG io.netty.channel.nio.NioEventLoop - -Dio.netty.selectorAutoRebuildThreshold: 512
23:37:18.664 [ForkJoinPool-2-worker-2] DEBUG io.netty.buffer.PooledByteBufAllocator - -Dio.netty.allocator.numHeapArenas: 16
23:37:18.664 [ForkJoinPool-2-worker-2] DEBUG io.netty.buffer.PooledByteBufAllocator - -Dio.netty.allocator.numDirectArenas: 16
23:37:18.664 [ForkJoinPool-2-worker-2] DEBUG io.netty.buffer.PooledByteBufAllocator - -Dio.netty.allocator.pageSize: 8192
23:37:18.664 [ForkJoinPool-2-worker-2] DEBUG io.netty.buffer.PooledByteBufAllocator - -Dio.netty.allocator.maxOrder: 9
23:37:18.664 [ForkJoinPool-2-worker-2] DEBUG io.netty.buffer.PooledByteBufAllocator - -Dio.netty.allocator.chunkSize: 4194304
23:37:18.664 [ForkJoinPool-2-worker-2] DEBUG io.netty.buffer.PooledByteBufAllocator - -Dio.netty.allocator.smallCacheSize: 256
23:37:18.664 [ForkJoinPool-2-worker-2] DEBUG io.netty.buffer.PooledByteBufAllocator - -Dio.netty.allocator.normalCacheSize: 64
23:37:18.664 [ForkJoinPool-2-worker-2] DEBUG io.netty.buffer.PooledByteBufAllocator - -Dio.netty.allocator.maxCachedBufferCapacity: 32768
23:37:18.664 [ForkJoinPool-2-worker-2] DEBUG io.netty.buffer.PooledByteBufAllocator - -Dio.netty.allocator.cacheTrimInterval: 8192
23:37:18.664 [ForkJoinPool-2-worker-2] DEBUG io.netty.buffer.PooledByteBufAllocator - -Dio.netty.allocator.cacheTrimIntervalMillis: 0
23:37:18.664 [ForkJoinPool-2-worker-2] DEBUG io.netty.buffer.PooledByteBufAllocator - -Dio.netty.allocator.useCacheForAllThreads: false
23:37:18.664 [ForkJoinPool-2-worker-2] DEBUG io.netty.buffer.PooledByteBufAllocator - -Dio.netty.allocator.maxCachedByteBuffersPerChunk: 1023
23:37:18.671 [ForkJoinPool-2-worker-2] DEBUG io.netty.buffer.ByteBufUtil - -Dio.netty.allocator.type: pooled
23:37:18.671 [ForkJoinPool-2-worker-2] DEBUG io.netty.buffer.ByteBufUtil - -Dio.netty.threadLocalDirectBufferSize: 0
23:37:18.671 [ForkJoinPool-2-worker-2] DEBUG io.netty.buffer.ByteBufUtil - -Dio.netty.maxThreadLocalCharBufferSize: 16384
23:37:18.835 [Forwarding newSession on session null to remote] DEBUG io.netty.channel.DefaultChannelId - -Dio.netty.processId: 3768 (auto-detected)
23:37:18.837 [Forwarding newSession on session null to remote] DEBUG io.netty.util.NetUtil - -Djava.net.preferIPv4Stack: false
23:37:18.837 [Forwarding newSession on session null to remote] DEBUG io.netty.util.NetUtil - -Djava.net.preferIPv6Addresses: false
23:37:18.846 [Forwarding newSession on session null to remote] DEBUG io.netty.util.NetUtilInitializations - Loopback interface: lo (Software Loopback Interface 1, 127.0.0.1)
23:37:18.847 [Forwarding newSession on session null to remote] DEBUG io.netty.util.NetUtil - Failed to get SOMAXCONN from sysctl and file \proc\sys\net\core\somaxconn. Default: 200
23:37:18.863 [Forwarding newSession on session null to remote] DEBUG io.netty.channel.DefaultChannelId - -Dio.netty.machineId: c8:94:02:ff:fe:10:6a:d7 (auto-detected)
23:37:18.895 [AsyncHttpClient-1-2] DEBUG io.netty.buffer.AbstractByteBuf - -Dio.netty.buffer.checkAccessible: true
23:37:18.896 [AsyncHttpClient-1-2] DEBUG io.netty.buffer.AbstractByteBuf - -Dio.netty.buffer.checkBounds: true
23:37:18.896 [AsyncHttpClient-1-2] DEBUG io.netty.util.ResourceLeakDetectorFactory - Loaded default ResourceLeakDetector: io.netty.util.ResourceLeakDetector@1b488bb
23:37:18.966 [AsyncHttpClient-1-2] DEBUG io.netty.util.Recycler - -Dio.netty.recycler.maxCapacityPerThread: 4096
23:37:18.966 [AsyncHttpClient-1-2] DEBUG io.netty.util.Recycler - -Dio.netty.recycler.ratio: 8
23:37:18.966 [AsyncHttpClient-1-2] DEBUG io.netty.util.Recycler - -Dio.netty.recycler.chunkSize: 32
23:37:18.966 [AsyncHttpClient-1-2] DEBUG io.netty.util.Recycler - -Dio.netty.recycler.blocking: false
23:37:19.014 [AsyncHttpClient-1-2] DEBUG io.netty.handler.ssl.util.InsecureTrustManagerFactory - Accepting a server certificate: CN=lambdatest.com
23:37:19.063 [AsyncHttpClient-1-2] DEBUG org.asynchttpclient.netty.channel.NettyConnectListener - Using new Channel '[id: 0xc1ae6e26, L:/192.168.0.149:55836 - R:hub.lambdatest.com/65.0.196.161:443]' for 'POST' to '/wd/hub/session'
23:37:19.083 [AsyncHttpClient-1-2] DEBUG io.netty.handler.ssl.SslHandler - [id: 0xc1ae6e26, L:/192.168.0.149:55836 - R:hub.lambdatest.com/65.0.196.161:443] HANDSHAKEN: protocol:TLSv1.2 cipher suite:TLS_ECDHE_RSA_WITH_AES_128_GCM_SHA256
23:37:25.310 [AsyncHttpClient-1-2] DEBUG io.netty.handler.codec.compression.Brotli - brotli4j not in the classpath; Brotli support will be unavailable.
23:37:25.311 [AsyncHttpClient-1-2] DEBUG org.asynchttpclient.netty.handler.HttpHandler - 

Request DefaultHttpRequest(decodeResult: success, version: HTTP/1.1)
POST /wd/hub/session HTTP/1.1
User-Agent: selenium/4.8.1 (java windows)
traceparent: 00-b573a1c3758b66d04d8fb1c776b2703c-de5ac362f4e14655-01
Content-Length: 382
Content-Type: application/json; charset=utf-8
host: hub.lambdatest.com
authorization: Basic YWtoaWwyMDQ5NTpMVF9wVzUzajJBdTNJN08wUWtWd0VLZUdMR0tSbHN5SnBaN1FiRDZSQ1laemwyRFRKQw==
accept: */*

Response DefaultHttpResponse(decodeResult: success, version: HTTP/1.1)
HTTP/1.1 200 OK
Date: Fri, 16 May 2025 18:07:24 GMT
Content-Type: application/json
Content-Length: 868
Connection: keep-alive
Vary: Accept-Encoding

23:37:25.318 [AsyncHttpClient-1-2] DEBUG org.asynchttpclient.netty.channel.ChannelManager - Adding key: https://hub.lambdatest.com:443 for channel [id: 0xc1ae6e26, L:/192.168.0.149:55836 - R:hub.lambdatest.com/65.0.196.161:443]
23:37:25.373 [ForkJoinPool-2-worker-2] DEBUG com.codeborne.selenide.impl.Plugins - Using default implementation of com.codeborne.selenide.impl.Photographer: com.codeborne.selenide.impl.WebdriverPhotographer
23:37:25.374 [ForkJoinPool-2-worker-2] DEBUG com.codeborne.selenide.impl.Plugins - Using default implementation of com.codeborne.selenide.impl.PageSourceExtractor: com.codeborne.selenide.impl.WebPageSourceExtractor
23:37:25.376 [ForkJoinPool-2-worker-2] DEBUG com.codeborne.selenide.impl.Plugins - Using default implementation of com.codeborne.selenide.impl.PageObjectFactory: com.codeborne.selenide.impl.SelenidePageFactory
23:37:25.379 [ForkJoinPool-2-worker-2] DEBUG com.codeborne.selenide.PropertiesReader - Reading settings from file:/D:/CucumberJunitParallel/target/test-classes/selenide.properties
23:37:25.380 [ForkJoinPool-2-worker-2] DEBUG com.codeborne.selenide.impl.CiReportUrl - Variable selenide.reportsUrl not found
23:37:25.386 [ForkJoinPool-2-worker-2] DEBUG com.codeborne.selenide.impl.Plugins - Using default implementation of com.codeborne.selenide.impl.WebElementSelector: com.codeborne.selenide.impl.WebElementSelector
23:37:25.388 [ForkJoinPool-2-worker-2] DEBUG com.codeborne.selenide.impl.Plugins - Using default implementation of com.codeborne.selenide.impl.ElementDescriber: com.codeborne.selenide.impl.SelenideElementDescriber
23:37:25.408 [Forwarding getTitle on session a3743821acdb447122c835bf989708fa to remote] DEBUG org.asynchttpclient.netty.request.NettyRequestSender - Using pooled Channel '[id: 0xc1ae6e26, L:/192.168.0.149:55836 - R:hub.lambdatest.com/65.0.196.161:443]' for 'GET' to 'https://akhil20495:LT_pW53j2Au3I7O0QkVwEKeGLGKRlsyJpZ7QbD6RCYZzl2DTJC@hub.lambdatest.com/wd/hub/session/a3743821acdb447122c835bf989708fa/title'
23:37:25.408 [Forwarding getTitle on session a3743821acdb447122c835bf989708fa to remote] DEBUG org.asynchttpclient.netty.request.NettyRequestSender - Using open Channel [id: 0xc1ae6e26, L:/192.168.0.149:55836 - R:hub.lambdatest.com/65.0.196.161:443] for GET '/wd/hub/session/a3743821acdb447122c835bf989708fa/title'
23:37:25.472 [AsyncHttpClient-1-2] DEBUG org.asynchttpclient.netty.handler.HttpHandler - 

Request DefaultFullHttpRequest(decodeResult: success, version: HTTP/1.1, content: EmptyByteBufBE)
GET /wd/hub/session/a3743821acdb447122c835bf989708fa/title HTTP/1.1
User-Agent: selenium/4.8.1 (java windows)
Cache-Control: no-cache
traceparent: 00-95b34aded8a576fbff8d56b2f3ec5727-dd73000f5bc2ccc1-01
Content-Type: application/json; charset=utf-8
host: hub.lambdatest.com
authorization: Basic YWtoaWwyMDQ5NTpMVF9wVzUzajJBdTNJN08wUWtWd0VLZUdMR0tSbHN5SnBaN1FiRDZSQ1laemwyRFRKQw==
accept: */*

Response DefaultHttpResponse(decodeResult: success, version: HTTP/1.1)
HTTP/1.1 200 OK
Date: Fri, 16 May 2025 18:07:24 GMT
Content-Type: application/json
Content-Length: 12
Connection: keep-alive

23:37:25.472 [AsyncHttpClient-1-2] DEBUG org.asynchttpclient.netty.channel.ChannelManager - Adding key: https://hub.lambdatest.com:443 for channel [id: 0xc1ae6e26, L:/192.168.0.149:55836 - R:hub.lambdatest.com/65.0.196.161:443]
23:37:25.477 [Forwarding get on session a3743821acdb447122c835bf989708fa to remote] DEBUG org.asynchttpclient.netty.request.NettyRequestSender - Using pooled Channel '[id: 0xc1ae6e26, L:/192.168.0.149:55836 - R:hub.lambdatest.com/65.0.196.161:443]' for 'POST' to 'https://akhil20495:LT_pW53j2Au3I7O0QkVwEKeGLGKRlsyJpZ7QbD6RCYZzl2DTJC@hub.lambdatest.com/wd/hub/session/a3743821acdb447122c835bf989708fa/url'
23:37:25.477 [Forwarding get on session a3743821acdb447122c835bf989708fa to remote] DEBUG org.asynchttpclient.netty.request.NettyRequestSender - Using open Channel [id: 0xc1ae6e26, L:/192.168.0.149:55836 - R:hub.lambdatest.com/65.0.196.161:443] for POST '/wd/hub/session/a3743821acdb447122c835bf989708fa/url'
23:37:26.645 [AsyncHttpClient-1-2] DEBUG org.asynchttpclient.netty.handler.HttpHandler - 

Request DefaultHttpRequest(decodeResult: success, version: HTTP/1.1)
POST /wd/hub/session/a3743821acdb447122c835bf989708fa/url HTTP/1.1
User-Agent: selenium/4.8.1 (java windows)
traceparent: 00-27c1f6cad12d9261b918d09ba5fc9f29-d516ebe3fb803643-01
Content-Length: 47
Content-Type: application/json; charset=utf-8
host: hub.lambdatest.com
authorization: Basic YWtoaWwyMDQ5NTpMVF9wVzUzajJBdTNJN08wUWtWd0VLZUdMR0tSbHN5SnBaN1FiRDZSQ1laemwyRFRKQw==
accept: */*

Response DefaultHttpResponse(decodeResult: success, version: HTTP/1.1)
HTTP/1.1 200 OK
Date: Fri, 16 May 2025 18:07:25 GMT
Content-Type: application/json
Content-Length: 14
Connection: keep-alive

23:37:26.645 [AsyncHttpClient-1-2] DEBUG org.asynchttpclient.netty.channel.ChannelManager - Adding key: https://hub.lambdatest.com:443 for channel [id: 0xc1ae6e26, L:/192.168.0.149:55836 - R:hub.lambdatest.com/65.0.196.161:443]
  &amp#27;[32mGiven &amp#27;[0m&amp#27;[32mI am on the Google search page&amp#27;[0m           &amp#27;[90m# com.example.stepdefs.GoogleSearchSteps.i_am_on_the_google_search_page()&amp#27;[0m
23:37:26.658 [ForkJoinPool-2-worker-2] DEBUG com.codeborne.selenide.impl.Plugins - Using default implementation of com.codeborne.selenide.commands.Clear: com.codeborne.selenide.commands.Clear
23:37:26.668 [ForkJoinPool-2-worker-2] DEBUG com.codeborne.selenide.impl.Plugins - Using default implementation of com.codeborne.selenide.impl.DownloadFileToFolder: com.codeborne.selenide.impl.DownloadFileToFolder
23:37:26.669 [ForkJoinPool-2-worker-2] DEBUG com.codeborne.selenide.impl.Plugins - Using default implementation of com.codeborne.selenide.commands.Commands: com.codeborne.selenide.commands.Commands
23:37:26.671 [Forwarding findElement on session a3743821acdb447122c835bf989708fa to remote] DEBUG org.asynchttpclient.netty.request.NettyRequestSender - Using pooled Channel '[id: 0xc1ae6e26, L:/192.168.0.149:55836 - R:hub.lambdatest.com/65.0.196.161:443]' for 'POST' to 'https://akhil20495:LT_pW53j2Au3I7O0QkVwEKeGLGKRlsyJpZ7QbD6RCYZzl2DTJC@hub.lambdatest.com/wd/hub/session/a3743821acdb447122c835bf989708fa/element'
23:37:26.671 [Forwarding findElement on session a3743821acdb447122c835bf989708fa to remote] DEBUG org.asynchttpclient.netty.request.NettyRequestSender - Using open Channel [id: 0xc1ae6e26, L:/192.168.0.149:55836 - R:hub.lambdatest.com/65.0.196.161:443] for POST '/wd/hub/session/a3743821acdb447122c835bf989708fa/element'
23:37:26.801 [AsyncHttpClient-1-2] DEBUG org.asynchttpclient.netty.handler.HttpHandler - 

Request DefaultHttpRequest(decodeResult: success, version: HTTP/1.1)
POST /wd/hub/session/a3743821acdb447122c835bf989708fa/element HTTP/1.1
User-Agent: selenium/4.8.1 (java windows)
traceparent: 00-b6533760f0384095df44292f4151cdb9-9f7f3fd11bc241a0-01
Content-Length: 78
Content-Type: application/json; charset=utf-8
host: hub.lambdatest.com
authorization: Basic YWtoaWwyMDQ5NTpMVF9wVzUzajJBdTNJN08wUWtWd0VLZUdMR0tSbHN5SnBaN1FiRDZSQ1laemwyRFRKQw==
accept: */*

Response DefaultHttpResponse(decodeResult: success, version: HTTP/1.1)
HTTP/1.1 404 Not Found
Date: Fri, 16 May 2025 18:07:25 GMT
Content-Type: application/json
Content-Length: 1039
Connection: keep-alive
Vary: Accept-Encoding

23:37:26.801 [AsyncHttpClient-1-2] DEBUG org.asynchttpclient.netty.channel.ChannelManager - Adding key: https://hub.lambdatest.com:443 for channel [id: 0xc1ae6e26, L:/192.168.0.149:55836 - R:hub.lambdatest.com/65.0.196.161:443]
23:37:26.810 [ForkJoinPool-2-worker-2] DEBUG com.codeborne.selenide.impl.Plugins - Using default implementation of com.codeborne.selenide.ex.ErrorFormatter: com.codeborne.selenide.ex.SelenideErrorFormatter
23:37:27.017 [Forwarding findElement on session a3743821acdb447122c835bf989708fa to remote] DEBUG org.asynchttpclient.netty.request.NettyRequestSender - Using pooled Channel '[id: 0xc1ae6e26, L:/192.168.0.149:55836 - R:hub.lambdatest.com/65.0.196.161:443]' for 'POST' to 'https://akhil20495:LT_pW53j2Au3I7O0QkVwEKeGLGKRlsyJpZ7QbD6RCYZzl2DTJC@hub.lambdatest.com/wd/hub/session/a3743821acdb447122c835bf989708fa/element'
23:37:27.018 [Forwarding findElement on session a3743821acdb447122c835bf989708fa to remote] DEBUG org.asynchttpclient.netty.request.NettyRequestSender - Using open Channel [id: 0xc1ae6e26, L:/192.168.0.149:55836 - R:hub.lambdatest.com/65.0.196.161:443] for POST '/wd/hub/session/a3743821acdb447122c835bf989708fa/element'
23:37:27.122 [AsyncHttpClient-1-2] DEBUG org.asynchttpclient.netty.handler.HttpHandler - 

Request DefaultHttpRequest(decodeResult: success, version: HTTP/1.1)
POST /wd/hub/session/a3743821acdb447122c835bf989708fa/element HTTP/1.1
User-Agent: selenium/4.8.1 (java windows)
traceparent: 00-d15812f04da17ae18bb2cf813a2731f1-3aca2293da789815-01
Content-Length: 78
Content-Type: application/json; charset=utf-8
host: hub.lambdatest.com
authorization: Basic YWtoaWwyMDQ5NTpMVF9wVzUzajJBdTNJN08wUWtWd0VLZUdMR0tSbHN5SnBaN1FiRDZSQ1laemwyRFRKQw==
accept: */*

Response DefaultHttpResponse(decodeResult: success, version: HTTP/1.1)
HTTP/1.1 404 Not Found
Date: Fri, 16 May 2025 18:07:26 GMT
Content-Type: application/json
Content-Length: 1039
Connection: keep-alive
Vary: Accept-Encoding

23:37:27.123 [AsyncHttpClient-1-2] DEBUG org.asynchttpclient.netty.channel.ChannelManager - Adding key: https://hub.lambdatest.com:443 for channel [id: 0xc1ae6e26, L:/192.168.0.149:55836 - R:hub.lambdatest.com/65.0.196.161:443]
23:37:27.329 [Forwarding findElement on session a3743821acdb447122c835bf989708fa to remote] DEBUG org.asynchttpclient.netty.request.NettyRequestSender - Using pooled Channel '[id: 0xc1ae6e26, L:/192.168.0.149:55836 - R:hub.lambdatest.com/65.0.196.161:443]' for 'POST' to 'https://akhil20495:LT_pW53j2Au3I7O0QkVwEKeGLGKRlsyJpZ7QbD6RCYZzl2DTJC@hub.lambdatest.com/wd/hub/session/a3743821acdb447122c835bf989708fa/element'
23:37:27.329 [Forwarding findElement on session a3743821acdb447122c835bf989708fa to remote] DEBUG org.asynchttpclient.netty.request.NettyRequestSender - Using open Channel [id: 0xc1ae6e26, L:/192.168.0.149:55836 - R:hub.lambdatest.com/65.0.196.161:443] for POST '/wd/hub/session/a3743821acdb447122c835bf989708fa/element'
23:37:27.395 [AsyncHttpClient-1-2] DEBUG org.asynchttpclient.netty.handler.HttpHandler - 

Request DefaultHttpRequest(decodeResult: success, version: HTTP/1.1)
POST /wd/hub/session/a3743821acdb447122c835bf989708fa/element HTTP/1.1
User-Agent: selenium/4.8.1 (java windows)
traceparent: 00-d6c94ff17e833cceb77f1756fe3a718c-035c9635dada1814-01
Content-Length: 78
Content-Type: application/json; charset=utf-8
host: hub.lambdatest.com
authorization: Basic YWtoaWwyMDQ5NTpMVF9wVzUzajJBdTNJN08wUWtWd0VLZUdMR0tSbHN5SnBaN1FiRDZSQ1laemwyRFRKQw==
accept: */*

Response DefaultHttpResponse(decodeResult: success, version: HTTP/1.1)
HTTP/1.1 404 Not Found
Date: Fri, 16 May 2025 18:07:26 GMT
Content-Type: application/json
Content-Length: 1039
Connection: keep-alive
Vary: Accept-Encoding

23:37:27.395 [AsyncHttpClient-1-2] DEBUG org.asynchttpclient.netty.channel.ChannelManager - Adding key: https://hub.lambdatest.com:443 for channel [id: 0xc1ae6e26, L:/192.168.0.149:55836 - R:hub.lambdatest.com/65.0.196.161:443]
23:37:27.611 [Forwarding findElement on session a3743821acdb447122c835bf989708fa to remote] DEBUG org.asynchttpclient.netty.request.NettyRequestSender - Using pooled Channel '[id: 0xc1ae6e26, L:/192.168.0.149:55836 - R:hub.lambdatest.com/65.0.196.161:443]' for 'POST' to 'https://akhil20495:LT_pW53j2Au3I7O0QkVwEKeGLGKRlsyJpZ7QbD6RCYZzl2DTJC@hub.lambdatest.com/wd/hub/session/a3743821acdb447122c835bf989708fa/element'
23:37:27.613 [Forwarding findElement on session a3743821acdb447122c835bf989708fa to remote] DEBUG org.asynchttpclient.netty.request.NettyRequestSender - Using open Channel [id: 0xc1ae6e26, L:/192.168.0.149:55836 - R:hub.lambdatest.com/65.0.196.161:443] for POST '/wd/hub/session/a3743821acdb447122c835bf989708fa/element'
23:37:27.658 [AsyncHttpClient-1-2] DEBUG org.asynchttpclient.netty.handler.HttpHandler - 

Request DefaultHttpRequest(decodeResult: success, version: HTTP/1.1)
POST /wd/hub/session/a3743821acdb447122c835bf989708fa/element HTTP/1.1
User-Agent: selenium/4.8.1 (java windows)
traceparent: 00-710e7a71a039c792c0aaf446ed9aa1d1-f76886ce9d21cff6-01
Content-Length: 78
Content-Type: application/json; charset=utf-8
host: hub.lambdatest.com
authorization: Basic YWtoaWwyMDQ5NTpMVF9wVzUzajJBdTNJN08wUWtWd0VLZUdMR0tSbHN5SnBaN1FiRDZSQ1laemwyRFRKQw==
accept: */*

Response DefaultHttpResponse(decodeResult: success, version: HTTP/1.1)
HTTP/1.1 404 Not Found
Date: Fri, 16 May 2025 18:07:26 GMT
Content-Type: application/json
Content-Length: 1039
Connection: keep-alive
Vary: Accept-Encoding

23:37:27.659 [AsyncHttpClient-1-2] DEBUG org.asynchttpclient.netty.channel.ChannelManager - Adding key: https://hub.lambdatest.com:443 for channel [id: 0xc1ae6e26, L:/192.168.0.149:55836 - R:hub.lambdatest.com/65.0.196.161:443]
23:37:27.877 [Forwarding findElement on session a3743821acdb447122c835bf989708fa to remote] DEBUG org.asynchttpclient.netty.request.NettyRequestSender - Using pooled Channel '[id: 0xc1ae6e26, L:/192.168.0.149:55836 - R:hub.lambdatest.com/65.0.196.161:443]' for 'POST' to 'https://akhil20495:LT_pW53j2Au3I7O0QkVwEKeGLGKRlsyJpZ7QbD6RCYZzl2DTJC@hub.lambdatest.com/wd/hub/session/a3743821acdb447122c835bf989708fa/element'
23:37:27.877 [Forwarding findElement on session a3743821acdb447122c835bf989708fa to remote] DEBUG org.asynchttpclient.netty.request.NettyRequestSender - Using open Channel [id: 0xc1ae6e26, L:/192.168.0.149:55836 - R:hub.lambdatest.com/65.0.196.161:443] for POST '/wd/hub/session/a3743821acdb447122c835bf989708fa/element'
23:37:27.939 [AsyncHttpClient-1-2] DEBUG org.asynchttpclient.netty.handler.HttpHandler - 

Request DefaultHttpRequest(decodeResult: success, version: HTTP/1.1)
POST /wd/hub/session/a3743821acdb447122c835bf989708fa/element HTTP/1.1
User-Agent: selenium/4.8.1 (java windows)
traceparent: 00-f256bffd6064b3448c883395cb034211-54de319b2c27130d-01
Content-Length: 78
Content-Type: application/json; charset=utf-8
host: hub.lambdatest.com
authorization: Basic YWtoaWwyMDQ5NTpMVF9wVzUzajJBdTNJN08wUWtWd0VLZUdMR0tSbHN5SnBaN1FiRDZSQ1laemwyRFRKQw==
accept: */*

Response DefaultHttpResponse(decodeResult: success, version: HTTP/1.1)
HTTP/1.1 404 Not Found
Date: Fri, 16 May 2025 18:07:26 GMT
Content-Type: application/json
Content-Length: 1039
Connection: keep-alive
Vary: Accept-Encoding

23:37:27.939 [AsyncHttpClient-1-2] DEBUG org.asynchttpclient.netty.channel.ChannelManager - Adding key: https://hub.lambdatest.com:443 for channel [id: 0xc1ae6e26, L:/192.168.0.149:55836 - R:hub.lambdatest.com/65.0.196.161:443]
23:37:28.156 [Forwarding findElement on session a3743821acdb447122c835bf989708fa to remote] DEBUG org.asynchttpclient.netty.request.NettyRequestSender - Using pooled Channel '[id: 0xc1ae6e26, L:/192.168.0.149:55836 - R:hub.lambdatest.com/65.0.196.161:443]' for 'POST' to 'https://akhil20495:LT_pW53j2Au3I7O0QkVwEKeGLGKRlsyJpZ7QbD6RCYZzl2DTJC@hub.lambdatest.com/wd/hub/session/a3743821acdb447122c835bf989708fa/element'
23:37:28.156 [Forwarding findElement on session a3743821acdb447122c835bf989708fa to remote] DEBUG org.asynchttpclient.netty.request.NettyRequestSender - Using open Channel [id: 0xc1ae6e26, L:/192.168.0.149:55836 - R:hub.lambdatest.com/65.0.196.161:443] for POST '/wd/hub/session/a3743821acdb447122c835bf989708fa/element'
23:37:28.212 [AsyncHttpClient-1-2] DEBUG org.asynchttpclient.netty.handler.HttpHandler - 

Request DefaultHttpRequest(decodeResult: success, version: HTTP/1.1)
POST /wd/hub/session/a3743821acdb447122c835bf989708fa/element HTTP/1.1
User-Agent: selenium/4.8.1 (java windows)
traceparent: 00-d9a973bb5cd63419ca260c093b85895f-9a1bba4dac6ab644-01
Content-Length: 78
Content-Type: application/json; charset=utf-8
host: hub.lambdatest.com
authorization: Basic YWtoaWwyMDQ5NTpMVF9wVzUzajJBdTNJN08wUWtWd0VLZUdMR0tSbHN5SnBaN1FiRDZSQ1laemwyRFRKQw==
accept: */*

Response DefaultHttpResponse(decodeResult: success, version: HTTP/1.1)
HTTP/1.1 404 Not Found
Date: Fri, 16 May 2025 18:07:27 GMT
Content-Type: application/json
Content-Length: 1039
Connection: keep-alive
Vary: Accept-Encoding

23:37:28.213 [AsyncHttpClient-1-2] DEBUG org.asynchttpclient.netty.channel.ChannelManager - Adding key: https://hub.lambdatest.com:443 for channel [id: 0xc1ae6e26, L:/192.168.0.149:55836 - R:hub.lambdatest.com/65.0.196.161:443]
23:37:28.419 [Forwarding findElement on session a3743821acdb447122c835bf989708fa to remote] DEBUG org.asynchttpclient.netty.request.NettyRequestSender - Using pooled Channel '[id: 0xc1ae6e26, L:/192.168.0.149:55836 - R:hub.lambdatest.com/65.0.196.161:443]' for 'POST' to 'https://akhil20495:LT_pW53j2Au3I7O0QkVwEKeGLGKRlsyJpZ7QbD6RCYZzl2DTJC@hub.lambdatest.com/wd/hub/session/a3743821acdb447122c835bf989708fa/element'
23:37:28.420 [Forwarding findElement on session a3743821acdb447122c835bf989708fa to remote] DEBUG org.asynchttpclient.netty.request.NettyRequestSender - Using open Channel [id: 0xc1ae6e26, L:/192.168.0.149:55836 - R:hub.lambdatest.com/65.0.196.161:443] for POST '/wd/hub/session/a3743821acdb447122c835bf989708fa/element'
23:37:28.474 [AsyncHttpClient-1-2] DEBUG org.asynchttpclient.netty.handler.HttpHandler - 

Request DefaultHttpRequest(decodeResult: success, version: HTTP/1.1)
POST /wd/hub/session/a3743821acdb447122c835bf989708fa/element HTTP/1.1
User-Agent: selenium/4.8.1 (java windows)
traceparent: 00-cb328ada441b95dc9ee7e95212c8099c-7404a48d5c7cb9d5-01
Content-Length: 78
Content-Type: application/json; charset=utf-8
host: hub.lambdatest.com
authorization: Basic YWtoaWwyMDQ5NTpMVF9wVzUzajJBdTNJN08wUWtWd0VLZUdMR0tSbHN5SnBaN1FiRDZSQ1laemwyRFRKQw==
accept: */*

Response DefaultHttpResponse(decodeResult: success, version: HTTP/1.1)
HTTP/1.1 404 Not Found
Date: Fri, 16 May 2025 18:07:27 GMT
Content-Type: application/json
Content-Length: 1039
Connection: keep-alive
Vary: Accept-Encoding

23:37:28.474 [AsyncHttpClient-1-2] DEBUG org.asynchttpclient.netty.channel.ChannelManager - Adding key: https://hub.lambdatest.com:443 for channel [id: 0xc1ae6e26, L:/192.168.0.149:55836 - R:hub.lambdatest.com/65.0.196.161:443]
23:37:28.684 [Forwarding findElement on session a3743821acdb447122c835bf989708fa to remote] DEBUG org.asynchttpclient.netty.request.NettyRequestSender - Using pooled Channel '[id: 0xc1ae6e26, L:/192.168.0.149:55836 - R:hub.lambdatest.com/65.0.196.161:443]' for 'POST' to 'https://akhil20495:LT_pW53j2Au3I7O0QkVwEKeGLGKRlsyJpZ7QbD6RCYZzl2DTJC@hub.lambdatest.com/wd/hub/session/a3743821acdb447122c835bf989708fa/element'
23:37:28.685 [Forwarding findElement on session a3743821acdb447122c835bf989708fa to remote] DEBUG org.asynchttpclient.netty.request.NettyRequestSender - Using open Channel [id: 0xc1ae6e26, L:/192.168.0.149:55836 - R:hub.lambdatest.com/65.0.196.161:443] for POST '/wd/hub/session/a3743821acdb447122c835bf989708fa/element'
23:37:28.748 [AsyncHttpClient-1-2] DEBUG org.asynchttpclient.netty.handler.HttpHandler - 

Request DefaultHttpRequest(decodeResult: success, version: HTTP/1.1)
POST /wd/hub/session/a3743821acdb447122c835bf989708fa/element HTTP/1.1
User-Agent: selenium/4.8.1 (java windows)
traceparent: 00-eae5a460d71079c76071507c8079ff48-0d0531a4bdf7b836-01
Content-Length: 78
Content-Type: application/json; charset=utf-8
host: hub.lambdatest.com
authorization: Basic YWtoaWwyMDQ5NTpMVF9wVzUzajJBdTNJN08wUWtWd0VLZUdMR0tSbHN5SnBaN1FiRDZSQ1laemwyRFRKQw==
accept: */*

Response DefaultHttpResponse(decodeResult: success, version: HTTP/1.1)
HTTP/1.1 404 Not Found
Date: Fri, 16 May 2025 18:07:27 GMT
Content-Type: application/json
Content-Length: 1039
Connection: keep-alive
Vary: Accept-Encoding

23:37:28.749 [AsyncHttpClient-1-2] DEBUG org.asynchttpclient.netty.channel.ChannelManager - Adding key: https://hub.lambdatest.com:443 for channel [id: 0xc1ae6e26, L:/192.168.0.149:55836 - R:hub.lambdatest.com/65.0.196.161:443]
23:37:28.964 [Forwarding findElement on session a3743821acdb447122c835bf989708fa to remote] DEBUG org.asynchttpclient.netty.request.NettyRequestSender - Using pooled Channel '[id: 0xc1ae6e26, L:/192.168.0.149:55836 - R:hub.lambdatest.com/65.0.196.161:443]' for 'POST' to 'https://akhil20495:LT_pW53j2Au3I7O0QkVwEKeGLGKRlsyJpZ7QbD6RCYZzl2DTJC@hub.lambdatest.com/wd/hub/session/a3743821acdb447122c835bf989708fa/element'
23:37:28.964 [Forwarding findElement on session a3743821acdb447122c835bf989708fa to remote] DEBUG org.asynchttpclient.netty.request.NettyRequestSender - Using open Channel [id: 0xc1ae6e26, L:/192.168.0.149:55836 - R:hub.lambdatest.com/65.0.196.161:443] for POST '/wd/hub/session/a3743821acdb447122c835bf989708fa/element'
23:37:29.014 [AsyncHttpClient-1-2] DEBUG org.asynchttpclient.netty.handler.HttpHandler - 

Request DefaultHttpRequest(decodeResult: success, version: HTTP/1.1)
POST /wd/hub/session/a3743821acdb447122c835bf989708fa/element HTTP/1.1
User-Agent: selenium/4.8.1 (java windows)
traceparent: 00-e5e51718ffd6556c6c1e6e8a5baf6cc8-356b1201cd030043-01
Content-Length: 78
Content-Type: application/json; charset=utf-8
host: hub.lambdatest.com
authorization: Basic YWtoaWwyMDQ5NTpMVF9wVzUzajJBdTNJN08wUWtWd0VLZUdMR0tSbHN5SnBaN1FiRDZSQ1laemwyRFRKQw==
accept: */*

Response DefaultHttpResponse(decodeResult: success, version: HTTP/1.1)
HTTP/1.1 404 Not Found
Date: Fri, 16 May 2025 18:07:28 GMT
Content-Type: application/json
Content-Length: 1039
Connection: keep-alive
Vary: Accept-Encoding

23:37:29.015 [AsyncHttpClient-1-2] DEBUG org.asynchttpclient.netty.channel.ChannelManager - Adding key: https://hub.lambdatest.com:443 for channel [id: 0xc1ae6e26, L:/192.168.0.149:55836 - R:hub.lambdatest.com/65.0.196.161:443]
23:37:29.230 [Forwarding findElement on session a3743821acdb447122c835bf989708fa to remote] DEBUG org.asynchttpclient.netty.request.NettyRequestSender - Using pooled Channel '[id: 0xc1ae6e26, L:/192.168.0.149:55836 - R:hub.lambdatest.com/65.0.196.161:443]' for 'POST' to 'https://akhil20495:LT_pW53j2Au3I7O0QkVwEKeGLGKRlsyJpZ7QbD6RCYZzl2DTJC@hub.lambdatest.com/wd/hub/session/a3743821acdb447122c835bf989708fa/element'
23:37:29.230 [Forwarding findElement on session a3743821acdb447122c835bf989708fa to remote] DEBUG org.asynchttpclient.netty.request.NettyRequestSender - Using open Channel [id: 0xc1ae6e26, L:/192.168.0.149:55836 - R:hub.lambdatest.com/65.0.196.161:443] for POST '/wd/hub/session/a3743821acdb447122c835bf989708fa/element'
23:37:29.284 [AsyncHttpClient-1-2] DEBUG org.asynchttpclient.netty.handler.HttpHandler - 

Request DefaultHttpRequest(decodeResult: success, version: HTTP/1.1)
POST /wd/hub/session/a3743821acdb447122c835bf989708fa/element HTTP/1.1
User-Agent: selenium/4.8.1 (java windows)
traceparent: 00-83fea9bc315dacf7a667271c4818f70e-05f5c1eb2caf5d59-01
Content-Length: 78
Content-Type: application/json; charset=utf-8
host: hub.lambdatest.com
authorization: Basic YWtoaWwyMDQ5NTpMVF9wVzUzajJBdTNJN08wUWtWd0VLZUdMR0tSbHN5SnBaN1FiRDZSQ1laemwyRFRKQw==
accept: */*

Response DefaultHttpResponse(decodeResult: success, version: HTTP/1.1)
HTTP/1.1 404 Not Found
Date: Fri, 16 May 2025 18:07:28 GMT
Content-Type: application/json
Content-Length: 1039
Connection: keep-alive
Vary: Accept-Encoding

23:37:29.285 [AsyncHttpClient-1-2] DEBUG org.asynchttpclient.netty.channel.ChannelManager - Adding key: https://hub.lambdatest.com:443 for channel [id: 0xc1ae6e26, L:/192.168.0.149:55836 - R:hub.lambdatest.com/65.0.196.161:443]
23:37:29.494 [Forwarding findElement on session a3743821acdb447122c835bf989708fa to remote] DEBUG org.asynchttpclient.netty.request.NettyRequestSender - Using pooled Channel '[id: 0xc1ae6e26, L:/192.168.0.149:55836 - R:hub.lambdatest.com/65.0.196.161:443]' for 'POST' to 'https://akhil20495:LT_pW53j2Au3I7O0QkVwEKeGLGKRlsyJpZ7QbD6RCYZzl2DTJC@hub.lambdatest.com/wd/hub/session/a3743821acdb447122c835bf989708fa/element'
23:37:29.494 [Forwarding findElement on session a3743821acdb447122c835bf989708fa to remote] DEBUG org.asynchttpclient.netty.request.NettyRequestSender - Using open Channel [id: 0xc1ae6e26, L:/192.168.0.149:55836 - R:hub.lambdatest.com/65.0.196.161:443] for POST '/wd/hub/session/a3743821acdb447122c835bf989708fa/element'
23:37:29.549 [AsyncHttpClient-1-2] DEBUG org.asynchttpclient.netty.handler.HttpHandler - 

Request DefaultHttpRequest(decodeResult: success, version: HTTP/1.1)
POST /wd/hub/session/a3743821acdb447122c835bf989708fa/element HTTP/1.1
User-Agent: selenium/4.8.1 (java windows)
traceparent: 00-db927f3a34618c5cc62eaa103ec64fa2-ee6a96b4dcfcc1e7-01
Content-Length: 78
Content-Type: application/json; charset=utf-8
host: hub.lambdatest.com
authorization: Basic YWtoaWwyMDQ5NTpMVF9wVzUzajJBdTNJN08wUWtWd0VLZUdMR0tSbHN5SnBaN1FiRDZSQ1laemwyRFRKQw==
accept: */*

Response DefaultHttpResponse(decodeResult: success, version: HTTP/1.1)
HTTP/1.1 404 Not Found
Date: Fri, 16 May 2025 18:07:28 GMT
Content-Type: application/json
Content-Length: 1039
Connection: keep-alive
Vary: Accept-Encoding

23:37:29.550 [AsyncHttpClient-1-2] DEBUG org.asynchttpclient.netty.channel.ChannelManager - Adding key: https://hub.lambdatest.com:443 for channel [id: 0xc1ae6e26, L:/192.168.0.149:55836 - R:hub.lambdatest.com/65.0.196.161:443]
23:37:29.554 [AsyncHttpClient-1-1] DEBUG org.asynchttpclient.netty.channel.DefaultChannelPool - Entry count for : https://hub.lambdatest.com:443 : 1
23:37:29.756 [Forwarding findElement on session a3743821acdb447122c835bf989708fa to remote] DEBUG org.asynchttpclient.netty.request.NettyRequestSender - Using pooled Channel '[id: 0xc1ae6e26, L:/192.168.0.149:55836 - R:hub.lambdatest.com/65.0.196.161:443]' for 'POST' to 'https://akhil20495:LT_pW53j2Au3I7O0QkVwEKeGLGKRlsyJpZ7QbD6RCYZzl2DTJC@hub.lambdatest.com/wd/hub/session/a3743821acdb447122c835bf989708fa/element'
23:37:29.756 [Forwarding findElement on session a3743821acdb447122c835bf989708fa to remote] DEBUG org.asynchttpclient.netty.request.NettyRequestSender - Using open Channel [id: 0xc1ae6e26, L:/192.168.0.149:55836 - R:hub.lambdatest.com/65.0.196.161:443] for POST '/wd/hub/session/a3743821acdb447122c835bf989708fa/element'
23:37:29.808 [AsyncHttpClient-1-2] DEBUG org.asynchttpclient.netty.handler.HttpHandler - 

Request DefaultHttpRequest(decodeResult: success, version: HTTP/1.1)
POST /wd/hub/session/a3743821acdb447122c835bf989708fa/element HTTP/1.1
User-Agent: selenium/4.8.1 (java windows)
traceparent: 00-ab62760e7932295c0bc91adaf548d54a-eae9f079fa7bcc7f-01
Content-Length: 78
Content-Type: application/json; charset=utf-8
host: hub.lambdatest.com
authorization: Basic YWtoaWwyMDQ5NTpMVF9wVzUzajJBdTNJN08wUWtWd0VLZUdMR0tSbHN5SnBaN1FiRDZSQ1laemwyRFRKQw==
accept: */*

Response DefaultHttpResponse(decodeResult: success, version: HTTP/1.1)
HTTP/1.1 404 Not Found
Date: Fri, 16 May 2025 18:07:28 GMT
Content-Type: application/json
Content-Length: 1039
Connection: keep-alive
Vary: Accept-Encoding

23:37:29.808 [AsyncHttpClient-1-2] DEBUG org.asynchttpclient.netty.channel.ChannelManager - Adding key: https://hub.lambdatest.com:443 for channel [id: 0xc1ae6e26, L:/192.168.0.149:55836 - R:hub.lambdatest.com/65.0.196.161:443]
23:37:30.020 [Forwarding findElement on session a3743821acdb447122c835bf989708fa to remote] DEBUG org.asynchttpclient.netty.request.NettyRequestSender - Using pooled Channel '[id: 0xc1ae6e26, L:/192.168.0.149:55836 - R:hub.lambdatest.com/65.0.196.161:443]' for 'POST' to 'https://akhil20495:LT_pW53j2Au3I7O0QkVwEKeGLGKRlsyJpZ7QbD6RCYZzl2DTJC@hub.lambdatest.com/wd/hub/session/a3743821acdb447122c835bf989708fa/element'
23:37:30.020 [Forwarding findElement on session a3743821acdb447122c835bf989708fa to remote] DEBUG org.asynchttpclient.netty.request.NettyRequestSender - Using open Channel [id: 0xc1ae6e26, L:/192.168.0.149:55836 - R:hub.lambdatest.com/65.0.196.161:443] for POST '/wd/hub/session/a3743821acdb447122c835bf989708fa/element'
23:37:30.070 [AsyncHttpClient-1-2] DEBUG org.asynchttpclient.netty.handler.HttpHandler - 

Request DefaultHttpRequest(decodeResult: success, version: HTTP/1.1)
POST /wd/hub/session/a3743821acdb447122c835bf989708fa/element HTTP/1.1
User-Agent: selenium/4.8.1 (java windows)
traceparent: 00-90410a2eb5a44f3889b323b5aab0e8bf-9cc8b3a0d3ff9332-01
Content-Length: 78
Content-Type: application/json; charset=utf-8
host: hub.lambdatest.com
authorization: Basic YWtoaWwyMDQ5NTpMVF9wVzUzajJBdTNJN08wUWtWd0VLZUdMR0tSbHN5SnBaN1FiRDZSQ1laemwyRFRKQw==
accept: */*

Response DefaultHttpResponse(decodeResult: success, version: HTTP/1.1)
HTTP/1.1 404 Not Found
Date: Fri, 16 May 2025 18:07:29 GMT
Content-Type: application/json
Content-Length: 1039
Connection: keep-alive
Vary: Accept-Encoding

23:37:30.071 [AsyncHttpClient-1-2] DEBUG org.asynchttpclient.netty.channel.ChannelManager - Adding key: https://hub.lambdatest.com:443 for channel [id: 0xc1ae6e26, L:/192.168.0.149:55836 - R:hub.lambdatest.com/65.0.196.161:443]
23:37:30.283 [Forwarding findElement on session a3743821acdb447122c835bf989708fa to remote] DEBUG org.asynchttpclient.netty.request.NettyRequestSender - Using pooled Channel '[id: 0xc1ae6e26, L:/192.168.0.149:55836 - R:hub.lambdatest.com/65.0.196.161:443]' for 'POST' to 'https://akhil20495:LT_pW53j2Au3I7O0QkVwEKeGLGKRlsyJpZ7QbD6RCYZzl2DTJC@hub.lambdatest.com/wd/hub/session/a3743821acdb447122c835bf989708fa/element'
23:37:30.283 [Forwarding findElement on session a3743821acdb447122c835bf989708fa to remote] DEBUG org.asynchttpclient.netty.request.NettyRequestSender - Using open Channel [id: 0xc1ae6e26, L:/192.168.0.149:55836 - R:hub.lambdatest.com/65.0.196.161:443] for POST '/wd/hub/session/a3743821acdb447122c835bf989708fa/element'
23:37:30.330 [AsyncHttpClient-1-2] DEBUG org.asynchttpclient.netty.handler.HttpHandler - 

Request DefaultHttpRequest(decodeResult: success, version: HTTP/1.1)
POST /wd/hub/session/a3743821acdb447122c835bf989708fa/element HTTP/1.1
User-Agent: selenium/4.8.1 (java windows)
traceparent: 00-94b147e4add648e558ef44292c1350b2-4e5a621c6d1da642-01
Content-Length: 78
Content-Type: application/json; charset=utf-8
host: hub.lambdatest.com
authorization: Basic YWtoaWwyMDQ5NTpMVF9wVzUzajJBdTNJN08wUWtWd0VLZUdMR0tSbHN5SnBaN1FiRDZSQ1laemwyRFRKQw==
accept: */*

Response DefaultHttpResponse(decodeResult: success, version: HTTP/1.1)
HTTP/1.1 404 Not Found
Date: Fri, 16 May 2025 18:07:29 GMT
Content-Type: application/json
Content-Length: 1039
Connection: keep-alive
Vary: Accept-Encoding

23:37:30.331 [AsyncHttpClient-1-2] DEBUG org.asynchttpclient.netty.channel.ChannelManager - Adding key: https://hub.lambdatest.com:443 for channel [id: 0xc1ae6e26, L:/192.168.0.149:55836 - R:hub.lambdatest.com/65.0.196.161:443]
23:37:30.544 [Forwarding findElement on session a3743821acdb447122c835bf989708fa to remote] DEBUG org.asynchttpclient.netty.request.NettyRequestSender - Using pooled Channel '[id: 0xc1ae6e26, L:/192.168.0.149:55836 - R:hub.lambdatest.com/65.0.196.161:443]' for 'POST' to 'https://akhil20495:LT_pW53j2Au3I7O0QkVwEKeGLGKRlsyJpZ7QbD6RCYZzl2DTJC@hub.lambdatest.com/wd/hub/session/a3743821acdb447122c835bf989708fa/element'
23:37:30.545 [Forwarding findElement on session a3743821acdb447122c835bf989708fa to remote] DEBUG org.asynchttpclient.netty.request.NettyRequestSender - Using open Channel [id: 0xc1ae6e26, L:/192.168.0.149:55836 - R:hub.lambdatest.com/65.0.196.161:443] for POST '/wd/hub/session/a3743821acdb447122c835bf989708fa/element'
23:37:30.592 [AsyncHttpClient-1-2] DEBUG org.asynchttpclient.netty.handler.HttpHandler - 

Request DefaultHttpRequest(decodeResult: success, version: HTTP/1.1)
POST /wd/hub/session/a3743821acdb447122c835bf989708fa/element HTTP/1.1
User-Agent: selenium/4.8.1 (java windows)
traceparent: 00-c8106ca5cc647bbff79f10476e526e9e-9f79d0b2aea5de92-01
Content-Length: 78
Content-Type: application/json; charset=utf-8
host: hub.lambdatest.com
authorization: Basic YWtoaWwyMDQ5NTpMVF9wVzUzajJBdTNJN08wUWtWd0VLZUdMR0tSbHN5SnBaN1FiRDZSQ1laemwyRFRKQw==
accept: */*

Response DefaultHttpResponse(decodeResult: success, version: HTTP/1.1)
HTTP/1.1 404 Not Found
Date: Fri, 16 May 2025 18:07:29 GMT
Content-Type: application/json
Content-Length: 1039
Connection: keep-alive
Vary: Accept-Encoding

23:37:30.592 [AsyncHttpClient-1-2] DEBUG org.asynchttpclient.netty.channel.ChannelManager - Adding key: https://hub.lambdatest.com:443 for channel [id: 0xc1ae6e26, L:/192.168.0.149:55836 - R:hub.lambdatest.com/65.0.196.161:443]
23:37:30.652 [AsyncHttpClient-1-1] DEBUG org.asynchttpclient.netty.channel.DefaultChannelPool - Entry count for : https://hub.lambdatest.com:443 : 1
23:37:30.810 [Forwarding findElement on session a3743821acdb447122c835bf989708fa to remote] DEBUG org.asynchttpclient.netty.request.NettyRequestSender - Using pooled Channel '[id: 0xc1ae6e26, L:/192.168.0.149:55836 - R:hub.lambdatest.com/65.0.196.161:443]' for 'POST' to 'https://akhil20495:LT_pW53j2Au3I7O0QkVwEKeGLGKRlsyJpZ7QbD6RCYZzl2DTJC@hub.lambdatest.com/wd/hub/session/a3743821acdb447122c835bf989708fa/element'
23:37:30.810 [Forwarding findElement on session a3743821acdb447122c835bf989708fa to remote] DEBUG org.asynchttpclient.netty.request.NettyRequestSender - Using open Channel [id: 0xc1ae6e26, L:/192.168.0.149:55836 - R:hub.lambdatest.com/65.0.196.161:443] for POST '/wd/hub/session/a3743821acdb447122c835bf989708fa/element'
23:37:30.855 [AsyncHttpClient-1-2] DEBUG org.asynchttpclient.netty.handler.HttpHandler - 

Request DefaultHttpRequest(decodeResult: success, version: HTTP/1.1)
POST /wd/hub/session/a3743821acdb447122c835bf989708fa/element HTTP/1.1
User-Agent: selenium/4.8.1 (java windows)
traceparent: 00-f687e8e5b92b6be5fb0d8b775eb25ded-f6f511f7cc0581c9-01
Content-Length: 78
Content-Type: application/json; charset=utf-8
host: hub.lambdatest.com
authorization: Basic YWtoaWwyMDQ5NTpMVF9wVzUzajJBdTNJN08wUWtWd0VLZUdMR0tSbHN5SnBaN1FiRDZSQ1laemwyRFRKQw==
accept: */*

Response DefaultHttpResponse(decodeResult: success, version: HTTP/1.1)
HTTP/1.1 404 Not Found
Date: Fri, 16 May 2025 18:07:29 GMT
Content-Type: application/json
Content-Length: 1039
Connection: keep-alive
Vary: Accept-Encoding

23:37:30.856 [AsyncHttpClient-1-2] DEBUG org.asynchttpclient.netty.channel.ChannelManager - Adding key: https://hub.lambdatest.com:443 for channel [id: 0xc1ae6e26, L:/192.168.0.149:55836 - R:hub.lambdatest.com/65.0.196.161:443]
23:37:31.074 [Forwarding findElement on session a3743821acdb447122c835bf989708fa to remote] DEBUG org.asynchttpclient.netty.request.NettyRequestSender - Using pooled Channel '[id: 0xc1ae6e26, L:/192.168.0.149:55836 - R:hub.lambdatest.com/65.0.196.161:443]' for 'POST' to 'https://akhil20495:LT_pW53j2Au3I7O0QkVwEKeGLGKRlsyJpZ7QbD6RCYZzl2DTJC@hub.lambdatest.com/wd/hub/session/a3743821acdb447122c835bf989708fa/element'
23:37:31.074 [Forwarding findElement on session a3743821acdb447122c835bf989708fa to remote] DEBUG org.asynchttpclient.netty.request.NettyRequestSender - Using open Channel [id: 0xc1ae6e26, L:/192.168.0.149:55836 - R:hub.lambdatest.com/65.0.196.161:443] for POST '/wd/hub/session/a3743821acdb447122c835bf989708fa/element'
23:37:31.119 [AsyncHttpClient-1-2] DEBUG org.asynchttpclient.netty.handler.HttpHandler - 

Request DefaultHttpRequest(decodeResult: success, version: HTTP/1.1)
POST /wd/hub/session/a3743821acdb447122c835bf989708fa/element HTTP/1.1
User-Agent: selenium/4.8.1 (java windows)
traceparent: 00-a45a67ef8f246d40f59f679bbd8a475e-5bf1b9ded5c0d523-01
Content-Length: 78
Content-Type: application/json; charset=utf-8
host: hub.lambdatest.com
authorization: Basic YWtoaWwyMDQ5NTpMVF9wVzUzajJBdTNJN08wUWtWd0VLZUdMR0tSbHN5SnBaN1FiRDZSQ1laemwyRFRKQw==
accept: */*

Response DefaultHttpResponse(decodeResult: success, version: HTTP/1.1)
HTTP/1.1 404 Not Found
Date: Fri, 16 May 2025 18:07:30 GMT
Content-Type: application/json
Content-Length: 1039
Connection: keep-alive
Vary: Accept-Encoding

23:37:31.120 [AsyncHttpClient-1-2] DEBUG org.asynchttpclient.netty.channel.ChannelManager - Adding key: https://hub.lambdatest.com:443 for channel [id: 0xc1ae6e26, L:/192.168.0.149:55836 - R:hub.lambdatest.com/65.0.196.161:443]
23:37:31.326 [Forwarding findElement on session a3743821acdb447122c835bf989708fa to remote] DEBUG org.asynchttpclient.netty.request.NettyRequestSender - Using pooled Channel '[id: 0xc1ae6e26, L:/192.168.0.149:55836 - R:hub.lambdatest.com/65.0.196.161:443]' for 'POST' to 'https://akhil20495:LT_pW53j2Au3I7O0QkVwEKeGLGKRlsyJpZ7QbD6RCYZzl2DTJC@hub.lambdatest.com/wd/hub/session/a3743821acdb447122c835bf989708fa/element'
23:37:31.326 [Forwarding findElement on session a3743821acdb447122c835bf989708fa to remote] DEBUG org.asynchttpclient.netty.request.NettyRequestSender - Using open Channel [id: 0xc1ae6e26, L:/192.168.0.149:55836 - R:hub.lambdatest.com/65.0.196.161:443] for POST '/wd/hub/session/a3743821acdb447122c835bf989708fa/element'
23:37:31.370 [AsyncHttpClient-1-2] DEBUG org.asynchttpclient.netty.handler.HttpHandler - 

Request DefaultHttpRequest(decodeResult: success, version: HTTP/1.1)
POST /wd/hub/session/a3743821acdb447122c835bf989708fa/element HTTP/1.1
User-Agent: selenium/4.8.1 (java windows)
traceparent: 00-948415187fc74c88901e2a2ba1c71595-ceb92311c6ea1993-01
Content-Length: 78
Content-Type: application/json; charset=utf-8
host: hub.lambdatest.com
authorization: Basic YWtoaWwyMDQ5NTpMVF9wVzUzajJBdTNJN08wUWtWd0VLZUdMR0tSbHN5SnBaN1FiRDZSQ1laemwyRFRKQw==
accept: */*

Response DefaultHttpResponse(decodeResult: success, version: HTTP/1.1)
HTTP/1.1 404 Not Found
Date: Fri, 16 May 2025 18:07:30 GMT
Content-Type: application/json
Content-Length: 1039
Connection: keep-alive
Vary: Accept-Encoding

23:37:31.371 [AsyncHttpClient-1-2] DEBUG org.asynchttpclient.netty.channel.ChannelManager - Adding key: https://hub.lambdatest.com:443 for channel [id: 0xc1ae6e26, L:/192.168.0.149:55836 - R:hub.lambdatest.com/65.0.196.161:443]
23:37:31.575 [Forwarding findElement on session a3743821acdb447122c835bf989708fa to remote] DEBUG org.asynchttpclient.netty.request.NettyRequestSender - Using pooled Channel '[id: 0xc1ae6e26, L:/192.168.0.149:55836 - R:hub.lambdatest.com/65.0.196.161:443]' for 'POST' to 'https://akhil20495:LT_pW53j2Au3I7O0QkVwEKeGLGKRlsyJpZ7QbD6RCYZzl2DTJC@hub.lambdatest.com/wd/hub/session/a3743821acdb447122c835bf989708fa/element'
23:37:31.575 [Forwarding findElement on session a3743821acdb447122c835bf989708fa to remote] DEBUG org.asynchttpclient.netty.request.NettyRequestSender - Using open Channel [id: 0xc1ae6e26, L:/192.168.0.149:55836 - R:hub.lambdatest.com/65.0.196.161:443] for POST '/wd/hub/session/a3743821acdb447122c835bf989708fa/element'
23:37:31.618 [AsyncHttpClient-1-2] DEBUG org.asynchttpclient.netty.handler.HttpHandler - 

Request DefaultHttpRequest(decodeResult: success, version: HTTP/1.1)
POST /wd/hub/session/a3743821acdb447122c835bf989708fa/element HTTP/1.1
User-Agent: selenium/4.8.1 (java windows)
traceparent: 00-f8f70c97537b1e989ef6f0686d940109-66c007275e602cfb-01
Content-Length: 78
Content-Type: application/json; charset=utf-8
host: hub.lambdatest.com
authorization: Basic YWtoaWwyMDQ5NTpMVF9wVzUzajJBdTNJN08wUWtWd0VLZUdMR0tSbHN5SnBaN1FiRDZSQ1laemwyRFRKQw==
accept: */*

Response DefaultHttpResponse(decodeResult: success, version: HTTP/1.1)
HTTP/1.1 404 Not Found
Date: Fri, 16 May 2025 18:07:30 GMT
Content-Type: application/json
Content-Length: 1039
Connection: keep-alive
Vary: Accept-Encoding

23:37:31.618 [AsyncHttpClient-1-2] DEBUG org.asynchttpclient.netty.channel.ChannelManager - Adding key: https://hub.lambdatest.com:443 for channel [id: 0xc1ae6e26, L:/192.168.0.149:55836 - R:hub.lambdatest.com/65.0.196.161:443]
23:37:31.751 [AsyncHttpClient-1-1] DEBUG org.asynchttpclient.netty.channel.DefaultChannelPool - Entry count for : https://hub.lambdatest.com:443 : 1
23:37:31.824 [Forwarding findElement on session a3743821acdb447122c835bf989708fa to remote] DEBUG org.asynchttpclient.netty.request.NettyRequestSender - Using pooled Channel '[id: 0xc1ae6e26, L:/192.168.0.149:55836 - R:hub.lambdatest.com/65.0.196.161:443]' for 'POST' to 'https://akhil20495:LT_pW53j2Au3I7O0QkVwEKeGLGKRlsyJpZ7QbD6RCYZzl2DTJC@hub.lambdatest.com/wd/hub/session/a3743821acdb447122c835bf989708fa/element'
23:37:31.824 [Forwarding findElement on session a3743821acdb447122c835bf989708fa to remote] DEBUG org.asynchttpclient.netty.request.NettyRequestSender - Using open Channel [id: 0xc1ae6e26, L:/192.168.0.149:55836 - R:hub.lambdatest.com/65.0.196.161:443] for POST '/wd/hub/session/a3743821acdb447122c835bf989708fa/element'
23:37:31.871 [AsyncHttpClient-1-2] DEBUG org.asynchttpclient.netty.handler.HttpHandler - 

Request DefaultHttpRequest(decodeResult: success, version: HTTP/1.1)
POST /wd/hub/session/a3743821acdb447122c835bf989708fa/element HTTP/1.1
User-Agent: selenium/4.8.1 (java windows)
traceparent: 00-7a75a2b7c359808cad21a47d2d59e87f-4ab4dc850cddfe13-01
Content-Length: 78
Content-Type: application/json; charset=utf-8
host: hub.lambdatest.com
authorization: Basic YWtoaWwyMDQ5NTpMVF9wVzUzajJBdTNJN08wUWtWd0VLZUdMR0tSbHN5SnBaN1FiRDZSQ1laemwyRFRKQw==
accept: */*

Response DefaultHttpResponse(decodeResult: success, version: HTTP/1.1)
HTTP/1.1 404 Not Found
Date: Fri, 16 May 2025 18:07:30 GMT
Content-Type: application/json
Content-Length: 1039
Connection: keep-alive
Vary: Accept-Encoding

23:37:31.871 [AsyncHttpClient-1-2] DEBUG org.asynchttpclient.netty.channel.ChannelManager - Adding key: https://hub.lambdatest.com:443 for channel [id: 0xc1ae6e26, L:/192.168.0.149:55836 - R:hub.lambdatest.com/65.0.196.161:443]
23:37:32.074 [Forwarding findElement on session a3743821acdb447122c835bf989708fa to remote] DEBUG org.asynchttpclient.netty.request.NettyRequestSender - Using pooled Channel '[id: 0xc1ae6e26, L:/192.168.0.149:55836 - R:hub.lambdatest.com/65.0.196.161:443]' for 'POST' to 'https://akhil20495:LT_pW53j2Au3I7O0QkVwEKeGLGKRlsyJpZ7QbD6RCYZzl2DTJC@hub.lambdatest.com/wd/hub/session/a3743821acdb447122c835bf989708fa/element'
23:37:32.077 [Forwarding findElement on session a3743821acdb447122c835bf989708fa to remote] DEBUG org.asynchttpclient.netty.request.NettyRequestSender - Using open Channel [id: 0xc1ae6e26, L:/192.168.0.149:55836 - R:hub.lambdatest.com/65.0.196.161:443] for POST '/wd/hub/session/a3743821acdb447122c835bf989708fa/element'
23:37:32.125 [AsyncHttpClient-1-2] DEBUG org.asynchttpclient.netty.handler.HttpHandler - 

Request DefaultHttpRequest(decodeResult: success, version: HTTP/1.1)
POST /wd/hub/session/a3743821acdb447122c835bf989708fa/element HTTP/1.1
User-Agent: selenium/4.8.1 (java windows)
traceparent: 00-3c5a62bf1e140f4e807ea8f87455fffa-2eebe660c2349274-01
Content-Length: 78
Content-Type: application/json; charset=utf-8
host: hub.lambdatest.com
authorization: Basic YWtoaWwyMDQ5NTpMVF9wVzUzajJBdTNJN08wUWtWd0VLZUdMR0tSbHN5SnBaN1FiRDZSQ1laemwyRFRKQw==
accept: */*

Response DefaultHttpResponse(decodeResult: success, version: HTTP/1.1)
HTTP/1.1 404 Not Found
Date: Fri, 16 May 2025 18:07:31 GMT
Content-Type: application/json
Content-Length: 1039
Connection: keep-alive
Vary: Accept-Encoding

23:37:32.125 [AsyncHttpClient-1-2] DEBUG org.asynchttpclient.netty.channel.ChannelManager - Adding key: https://hub.lambdatest.com:443 for channel [id: 0xc1ae6e26, L:/192.168.0.149:55836 - R:hub.lambdatest.com/65.0.196.161:443]
23:37:32.339 [Forwarding findElement on session a3743821acdb447122c835bf989708fa to remote] DEBUG org.asynchttpclient.netty.request.NettyRequestSender - Using pooled Channel '[id: 0xc1ae6e26, L:/192.168.0.149:55836 - R:hub.lambdatest.com/65.0.196.161:443]' for 'POST' to 'https://akhil20495:LT_pW53j2Au3I7O0QkVwEKeGLGKRlsyJpZ7QbD6RCYZzl2DTJC@hub.lambdatest.com/wd/hub/session/a3743821acdb447122c835bf989708fa/element'
23:37:32.339 [Forwarding findElement on session a3743821acdb447122c835bf989708fa to remote] DEBUG org.asynchttpclient.netty.request.NettyRequestSender - Using open Channel [id: 0xc1ae6e26, L:/192.168.0.149:55836 - R:hub.lambdatest.com/65.0.196.161:443] for POST '/wd/hub/session/a3743821acdb447122c835bf989708fa/element'
23:37:32.386 [AsyncHttpClient-1-2] DEBUG org.asynchttpclient.netty.handler.HttpHandler - 

Request DefaultHttpRequest(decodeResult: success, version: HTTP/1.1)
POST /wd/hub/session/a3743821acdb447122c835bf989708fa/element HTTP/1.1
User-Agent: selenium/4.8.1 (java windows)
traceparent: 00-bf7762e80f57397fb5fd835ed08c5729-50787db1c91a9ba4-01
Content-Length: 78
Content-Type: application/json; charset=utf-8
host: hub.lambdatest.com
authorization: Basic YWtoaWwyMDQ5NTpMVF9wVzUzajJBdTNJN08wUWtWd0VLZUdMR0tSbHN5SnBaN1FiRDZSQ1laemwyRFRKQw==
accept: */*

Response DefaultHttpResponse(decodeResult: success, version: HTTP/1.1)
HTTP/1.1 404 Not Found
Date: Fri, 16 May 2025 18:07:31 GMT
Content-Type: application/json
Content-Length: 1039
Connection: keep-alive
Vary: Accept-Encoding

23:37:32.386 [AsyncHttpClient-1-2] DEBUG org.asynchttpclient.netty.channel.ChannelManager - Adding key: https://hub.lambdatest.com:443 for channel [id: 0xc1ae6e26, L:/192.168.0.149:55836 - R:hub.lambdatest.com/65.0.196.161:443]
23:37:32.603 [Forwarding findElement on session a3743821acdb447122c835bf989708fa to remote] DEBUG org.asynchttpclient.netty.request.NettyRequestSender - Using pooled Channel '[id: 0xc1ae6e26, L:/192.168.0.149:55836 - R:hub.lambdatest.com/65.0.196.161:443]' for 'POST' to 'https://akhil20495:LT_pW53j2Au3I7O0QkVwEKeGLGKRlsyJpZ7QbD6RCYZzl2DTJC@hub.lambdatest.com/wd/hub/session/a3743821acdb447122c835bf989708fa/element'
23:37:32.603 [Forwarding findElement on session a3743821acdb447122c835bf989708fa to remote] DEBUG org.asynchttpclient.netty.request.NettyRequestSender - Using open Channel [id: 0xc1ae6e26, L:/192.168.0.149:55836 - R:hub.lambdatest.com/65.0.196.161:443] for POST '/wd/hub/session/a3743821acdb447122c835bf989708fa/element'
23:37:32.651 [AsyncHttpClient-1-2] DEBUG org.asynchttpclient.netty.handler.HttpHandler - 

Request DefaultHttpRequest(decodeResult: success, version: HTTP/1.1)
POST /wd/hub/session/a3743821acdb447122c835bf989708fa/element HTTP/1.1
User-Agent: selenium/4.8.1 (java windows)
traceparent: 00-6f7c3379d19407d7785b033b5c340a02-7086717a8783a17d-01
Content-Length: 78
Content-Type: application/json; charset=utf-8
host: hub.lambdatest.com
authorization: Basic YWtoaWwyMDQ5NTpMVF9wVzUzajJBdTNJN08wUWtWd0VLZUdMR0tSbHN5SnBaN1FiRDZSQ1laemwyRFRKQw==
accept: */*

Response DefaultHttpResponse(decodeResult: success, version: HTTP/1.1)
HTTP/1.1 404 Not Found
Date: Fri, 16 May 2025 18:07:31 GMT
Content-Type: application/json
Content-Length: 1039
Connection: keep-alive
Vary: Accept-Encoding

23:37:32.652 [AsyncHttpClient-1-2] DEBUG org.asynchttpclient.netty.channel.ChannelManager - Adding key: https://hub.lambdatest.com:443 for channel [id: 0xc1ae6e26, L:/192.168.0.149:55836 - R:hub.lambdatest.com/65.0.196.161:443]
23:37:32.850 [AsyncHttpClient-1-1] DEBUG org.asynchttpclient.netty.channel.DefaultChannelPool - Entry count for : https://hub.lambdatest.com:443 : 1
23:37:32.866 [Forwarding findElement on session a3743821acdb447122c835bf989708fa to remote] DEBUG org.asynchttpclient.netty.request.NettyRequestSender - Using pooled Channel '[id: 0xc1ae6e26, L:/192.168.0.149:55836 - R:hub.lambdatest.com/65.0.196.161:443]' for 'POST' to 'https://akhil20495:LT_pW53j2Au3I7O0QkVwEKeGLGKRlsyJpZ7QbD6RCYZzl2DTJC@hub.lambdatest.com/wd/hub/session/a3743821acdb447122c835bf989708fa/element'
23:37:32.866 [Forwarding findElement on session a3743821acdb447122c835bf989708fa to remote] DEBUG org.asynchttpclient.netty.request.NettyRequestSender - Using open Channel [id: 0xc1ae6e26, L:/192.168.0.149:55836 - R:hub.lambdatest.com/65.0.196.161:443] for POST '/wd/hub/session/a3743821acdb447122c835bf989708fa/element'
23:37:32.908 [AsyncHttpClient-1-2] DEBUG org.asynchttpclient.netty.handler.HttpHandler - 

Request DefaultHttpRequest(decodeResult: success, version: HTTP/1.1)
POST /wd/hub/session/a3743821acdb447122c835bf989708fa/element HTTP/1.1
User-Agent: selenium/4.8.1 (java windows)
traceparent: 00-7f40fc4142d6f3f36b226b8777331ac6-e992f4068335d382-01
Content-Length: 78
Content-Type: application/json; charset=utf-8
host: hub.lambdatest.com
authorization: Basic YWtoaWwyMDQ5NTpMVF9wVzUzajJBdTNJN08wUWtWd0VLZUdMR0tSbHN5SnBaN1FiRDZSQ1laemwyRFRKQw==
accept: */*

Response DefaultHttpResponse(decodeResult: success, version: HTTP/1.1)
HTTP/1.1 404 Not Found
Date: Fri, 16 May 2025 18:07:31 GMT
Content-Type: application/json
Content-Length: 1039
Connection: keep-alive
Vary: Accept-Encoding

23:37:32.908 [AsyncHttpClient-1-2] DEBUG org.asynchttpclient.netty.channel.ChannelManager - Adding key: https://hub.lambdatest.com:443 for channel [id: 0xc1ae6e26, L:/192.168.0.149:55836 - R:hub.lambdatest.com/65.0.196.161:443]
23:37:33.116 [Forwarding findElement on session a3743821acdb447122c835bf989708fa to remote] DEBUG org.asynchttpclient.netty.request.NettyRequestSender - Using pooled Channel '[id: 0xc1ae6e26, L:/192.168.0.149:55836 - R:hub.lambdatest.com/65.0.196.161:443]' for 'POST' to 'https://akhil20495:LT_pW53j2Au3I7O0QkVwEKeGLGKRlsyJpZ7QbD6RCYZzl2DTJC@hub.lambdatest.com/wd/hub/session/a3743821acdb447122c835bf989708fa/element'
23:37:33.116 [Forwarding findElement on session a3743821acdb447122c835bf989708fa to remote] DEBUG org.asynchttpclient.netty.request.NettyRequestSender - Using open Channel [id: 0xc1ae6e26, L:/192.168.0.149:55836 - R:hub.lambdatest.com/65.0.196.161:443] for POST '/wd/hub/session/a3743821acdb447122c835bf989708fa/element'
23:37:33.158 [AsyncHttpClient-1-2] DEBUG org.asynchttpclient.netty.handler.HttpHandler - 

Request DefaultHttpRequest(decodeResult: success, version: HTTP/1.1)
POST /wd/hub/session/a3743821acdb447122c835bf989708fa/element HTTP/1.1
User-Agent: selenium/4.8.1 (java windows)
traceparent: 00-6d63a1615301830e44e6ef1d1d53bcaa-353e381b691ec459-01
Content-Length: 78
Content-Type: application/json; charset=utf-8
host: hub.lambdatest.com
authorization: Basic YWtoaWwyMDQ5NTpMVF9wVzUzajJBdTNJN08wUWtWd0VLZUdMR0tSbHN5SnBaN1FiRDZSQ1laemwyRFRKQw==
accept: */*

Response DefaultHttpResponse(decodeResult: success, version: HTTP/1.1)
HTTP/1.1 404 Not Found
Date: Fri, 16 May 2025 18:07:32 GMT
Content-Type: application/json
Content-Length: 1039
Connection: keep-alive
Vary: Accept-Encoding

23:37:33.159 [AsyncHttpClient-1-2] DEBUG org.asynchttpclient.netty.channel.ChannelManager - Adding key: https://hub.lambdatest.com:443 for channel [id: 0xc1ae6e26, L:/192.168.0.149:55836 - R:hub.lambdatest.com/65.0.196.161:443]
23:37:33.364 [Forwarding findElement on session a3743821acdb447122c835bf989708fa to remote] DEBUG org.asynchttpclient.netty.request.NettyRequestSender - Using pooled Channel '[id: 0xc1ae6e26, L:/192.168.0.149:55836 - R:hub.lambdatest.com/65.0.196.161:443]' for 'POST' to 'https://akhil20495:LT_pW53j2Au3I7O0QkVwEKeGLGKRlsyJpZ7QbD6RCYZzl2DTJC@hub.lambdatest.com/wd/hub/session/a3743821acdb447122c835bf989708fa/element'
23:37:33.364 [Forwarding findElement on session a3743821acdb447122c835bf989708fa to remote] DEBUG org.asynchttpclient.netty.request.NettyRequestSender - Using open Channel [id: 0xc1ae6e26, L:/192.168.0.149:55836 - R:hub.lambdatest.com/65.0.196.161:443] for POST '/wd/hub/session/a3743821acdb447122c835bf989708fa/element'
23:37:33.407 [AsyncHttpClient-1-2] DEBUG org.asynchttpclient.netty.handler.HttpHandler - 

Request DefaultHttpRequest(decodeResult: success, version: HTTP/1.1)
POST /wd/hub/session/a3743821acdb447122c835bf989708fa/element HTTP/1.1
User-Agent: selenium/4.8.1 (java windows)
traceparent: 00-85738231220a2e81e35b87168d307f0f-71091a8eebcdc103-01
Content-Length: 78
Content-Type: application/json; charset=utf-8
host: hub.lambdatest.com
authorization: Basic YWtoaWwyMDQ5NTpMVF9wVzUzajJBdTNJN08wUWtWd0VLZUdMR0tSbHN5SnBaN1FiRDZSQ1laemwyRFRKQw==
accept: */*

Response DefaultHttpResponse(decodeResult: success, version: HTTP/1.1)
HTTP/1.1 404 Not Found
Date: Fri, 16 May 2025 18:07:32 GMT
Content-Type: application/json
Content-Length: 1039
Connection: keep-alive
Vary: Accept-Encoding

23:37:33.408 [AsyncHttpClient-1-2] DEBUG org.asynchttpclient.netty.channel.ChannelManager - Adding key: https://hub.lambdatest.com:443 for channel [id: 0xc1ae6e26, L:/192.168.0.149:55836 - R:hub.lambdatest.com/65.0.196.161:443]
23:37:33.614 [Forwarding findElement on session a3743821acdb447122c835bf989708fa to remote] DEBUG org.asynchttpclient.netty.request.NettyRequestSender - Using pooled Channel '[id: 0xc1ae6e26, L:/192.168.0.149:55836 - R:hub.lambdatest.com/65.0.196.161:443]' for 'POST' to 'https://akhil20495:LT_pW53j2Au3I7O0QkVwEKeGLGKRlsyJpZ7QbD6RCYZzl2DTJC@hub.lambdatest.com/wd/hub/session/a3743821acdb447122c835bf989708fa/element'
23:37:33.614 [Forwarding findElement on session a3743821acdb447122c835bf989708fa to remote] DEBUG org.asynchttpclient.netty.request.NettyRequestSender - Using open Channel [id: 0xc1ae6e26, L:/192.168.0.149:55836 - R:hub.lambdatest.com/65.0.196.161:443] for POST '/wd/hub/session/a3743821acdb447122c835bf989708fa/element'
23:37:33.658 [AsyncHttpClient-1-2] DEBUG org.asynchttpclient.netty.handler.HttpHandler - 

Request DefaultHttpRequest(decodeResult: success, version: HTTP/1.1)
POST /wd/hub/session/a3743821acdb447122c835bf989708fa/element HTTP/1.1
User-Agent: selenium/4.8.1 (java windows)
traceparent: 00-052cd57130770b936d5b14075278ea90-92f995d535dca90d-01
Content-Length: 78
Content-Type: application/json; charset=utf-8
host: hub.lambdatest.com
authorization: Basic YWtoaWwyMDQ5NTpMVF9wVzUzajJBdTNJN08wUWtWd0VLZUdMR0tSbHN5SnBaN1FiRDZSQ1laemwyRFRKQw==
accept: */*

Response DefaultHttpResponse(decodeResult: success, version: HTTP/1.1)
HTTP/1.1 404 Not Found
Date: Fri, 16 May 2025 18:07:32 GMT
Content-Type: application/json
Content-Length: 1039
Connection: keep-alive
Vary: Accept-Encoding

23:37:33.659 [AsyncHttpClient-1-2] DEBUG org.asynchttpclient.netty.channel.ChannelManager - Adding key: https://hub.lambdatest.com:443 for channel [id: 0xc1ae6e26, L:/192.168.0.149:55836 - R:hub.lambdatest.com/65.0.196.161:443]
23:37:33.866 [Forwarding findElement on session a3743821acdb447122c835bf989708fa to remote] DEBUG org.asynchttpclient.netty.request.NettyRequestSender - Using pooled Channel '[id: 0xc1ae6e26, L:/192.168.0.149:55836 - R:hub.lambdatest.com/65.0.196.161:443]' for 'POST' to 'https://akhil20495:LT_pW53j2Au3I7O0QkVwEKeGLGKRlsyJpZ7QbD6RCYZzl2DTJC@hub.lambdatest.com/wd/hub/session/a3743821acdb447122c835bf989708fa/element'
23:37:33.866 [Forwarding findElement on session a3743821acdb447122c835bf989708fa to remote] DEBUG org.asynchttpclient.netty.request.NettyRequestSender - Using open Channel [id: 0xc1ae6e26, L:/192.168.0.149:55836 - R:hub.lambdatest.com/65.0.196.161:443] for POST '/wd/hub/session/a3743821acdb447122c835bf989708fa/element'
23:37:33.910 [AsyncHttpClient-1-2] DEBUG org.asynchttpclient.netty.handler.HttpHandler - 

Request DefaultHttpRequest(decodeResult: success, version: HTTP/1.1)
POST /wd/hub/session/a3743821acdb447122c835bf989708fa/element HTTP/1.1
User-Agent: selenium/4.8.1 (java windows)
traceparent: 00-936247f806f49614a10a5586118a7fb9-949471be0ca51d96-01
Content-Length: 78
Content-Type: application/json; charset=utf-8
host: hub.lambdatest.com
authorization: Basic YWtoaWwyMDQ5NTpMVF9wVzUzajJBdTNJN08wUWtWd0VLZUdMR0tSbHN5SnBaN1FiRDZSQ1laemwyRFRKQw==
accept: */*

Response DefaultHttpResponse(decodeResult: success, version: HTTP/1.1)
HTTP/1.1 404 Not Found
Date: Fri, 16 May 2025 18:07:32 GMT
Content-Type: application/json
Content-Length: 1039
Connection: keep-alive
Vary: Accept-Encoding

23:37:33.911 [AsyncHttpClient-1-2] DEBUG org.asynchttpclient.netty.channel.ChannelManager - Adding key: https://hub.lambdatest.com:443 for channel [id: 0xc1ae6e26, L:/192.168.0.149:55836 - R:hub.lambdatest.com/65.0.196.161:443]
23:37:33.957 [AsyncHttpClient-1-1] DEBUG org.asynchttpclient.netty.channel.DefaultChannelPool - Entry count for : https://hub.lambdatest.com:443 : 1
23:37:34.115 [Forwarding findElement on session a3743821acdb447122c835bf989708fa to remote] DEBUG org.asynchttpclient.netty.request.NettyRequestSender - Using pooled Channel '[id: 0xc1ae6e26, L:/192.168.0.149:55836 - R:hub.lambdatest.com/65.0.196.161:443]' for 'POST' to 'https://akhil20495:LT_pW53j2Au3I7O0QkVwEKeGLGKRlsyJpZ7QbD6RCYZzl2DTJC@hub.lambdatest.com/wd/hub/session/a3743821acdb447122c835bf989708fa/element'
23:37:34.115 [Forwarding findElement on session a3743821acdb447122c835bf989708fa to remote] DEBUG org.asynchttpclient.netty.request.NettyRequestSender - Using open Channel [id: 0xc1ae6e26, L:/192.168.0.149:55836 - R:hub.lambdatest.com/65.0.196.161:443] for POST '/wd/hub/session/a3743821acdb447122c835bf989708fa/element'
23:37:34.160 [AsyncHttpClient-1-2] DEBUG org.asynchttpclient.netty.handler.HttpHandler - 

Request DefaultHttpRequest(decodeResult: success, version: HTTP/1.1)
POST /wd/hub/session/a3743821acdb447122c835bf989708fa/element HTTP/1.1
User-Agent: selenium/4.8.1 (java windows)
traceparent: 00-c1d575356d5add435276efd0479133d6-60de783f885f789d-01
Content-Length: 78
Content-Type: application/json; charset=utf-8
host: hub.lambdatest.com
authorization: Basic YWtoaWwyMDQ5NTpMVF9wVzUzajJBdTNJN08wUWtWd0VLZUdMR0tSbHN5SnBaN1FiRDZSQ1laemwyRFRKQw==
accept: */*

Response DefaultHttpResponse(decodeResult: success, version: HTTP/1.1)
HTTP/1.1 404 Not Found
Date: Fri, 16 May 2025 18:07:33 GMT
Content-Type: application/json
Content-Length: 1039
Connection: keep-alive
Vary: Accept-Encoding

23:37:34.160 [AsyncHttpClient-1-2] DEBUG org.asynchttpclient.netty.channel.ChannelManager - Adding key: https://hub.lambdatest.com:443 for channel [id: 0xc1ae6e26, L:/192.168.0.149:55836 - R:hub.lambdatest.com/65.0.196.161:443]
23:37:34.367 [Forwarding findElement on session a3743821acdb447122c835bf989708fa to remote] DEBUG org.asynchttpclient.netty.request.NettyRequestSender - Using pooled Channel '[id: 0xc1ae6e26, L:/192.168.0.149:55836 - R:hub.lambdatest.com/65.0.196.161:443]' for 'POST' to 'https://akhil20495:LT_pW53j2Au3I7O0QkVwEKeGLGKRlsyJpZ7QbD6RCYZzl2DTJC@hub.lambdatest.com/wd/hub/session/a3743821acdb447122c835bf989708fa/element'
23:37:34.367 [Forwarding findElement on session a3743821acdb447122c835bf989708fa to remote] DEBUG org.asynchttpclient.netty.request.NettyRequestSender - Using open Channel [id: 0xc1ae6e26, L:/192.168.0.149:55836 - R:hub.lambdatest.com/65.0.196.161:443] for POST '/wd/hub/session/a3743821acdb447122c835bf989708fa/element'
23:37:34.413 [AsyncHttpClient-1-2] DEBUG org.asynchttpclient.netty.handler.HttpHandler - 

Request DefaultHttpRequest(decodeResult: success, version: HTTP/1.1)
POST /wd/hub/session/a3743821acdb447122c835bf989708fa/element HTTP/1.1
User-Agent: selenium/4.8.1 (java windows)
traceparent: 00-18558e2a7f6d3ebc5cbac993cad3769d-f077ceda74938359-01
Content-Length: 78
Content-Type: application/json; charset=utf-8
host: hub.lambdatest.com
authorization: Basic YWtoaWwyMDQ5NTpMVF9wVzUzajJBdTNJN08wUWtWd0VLZUdMR0tSbHN5SnBaN1FiRDZSQ1laemwyRFRKQw==
accept: */*

Response DefaultHttpResponse(decodeResult: success, version: HTTP/1.1)
HTTP/1.1 404 Not Found
Date: Fri, 16 May 2025 18:07:33 GMT
Content-Type: application/json
Content-Length: 1039
Connection: keep-alive
Vary: Accept-Encoding

23:37:34.414 [AsyncHttpClient-1-2] DEBUG org.asynchttpclient.netty.channel.ChannelManager - Adding key: https://hub.lambdatest.com:443 for channel [id: 0xc1ae6e26, L:/192.168.0.149:55836 - R:hub.lambdatest.com/65.0.196.161:443]
23:37:34.630 [Forwarding findElement on session a3743821acdb447122c835bf989708fa to remote] DEBUG org.asynchttpclient.netty.request.NettyRequestSender - Using pooled Channel '[id: 0xc1ae6e26, L:/192.168.0.149:55836 - R:hub.lambdatest.com/65.0.196.161:443]' for 'POST' to 'https://akhil20495:LT_pW53j2Au3I7O0QkVwEKeGLGKRlsyJpZ7QbD6RCYZzl2DTJC@hub.lambdatest.com/wd/hub/session/a3743821acdb447122c835bf989708fa/element'
23:37:34.631 [Forwarding findElement on session a3743821acdb447122c835bf989708fa to remote] DEBUG org.asynchttpclient.netty.request.NettyRequestSender - Using open Channel [id: 0xc1ae6e26, L:/192.168.0.149:55836 - R:hub.lambdatest.com/65.0.196.161:443] for POST '/wd/hub/session/a3743821acdb447122c835bf989708fa/element'
23:37:34.677 [AsyncHttpClient-1-2] DEBUG org.asynchttpclient.netty.handler.HttpHandler - 

Request DefaultHttpRequest(decodeResult: success, version: HTTP/1.1)
POST /wd/hub/session/a3743821acdb447122c835bf989708fa/element HTTP/1.1
User-Agent: selenium/4.8.1 (java windows)
traceparent: 00-6b33ca67de0770bab7f2a881c92001a6-0b70063c9c9f1f85-01
Content-Length: 78
Content-Type: application/json; charset=utf-8
host: hub.lambdatest.com
authorization: Basic YWtoaWwyMDQ5NTpMVF9wVzUzajJBdTNJN08wUWtWd0VLZUdMR0tSbHN5SnBaN1FiRDZSQ1laemwyRFRKQw==
accept: */*

Response DefaultHttpResponse(decodeResult: success, version: HTTP/1.1)
HTTP/1.1 404 Not Found
Date: Fri, 16 May 2025 18:07:33 GMT
Content-Type: application/json
Content-Length: 1039
Connection: keep-alive
Vary: Accept-Encoding

23:37:34.677 [AsyncHttpClient-1-2] DEBUG org.asynchttpclient.netty.channel.ChannelManager - Adding key: https://hub.lambdatest.com:443 for channel [id: 0xc1ae6e26, L:/192.168.0.149:55836 - R:hub.lambdatest.com/65.0.196.161:443]
23:37:34.894 [Forwarding findElement on session a3743821acdb447122c835bf989708fa to remote] DEBUG org.asynchttpclient.netty.request.NettyRequestSender - Using pooled Channel '[id: 0xc1ae6e26, L:/192.168.0.149:55836 - R:hub.lambdatest.com/65.0.196.161:443]' for 'POST' to 'https://akhil20495:LT_pW53j2Au3I7O0QkVwEKeGLGKRlsyJpZ7QbD6RCYZzl2DTJC@hub.lambdatest.com/wd/hub/session/a3743821acdb447122c835bf989708fa/element'
23:37:34.894 [Forwarding findElement on session a3743821acdb447122c835bf989708fa to remote] DEBUG org.asynchttpclient.netty.request.NettyRequestSender - Using open Channel [id: 0xc1ae6e26, L:/192.168.0.149:55836 - R:hub.lambdatest.com/65.0.196.161:443] for POST '/wd/hub/session/a3743821acdb447122c835bf989708fa/element'
23:37:34.939 [AsyncHttpClient-1-2] DEBUG org.asynchttpclient.netty.handler.HttpHandler - 

Request DefaultHttpRequest(decodeResult: success, version: HTTP/1.1)
POST /wd/hub/session/a3743821acdb447122c835bf989708fa/element HTTP/1.1
User-Agent: selenium/4.8.1 (java windows)
traceparent: 00-ee0ebba13e7bd214896fd18f7be12b0d-88e99d9476e25344-01
Content-Length: 78
Content-Type: application/json; charset=utf-8
host: hub.lambdatest.com
authorization: Basic YWtoaWwyMDQ5NTpMVF9wVzUzajJBdTNJN08wUWtWd0VLZUdMR0tSbHN5SnBaN1FiRDZSQ1laemwyRFRKQw==
accept: */*

Response DefaultHttpResponse(decodeResult: success, version: HTTP/1.1)
HTTP/1.1 404 Not Found
Date: Fri, 16 May 2025 18:07:33 GMT
Content-Type: application/json
Content-Length: 1039
Connection: keep-alive
Vary: Accept-Encoding

23:37:34.939 [AsyncHttpClient-1-2] DEBUG org.asynchttpclient.netty.channel.ChannelManager - Adding key: https://hub.lambdatest.com:443 for channel [id: 0xc1ae6e26, L:/192.168.0.149:55836 - R:hub.lambdatest.com/65.0.196.161:443]
23:37:35.050 [AsyncHttpClient-1-1] DEBUG org.asynchttpclient.netty.channel.DefaultChannelPool - Entry count for : https://hub.lambdatest.com:443 : 1
23:37:35.144 [Forwarding findElement on session a3743821acdb447122c835bf989708fa to remote] DEBUG org.asynchttpclient.netty.request.NettyRequestSender - Using pooled Channel '[id: 0xc1ae6e26, L:/192.168.0.149:55836 - R:hub.lambdatest.com/65.0.196.161:443]' for 'POST' to 'https://akhil20495:LT_pW53j2Au3I7O0QkVwEKeGLGKRlsyJpZ7QbD6RCYZzl2DTJC@hub.lambdatest.com/wd/hub/session/a3743821acdb447122c835bf989708fa/element'
23:37:35.145 [Forwarding findElement on session a3743821acdb447122c835bf989708fa to remote] DEBUG org.asynchttpclient.netty.request.NettyRequestSender - Using open Channel [id: 0xc1ae6e26, L:/192.168.0.149:55836 - R:hub.lambdatest.com/65.0.196.161:443] for POST '/wd/hub/session/a3743821acdb447122c835bf989708fa/element'
23:37:35.191 [AsyncHttpClient-1-2] DEBUG org.asynchttpclient.netty.handler.HttpHandler - 

Request DefaultHttpRequest(decodeResult: success, version: HTTP/1.1)
POST /wd/hub/session/a3743821acdb447122c835bf989708fa/element HTTP/1.1
User-Agent: selenium/4.8.1 (java windows)
traceparent: 00-c251d5a36a52c1e58e89ff90592fcbd5-9d4cebb6299902f4-01
Content-Length: 78
Content-Type: application/json; charset=utf-8
host: hub.lambdatest.com
authorization: Basic YWtoaWwyMDQ5NTpMVF9wVzUzajJBdTNJN08wUWtWd0VLZUdMR0tSbHN5SnBaN1FiRDZSQ1laemwyRFRKQw==
accept: */*

Response DefaultHttpResponse(decodeResult: success, version: HTTP/1.1)
HTTP/1.1 404 Not Found
Date: Fri, 16 May 2025 18:07:34 GMT
Content-Type: application/json
Content-Length: 1039
Connection: keep-alive
Vary: Accept-Encoding

23:37:35.192 [AsyncHttpClient-1-2] DEBUG org.asynchttpclient.netty.channel.ChannelManager - Adding key: https://hub.lambdatest.com:443 for channel [id: 0xc1ae6e26, L:/192.168.0.149:55836 - R:hub.lambdatest.com/65.0.196.161:443]
23:37:35.407 [Forwarding findElement on session a3743821acdb447122c835bf989708fa to remote] DEBUG org.asynchttpclient.netty.request.NettyRequestSender - Using pooled Channel '[id: 0xc1ae6e26, L:/192.168.0.149:55836 - R:hub.lambdatest.com/65.0.196.161:443]' for 'POST' to 'https://akhil20495:LT_pW53j2Au3I7O0QkVwEKeGLGKRlsyJpZ7QbD6RCYZzl2DTJC@hub.lambdatest.com/wd/hub/session/a3743821acdb447122c835bf989708fa/element'
23:37:35.407 [Forwarding findElement on session a3743821acdb447122c835bf989708fa to remote] DEBUG org.asynchttpclient.netty.request.NettyRequestSender - Using open Channel [id: 0xc1ae6e26, L:/192.168.0.149:55836 - R:hub.lambdatest.com/65.0.196.161:443] for POST '/wd/hub/session/a3743821acdb447122c835bf989708fa/element'
23:37:35.457 [AsyncHttpClient-1-2] DEBUG org.asynchttpclient.netty.handler.HttpHandler - 

Request DefaultHttpRequest(decodeResult: success, version: HTTP/1.1)
POST /wd/hub/session/a3743821acdb447122c835bf989708fa/element HTTP/1.1
User-Agent: selenium/4.8.1 (java windows)
traceparent: 00-adabb321109ef47d29dde5dafc53927a-cf66080c6442080c-01
Content-Length: 78
Content-Type: application/json; charset=utf-8
host: hub.lambdatest.com
authorization: Basic YWtoaWwyMDQ5NTpMVF9wVzUzajJBdTNJN08wUWtWd0VLZUdMR0tSbHN5SnBaN1FiRDZSQ1laemwyRFRKQw==
accept: */*

Response DefaultHttpResponse(decodeResult: success, version: HTTP/1.1)
HTTP/1.1 404 Not Found
Date: Fri, 16 May 2025 18:07:34 GMT
Content-Type: application/json
Content-Length: 1039
Connection: keep-alive
Vary: Accept-Encoding

23:37:35.458 [AsyncHttpClient-1-2] DEBUG org.asynchttpclient.netty.channel.ChannelManager - Adding key: https://hub.lambdatest.com:443 for channel [id: 0xc1ae6e26, L:/192.168.0.149:55836 - R:hub.lambdatest.com/65.0.196.161:443]
23:37:35.669 [Forwarding findElement on session a3743821acdb447122c835bf989708fa to remote] DEBUG org.asynchttpclient.netty.request.NettyRequestSender - Using pooled Channel '[id: 0xc1ae6e26, L:/192.168.0.149:55836 - R:hub.lambdatest.com/65.0.196.161:443]' for 'POST' to 'https://akhil20495:LT_pW53j2Au3I7O0QkVwEKeGLGKRlsyJpZ7QbD6RCYZzl2DTJC@hub.lambdatest.com/wd/hub/session/a3743821acdb447122c835bf989708fa/element'
23:37:35.669 [Forwarding findElement on session a3743821acdb447122c835bf989708fa to remote] DEBUG org.asynchttpclient.netty.request.NettyRequestSender - Using open Channel [id: 0xc1ae6e26, L:/192.168.0.149:55836 - R:hub.lambdatest.com/65.0.196.161:443] for POST '/wd/hub/session/a3743821acdb447122c835bf989708fa/element'
23:37:35.715 [AsyncHttpClient-1-2] DEBUG org.asynchttpclient.netty.handler.HttpHandler - 

Request DefaultHttpRequest(decodeResult: success, version: HTTP/1.1)
POST /wd/hub/session/a3743821acdb447122c835bf989708fa/element HTTP/1.1
User-Agent: selenium/4.8.1 (java windows)
traceparent: 00-ee7d241f313f361354fd4057d80f4a2e-1c17ce87d9bca3f0-01
Content-Length: 78
Content-Type: application/json; charset=utf-8
host: hub.lambdatest.com
authorization: Basic YWtoaWwyMDQ5NTpMVF9wVzUzajJBdTNJN08wUWtWd0VLZUdMR0tSbHN5SnBaN1FiRDZSQ1laemwyRFRKQw==
accept: */*

Response DefaultHttpResponse(decodeResult: success, version: HTTP/1.1)
HTTP/1.1 404 Not Found
Date: Fri, 16 May 2025 18:07:34 GMT
Content-Type: application/json
Content-Length: 1039
Connection: keep-alive
Vary: Accept-Encoding

23:37:35.715 [AsyncHttpClient-1-2] DEBUG org.asynchttpclient.netty.channel.ChannelManager - Adding key: https://hub.lambdatest.com:443 for channel [id: 0xc1ae6e26, L:/192.168.0.149:55836 - R:hub.lambdatest.com/65.0.196.161:443]
23:37:35.933 [Forwarding findElement on session a3743821acdb447122c835bf989708fa to remote] DEBUG org.asynchttpclient.netty.request.NettyRequestSender - Using pooled Channel '[id: 0xc1ae6e26, L:/192.168.0.149:55836 - R:hub.lambdatest.com/65.0.196.161:443]' for 'POST' to 'https://akhil20495:LT_pW53j2Au3I7O0QkVwEKeGLGKRlsyJpZ7QbD6RCYZzl2DTJC@hub.lambdatest.com/wd/hub/session/a3743821acdb447122c835bf989708fa/element'
23:37:35.933 [Forwarding findElement on session a3743821acdb447122c835bf989708fa to remote] DEBUG org.asynchttpclient.netty.request.NettyRequestSender - Using open Channel [id: 0xc1ae6e26, L:/192.168.0.149:55836 - R:hub.lambdatest.com/65.0.196.161:443] for POST '/wd/hub/session/a3743821acdb447122c835bf989708fa/element'
23:37:35.980 [AsyncHttpClient-1-2] DEBUG org.asynchttpclient.netty.handler.HttpHandler - 

Request DefaultHttpRequest(decodeResult: success, version: HTTP/1.1)
POST /wd/hub/session/a3743821acdb447122c835bf989708fa/element HTTP/1.1
User-Agent: selenium/4.8.1 (java windows)
traceparent: 00-2d77ebc1fb09abee070245acca6a5ff7-383047ad6632eaf3-01
Content-Length: 78
Content-Type: application/json; charset=utf-8
host: hub.lambdatest.com
authorization: Basic YWtoaWwyMDQ5NTpMVF9wVzUzajJBdTNJN08wUWtWd0VLZUdMR0tSbHN5SnBaN1FiRDZSQ1laemwyRFRKQw==
accept: */*

Response DefaultHttpResponse(decodeResult: success, version: HTTP/1.1)
HTTP/1.1 404 Not Found
Date: Fri, 16 May 2025 18:07:35 GMT
Content-Type: application/json
Content-Length: 1039
Connection: keep-alive
Vary: Accept-Encoding

23:37:35.981 [AsyncHttpClient-1-2] DEBUG org.asynchttpclient.netty.channel.ChannelManager - Adding key: https://hub.lambdatest.com:443 for channel [id: 0xc1ae6e26, L:/192.168.0.149:55836 - R:hub.lambdatest.com/65.0.196.161:443]
23:37:36.150 [AsyncHttpClient-1-1] DEBUG org.asynchttpclient.netty.channel.DefaultChannelPool - Entry count for : https://hub.lambdatest.com:443 : 1
23:37:36.198 [Forwarding findElement on session a3743821acdb447122c835bf989708fa to remote] DEBUG org.asynchttpclient.netty.request.NettyRequestSender - Using pooled Channel '[id: 0xc1ae6e26, L:/192.168.0.149:55836 - R:hub.lambdatest.com/65.0.196.161:443]' for 'POST' to 'https://akhil20495:LT_pW53j2Au3I7O0QkVwEKeGLGKRlsyJpZ7QbD6RCYZzl2DTJC@hub.lambdatest.com/wd/hub/session/a3743821acdb447122c835bf989708fa/element'
23:37:36.198 [Forwarding findElement on session a3743821acdb447122c835bf989708fa to remote] DEBUG org.asynchttpclient.netty.request.NettyRequestSender - Using open Channel [id: 0xc1ae6e26, L:/192.168.0.149:55836 - R:hub.lambdatest.com/65.0.196.161:443] for POST '/wd/hub/session/a3743821acdb447122c835bf989708fa/element'
23:37:36.244 [AsyncHttpClient-1-2] DEBUG org.asynchttpclient.netty.handler.HttpHandler - 

Request DefaultHttpRequest(decodeResult: success, version: HTTP/1.1)
POST /wd/hub/session/a3743821acdb447122c835bf989708fa/element HTTP/1.1
User-Agent: selenium/4.8.1 (java windows)
traceparent: 00-d463f8a1b2c7f26c8af00bdbb67f52f3-6073700dfc4a036c-01
Content-Length: 78
Content-Type: application/json; charset=utf-8
host: hub.lambdatest.com
authorization: Basic YWtoaWwyMDQ5NTpMVF9wVzUzajJBdTNJN08wUWtWd0VLZUdMR0tSbHN5SnBaN1FiRDZSQ1laemwyRFRKQw==
accept: */*

Response DefaultHttpResponse(decodeResult: success, version: HTTP/1.1)
HTTP/1.1 404 Not Found
Date: Fri, 16 May 2025 18:07:35 GMT
Content-Type: application/json
Content-Length: 1039
Connection: keep-alive
Vary: Accept-Encoding

23:37:36.244 [AsyncHttpClient-1-2] DEBUG org.asynchttpclient.netty.channel.ChannelManager - Adding key: https://hub.lambdatest.com:443 for channel [id: 0xc1ae6e26, L:/192.168.0.149:55836 - R:hub.lambdatest.com/65.0.196.161:443]
23:37:36.448 [Forwarding findElement on session a3743821acdb447122c835bf989708fa to remote] DEBUG org.asynchttpclient.netty.request.NettyRequestSender - Using pooled Channel '[id: 0xc1ae6e26, L:/192.168.0.149:55836 - R:hub.lambdatest.com/65.0.196.161:443]' for 'POST' to 'https://akhil20495:LT_pW53j2Au3I7O0QkVwEKeGLGKRlsyJpZ7QbD6RCYZzl2DTJC@hub.lambdatest.com/wd/hub/session/a3743821acdb447122c835bf989708fa/element'
23:37:36.449 [Forwarding findElement on session a3743821acdb447122c835bf989708fa to remote] DEBUG org.asynchttpclient.netty.request.NettyRequestSender - Using open Channel [id: 0xc1ae6e26, L:/192.168.0.149:55836 - R:hub.lambdatest.com/65.0.196.161:443] for POST '/wd/hub/session/a3743821acdb447122c835bf989708fa/element'
23:37:36.492 [AsyncHttpClient-1-2] DEBUG org.asynchttpclient.netty.handler.HttpHandler - 

Request DefaultHttpRequest(decodeResult: success, version: HTTP/1.1)
POST /wd/hub/session/a3743821acdb447122c835bf989708fa/element HTTP/1.1
User-Agent: selenium/4.8.1 (java windows)
traceparent: 00-9e5d5008506082a9edebbf4eb058edda-856544b3011ab976-01
Content-Length: 78
Content-Type: application/json; charset=utf-8
host: hub.lambdatest.com
authorization: Basic YWtoaWwyMDQ5NTpMVF9wVzUzajJBdTNJN08wUWtWd0VLZUdMR0tSbHN5SnBaN1FiRDZSQ1laemwyRFRKQw==
accept: */*

Response DefaultHttpResponse(decodeResult: success, version: HTTP/1.1)
HTTP/1.1 404 Not Found
Date: Fri, 16 May 2025 18:07:35 GMT
Content-Type: application/json
Content-Length: 1039
Connection: keep-alive
Vary: Accept-Encoding

23:37:36.492 [AsyncHttpClient-1-2] DEBUG org.asynchttpclient.netty.channel.ChannelManager - Adding key: https://hub.lambdatest.com:443 for channel [id: 0xc1ae6e26, L:/192.168.0.149:55836 - R:hub.lambdatest.com/65.0.196.161:443]
  &amp#27;[31mWhen &amp#27;[0m&amp#27;[31mI search for &amp#27;[0m&amp#27;[31m&amp#27;[1m"Selenide testing framework"&amp#27;[0m &amp#27;[90m# com.example.stepdefs.GoogleSearchSteps.i_search_for(java.lang.String)&amp#27;[0m
      &amp#27;[31mElement not found {By.xpath: //textArea[@aria-label='Searh']}
Expected: editable
Timeout: 10 s.
Caused by: NoSuchElementException: no such element: Unable to locate element: {"method":"xpath","selector":"//textArea[@aria-label='Searh']"}
	at com.codeborne.selenide.impl.WebElementSource.createElementNotFoundError(WebElementSource.java:88)
	at com.codeborne.selenide.impl.ElementFinder.createElementNotFoundError(ElementFinder.java:142)
	at com.codeborne.selenide.impl.WebElementSource.handleError(WebElementSource.java:140)
	at com.codeborne.selenide.impl.WebElementSource.checkConditionAndReturnElement(WebElementSource.java:124)
	at com.codeborne.selenide.impl.WebElementSource.findAndAssertElementIsEditable(WebElementSource.java:169)
	at com.codeborne.selenide.commands.SetValue.setValueForTextInput(SetValue.java:58)
	at com.codeborne.selenide.commands.SetValue.execute(SetValue.java:43)
	at com.codeborne.selenide.commands.SetValue.execute(SetValue.java:25)
	at com.codeborne.selenide.commands.Commands.execute(Commands.java:159)
	at com.codeborne.selenide.impl.SelenideElementProxy.dispatchAndRetry(SelenideElementProxy.java:132)
	at com.codeborne.selenide.impl.SelenideElementProxy.invoke(SelenideElementProxy.java:84)
	at jdk.proxy2/jdk.proxy2.$Proxy24.setValue(Unknown Source)
	at com.example.pages.GooglePage.searchFor(GooglePage.java:21)
	at com.example.stepdefs.GoogleSearchSteps.i_search_for(GoogleSearchSteps.java:21)
	at Ã¢Å“Â½.I search for "Selenide testing framework"(classpath:features/google_search.feature:13)
Caused by: org.openqa.selenium.NoSuchElementException: no such element: Unable to locate element: {"method":"xpath","selector":"//textArea[@aria-label='Searh']"}
  (Session info: chrome=136.0.7103.114)
For documentation on this error, please visit: https://selenium.dev/exceptions/#no_such_element
Build info: version: '4.8.1', revision: '8ebccac989'
System info: os.name: 'Windows 11', os.arch: 'amd64', os.version: '10.0', java.version: '17.0.9'
Driver info: org.openqa.selenium.remote.RemoteWebDriver
Command: [a3743821acdb447122c835bf989708fa, findElement {using=xpath, value=//textArea[@aria-label='Searh']}]
Capabilities {acceptInsecureCerts: false, browserName: chrome, browserVersion: 136.0.7103.114, chrome: {chromedriverVersion: 136.0.7103.114 (cedfcc36d43..., userDataDir: C:\Program Files (x86)\scop...}, fedcm:accounts: true, goog:chromeOptions: {debuggerAddress: localhost:9225}, networkConnectionEnabled: false, pageLoadStrategy: normal, platformName: WINDOWS, proxy: Proxy(), setWindowRect: true, strictFileInteractability: false, timeouts: {implicit: 0, pageLoad: 300000, script: 30000}, unhandledPromptBehavior: dismiss and notify, webauthn:extension:credBlob: true, webauthn:extension:largeBlob: true, webauthn:extension:minPinLength: true, webauthn:extension:prf: true, webauthn:virtualAuthenticators: true}
Session ID: a3743821acdb447122c835bf989708fa
	at jdk.internal.reflect.GeneratedConstructorAccessor12.newInstance(Unknown Source)
	at java.base/jdk.internal.reflect.DelegatingConstructorAccessorImpl.newInstance(DelegatingConstructorAccessorImpl.java:45)
	at java.base/java.lang.reflect.Constructor.newInstanceWithCaller(Constructor.java:499)
	at java.base/java.lang.reflect.Constructor.newInstance(Constructor.java:480)
	at org.openqa.selenium.remote.codec.w3c.W3CHttpResponseCodec.createException(W3CHttpResponseCodec.java:200)
	at org.openqa.selenium.remote.codec.w3c.W3CHttpResponseCodec.decode(W3CHttpResponseCodec.java:133)
	at org.openqa.selenium.remote.codec.w3c.W3CHttpResponseCodec.decode(W3CHttpResponseCodec.java:53)
	at org.openqa.selenium.remote.HttpCommandExecutor.execute(HttpCommandExecutor.java:184)
	at org.openqa.selenium.remote.TracedCommandExecutor.execute(TracedCommandExecutor.java:51)
	at org.openqa.selenium.remote.RemoteWebDriver.execute(RemoteWebDriver.java:543)
	at org.openqa.selenium.remote.ElementLocation$ElementFinder$2.findElement(ElementLocation.java:162)
	at org.openqa.selenium.remote.ElementLocation.findElement(ElementLocation.java:60)
	at org.openqa.selenium.remote.RemoteWebDriver.findElement(RemoteWebDriver.java:352)
	at org.openqa.selenium.remote.RemoteWebDriver.findElement(RemoteWebDriver.java:344)
	at com.codeborne.selenide.impl.WebElementSelector.findElement(WebElementSelector.java:70)
	at com.codeborne.selenide.impl.WebElementSelector.findElement(WebElementSelector.java:44)
	at com.codeborne.selenide.impl.WebElementSelector.findElement(WebElementSelector.java:33)
	at com.codeborne.selenide.impl.ElementFinder.getWebElement(ElementFinder.java:122)
	at com.codeborne.selenide.impl.WebElementSource.checkConditionAndReturnElement(WebElementSource.java:113)
	at com.codeborne.selenide.impl.WebElementSource.findAndAssertElementIsEditable(WebElementSource.java:169)
	at com.codeborne.selenide.commands.SetValue.setValueForTextInput(SetValue.java:58)
	at com.codeborne.selenide.commands.SetValue.execute(SetValue.java:43)
	at com.codeborne.selenide.commands.SetValue.execute(SetValue.java:25)
	at com.codeborne.selenide.commands.Commands.execute(Commands.java:159)
	at com.codeborne.selenide.impl.SelenideElementProxy.dispatchAndRetry(SelenideElementProxy.java:132)
	at com.codeborne.selenide.impl.SelenideElementProxy.invoke(SelenideElementProxy.java:84)
	at jdk.proxy2/jdk.proxy2.$Proxy24.setValue(Unknown Source)
	at com.example.pages.GooglePage.searchFor(GooglePage.java:21)
	at com.example.stepdefs.GoogleSearchSteps.i_search_for(GoogleSearchSteps.java:21)
	at java.base/jdk.internal.reflect.NativeMethodAccessorImpl.invoke0(Native Method)
	at java.base/jdk.internal.reflect.NativeMethodAccessorImpl.invoke(NativeMethodAccessorImpl.java:77)
	at java.base/jdk.internal.reflect.DelegatingMethodAccessorImpl.invoke(DelegatingMethodAccessorImpl.java:43)
	at java.base/java.lang.reflect.Method.invoke(Method.java:568)
	at io.cucumber.java.Invoker.doInvoke(Invoker.java:66)
	at io.cucumber.java.Invoker.invoke(Invoker.java:24)
	at io.cucumber.java.AbstractGlueDefinition.invokeMethod(AbstractGlueDefinition.java:47)
	at io.cucumber.java.JavaStepDefinition.execute(JavaStepDefinition.java:29)
	at io.cucumber.core.runner.CoreStepDefinition.execute(CoreStepDefinition.java:66)
	at io.cucumber.core.runner.PickleStepDefinitionMatch.runStep(PickleStepDefinitionMatch.java:63)
	at io.cucumber.core.runner.ExecutionMode$1.execute(ExecutionMode.java:10)
	at io.cucumber.core.runner.TestStep.executeStep(TestStep.java:84)
	at io.cucumber.core.runner.TestStep.run(TestStep.java:56)
	at io.cucumber.core.runner.PickleStepTestStep.run(PickleStepTestStep.java:51)
	at io.cucumber.core.runner.TestCase.run(TestCase.java:84)
	at io.cucumber.core.runner.Runner.runPickle(Runner.java:75)
	at io.cucumber.junit.platform.engine.CucumberEngineExecutionContext.lambda$runTestCase$4(CucumberEngineExecutionContext.java:112)
	at io.cucumber.core.runtime.CucumberExecutionContext.lambda$runTestCase$5(CucumberExecutionContext.java:130)
	at io.cucumber.core.runtime.RethrowingThrowableCollector.executeAndThrow(RethrowingThrowableCollector.java:23)
	at io.cucumber.core.runtime.CucumberExecutionContext.runTestCase(CucumberExecutionContext.java:130)
	at io.cucumber.junit.platform.engine.CucumberEngineExecutionContext.runTestCase(CucumberEngineExecutionContext.java:109)
	at io.cucumber.junit.platform.engine.NodeDescriptor$PickleDescriptor.execute(NodeDescriptor.java:164)
	at io.cucumber.junit.platform.engine.NodeDescriptor$PickleDescriptor.execute(NodeDescriptor.java:90)
	at org.junit.platform.engine.support.hierarchical.NodeTestTask.lambda$executeRecursively$6(NodeTestTask.java:151)
	at org.junit.platform.engine.support.hierarchical.ThrowableCollector.execute(ThrowableCollector.java:73)
	at org.junit.platform.engine.support.hierarchical.NodeTestTask.lambda$executeRecursively$8(NodeTestTask.java:141)
	at org.junit.platform.engine.support.hierarchical.Node.around(Node.java:137)
	at org.junit.platform.engine.support.hierarchical.NodeTestTask.lambda$executeRecursively$9(NodeTestTask.java:139)
	at org.junit.platform.engine.support.hierarchical.ThrowableCollector.execute(ThrowableCollector.java:73)
	at org.junit.platform.engine.support.hierarchical.NodeTestTask.executeRecursively(NodeTestTask.java:138)
	at org.junit.platform.engine.support.hierarchical.NodeTestTask.execute(NodeTestTask.java:95)
	at org.junit.platform.engine.support.hierarchical.ForkJoinPoolHierarchicalTestExecutorService$ExclusiveTask.compute(ForkJoinPoolHierarchicalTestExecutorService.java:202)
	at java.base/java.util.concurrent.RecursiveAction.exec(RecursiveAction.java:194)
	at java.base/java.util.concurrent.ForkJoinTask.doExec(ForkJoinTask.java:373)
	at java.base/java.util.concurrent.ForkJoinPool$WorkQueue.topLevelExec(ForkJoinPool.java:1182)
	at java.base/java.util.concurrent.ForkJoinPool.scan(ForkJoinPool.java:1655)
	at java.base/java.util.concurrent.ForkJoinPool.runWorker(ForkJoinPool.java:1622)
	at java.base/java.util.concurrent.ForkJoinWorkerThread.run(ForkJoinWorkerThread.java:165)
&amp#27;[0m
23:37:36.719 [Forwarding screenshot on session a3743821acdb447122c835bf989708fa to remote] DEBUG org.asynchttpclient.netty.request.NettyRequestSender - Using pooled Channel '[id: 0xc1ae6e26, L:/192.168.0.149:55836 - R:hub.lambdatest.com/65.0.196.161:443]' for 'GET' to 'https://akhil20495:LT_pW53j2Au3I7O0QkVwEKeGLGKRlsyJpZ7QbD6RCYZzl2DTJC@hub.lambdatest.com/wd/hub/session/a3743821acdb447122c835bf989708fa/screenshot'
23:37:36.720 [Forwarding screenshot on session a3743821acdb447122c835bf989708fa to remote] DEBUG org.asynchttpclient.netty.request.NettyRequestSender - Using open Channel [id: 0xc1ae6e26, L:/192.168.0.149:55836 - R:hub.lambdatest.com/65.0.196.161:443] for GET '/wd/hub/session/a3743821acdb447122c835bf989708fa/screenshot'
23:37:36.950 [AsyncHttpClient-1-2] DEBUG org.asynchttpclient.netty.handler.HttpHandler - 

Request DefaultFullHttpRequest(decodeResult: success, version: HTTP/1.1, content: EmptyByteBufBE)
GET /wd/hub/session/a3743821acdb447122c835bf989708fa/screenshot HTTP/1.1
User-Agent: selenium/4.8.1 (java windows)
Cache-Control: no-cache
traceparent: 00-dfbf1942ca8e65c053c37be4daa8c218-39870bd94cf607f5-01
Content-Type: application/json; charset=utf-8
host: hub.lambdatest.com
authorization: Basic YWtoaWwyMDQ5NTpMVF9wVzUzajJBdTNJN08wUWtWd0VLZUdMR0tSbHN5SnBaN1FiRDZSQ1laemwyRFRKQw==
accept: */*

Response DefaultHttpResponse(decodeResult: success, version: HTTP/1.1)
HTTP/1.1 200 OK
Date: Fri, 16 May 2025 18:07:35 GMT
Content-Type: application/json
Transfer-Encoding: chunked
Connection: keep-alive
Vary: Accept-Encoding

23:37:36.979 [AsyncHttpClient-1-2] DEBUG org.asynchttpclient.netty.channel.ChannelManager - Adding key: https://hub.lambdatest.com:443 for channel [id: 0xc1ae6e26, L:/192.168.0.149:55836 - R:hub.lambdatest.com/65.0.196.161:443]

    Embedding Search for Selenide_failure [image/png 49186 bytes]

23:37:36.986 [Forwarding executeScript on session a3743821acdb447122c835bf989708fa to remote] DEBUG org.asynchttpclient.netty.request.NettyRequestSender - Using pooled Channel '[id: 0xc1ae6e26, L:/192.168.0.149:55836 - R:hub.lambdatest.com/65.0.196.161:443]' for 'POST' to 'https://akhil20495:LT_pW53j2Au3I7O0QkVwEKeGLGKRlsyJpZ7QbD6RCYZzl2DTJC@hub.lambdatest.com/wd/hub/session/a3743821acdb447122c835bf989708fa/execute/sync'
23:37:36.986 [Forwarding executeScript on session a3743821acdb447122c835bf989708fa to remote] DEBUG org.asynchttpclient.netty.request.NettyRequestSender - Using open Channel [id: 0xc1ae6e26, L:/192.168.0.149:55836 - R:hub.lambdatest.com/65.0.196.161:443] for POST '/wd/hub/session/a3743821acdb447122c835bf989708fa/execute/sync'
23:37:38.210 [AsyncHttpClient-1-2] DEBUG org.asynchttpclient.netty.handler.HttpHandler - 

Request DefaultHttpRequest(decodeResult: success, version: HTTP/1.1)
POST /wd/hub/session/a3743821acdb447122c835bf989708fa/execute/sync HTTP/1.1
User-Agent: selenium/4.8.1 (java windows)
traceparent: 00-29d7422a03669ef0eb6d4dcddb745a72-4ccff24121e9f5d4-01
Content-Length: 55
Content-Type: application/json; charset=utf-8
host: hub.lambdatest.com
authorization: Basic YWtoaWwyMDQ5NTpMVF9wVzUzajJBdTNJN08wUWtWd0VLZUdMR0tSbHN5SnBaN1FiRDZSQ1laemwyRFRKQw==
accept: */*

Response DefaultHttpResponse(decodeResult: success, version: HTTP/1.1)
HTTP/1.1 200 OK
Date: Fri, 16 May 2025 18:07:37 GMT
Content-Type: application/json
Content-Length: 111
Connection: keep-alive
Vary: Accept-Encoding

23:37:38.211 [AsyncHttpClient-1-2] DEBUG org.asynchttpclient.netty.channel.ChannelManager - Adding key: https://hub.lambdatest.com:443 for channel [id: 0xc1ae6e26, L:/192.168.0.149:55836 - R:hub.lambdatest.com/65.0.196.161:443]
23:37:38.218 [Forwarding close on session a3743821acdb447122c835bf989708fa to remote] DEBUG org.asynchttpclient.netty.request.NettyRequestSender - Using pooled Channel '[id: 0xc1ae6e26, L:/192.168.0.149:55836 - R:hub.lambdatest.com/65.0.196.161:443]' for 'DELETE' to 'https://akhil20495:LT_pW53j2Au3I7O0QkVwEKeGLGKRlsyJpZ7QbD6RCYZzl2DTJC@hub.lambdatest.com/wd/hub/session/a3743821acdb447122c835bf989708fa/window'
23:37:38.218 [Forwarding close on session a3743821acdb447122c835bf989708fa to remote] DEBUG org.asynchttpclient.netty.request.NettyRequestSender - Using open Channel [id: 0xc1ae6e26, L:/192.168.0.149:55836 - R:hub.lambdatest.com/65.0.196.161:443] for DELETE '/wd/hub/session/a3743821acdb447122c835bf989708fa/window'
23:37:38.368 [AsyncHttpClient-1-2] DEBUG org.asynchttpclient.netty.handler.HttpHandler - 

Request DefaultFullHttpRequest(decodeResult: success, version: HTTP/1.1, content: EmptyByteBufBE)
DELETE /wd/hub/session/a3743821acdb447122c835bf989708fa/window HTTP/1.1
User-Agent: selenium/4.8.1 (java windows)
traceparent: 00-81114708461c99747123dd1a62be200c-8bd1403756001154-01
Content-Type: application/json; charset=utf-8
host: hub.lambdatest.com
authorization: Basic YWtoaWwyMDQ5NTpMVF9wVzUzajJBdTNJN08wUWtWd0VLZUdMR0tSbHN5SnBaN1FiRDZSQ1laemwyRFRKQw==
accept: */*

Response DefaultHttpResponse(decodeResult: success, version: HTTP/1.1)
HTTP/1.1 200 OK
Date: Fri, 16 May 2025 18:07:37 GMT
Content-Type: application/json
Content-Length: 12
Connection: keep-alive

23:37:38.369 [AsyncHttpClient-1-2] DEBUG org.asynchttpclient.netty.channel.ChannelManager - Adding key: https://hub.lambdatest.com:443 for channel [id: 0xc1ae6e26, L:/192.168.0.149:55836 - R:hub.lambdatest.com/65.0.196.161:443]
Thread released: 21 (Available permits: 2)
Finished scenario: Search for Selenide on thread 21
]]></system-out>
    <system-err><![CDATA[May 16, 2025 11:37:18 PM org.openqa.selenium.remote.tracing.opentelemetry.OpenTelemetryTracer createTracer
INFO: Using OpenTelemetry for tracing
May 16, 2025 11:37:18 PM org.openqa.selenium.remote.RemoteWebDriver checkNonW3CCapabilities
WARNING: Support for Legacy Capabilities is deprecated; You are sending the following invalid capabilities: [build, console, name, network, platform, version, video, visual]; Please update to W3C Syntax: https://www.selenium.dev/blog/2022/legacy-protocol-support/
May 16, 2025 11:37:25 PM org.openqa.selenium.remote.ProtocolHandshake createSession
WARNING: Support for Legacy Capabilities is deprecated; You are sending the following invalid capabilities: [build, console, name, network, platform, version, video, visual]; Please update to W3C Syntax: https://www.selenium.dev/blog/2022/legacy-protocol-support/
]]></system-err>
  </testcase>
</testsuite>