<?xml version="1.0" encoding="UTF-8"?>
<testsuite xmlns:xsi="http://www.w3.org/2001/XMLSchema-instance" xsi:noNamespaceSchemaLocation="https://maven.apache.org/surefire/maven-surefire-plugin/xsd/surefire-test-report-3.0.xsd" version="3.0" name="com.example.runners.CucumberTest" time="4.025" tests="3" errors="3" skipped="0" failures="0">
  <properties>
[...]
</properties>
  <testcase name="Google Search Functionality - Search for Selenide" classname="Google Search Functionality" time="3.288">
    <error message="Could not start a new session. Response code 500. Message: session not created: This version of ChromeDriver only supports Chrome version 114&#10;Current browser version is 136.0.7103.93 with binary path C:\Program Files\Google\Chrome\Application\chrome.exe &#10;Host info: host: &apos;AKKI&apos;, ip: &apos;192.168.0.149&apos;&#10;Build info: version: &apos;4.8.1&apos;, revision: &apos;8ebccac989&apos;&#10;System info: os.name: &apos;Windows 11&apos;, os.arch: &apos;amd64&apos;, os.version: &apos;10.0&apos;, java.version: &apos;17.0.9&apos;&#10;Driver info: org.openqa.selenium.chrome.ChromeDriver&#10;Command: [null, newSession {capabilities=[Capabilities {acceptInsecureCerts: true, browserName: chrome, goog:chromeOptions: {args: [--proxy-bypass-list=&lt;-loopb..., --disable-dev-shm-usage, --no-sandbox, --remote-allow-origins=*, --window-size=1366,768, --start-maximized, --disable-notifications], excludeSwitches: [enable-automation, load-extension], extensions: [], prefs: {credentials_enable_service: false, download.default_directory: C:\Users\91720\Downloads\Cu..., plugins.always_open_pdf_externally: true, profile.default_content_setting_values.automatic_downloads: 1, safebrowsing.enabled: true}}, pageLoadStrategy: normal, unhandledPromptBehavior: accept}], desiredCapabilities=Capabilities {acceptInsecureCerts: true, browserName: chrome, goog:chromeOptions: {args: [--proxy-bypass-list=&lt;-loopb..., --disable-dev-shm-usage, --no-sandbox, --remote-allow-origins=*, --window-size=1366,768, --start-maximized, --disable-notifications], excludeSwitches: [enable-automation, load-extension], extensions: [], prefs: {credentials_enable_service: false, download.default_directory: C:\Users\91720\Downloads\Cu..., plugins.always_open_pdf_externally: true, profile.default_content_setting_values.automatic_downloads: 1, safebrowsing.enabled: true}}, pageLoadStrategy: normal, unhandledPromptBehavior: accept}}]&#10;selenide.url: https://www.google.com&#10;selenide.baseUrl: http://localhost:8080" type="org.openqa.selenium.SessionNotCreatedException"><![CDATA[org.openqa.selenium.SessionNotCreatedException: 
Could not start a new session. Response code 500. Message: session not created: This version of ChromeDriver only supports Chrome version 114
Current browser version is 136.0.7103.93 with binary path C:\Program Files\Google\Chrome\Application\chrome.exe 
Host info: host: 'AKKI', ip: '192.168.0.149'
Build info: version: '4.8.1', revision: '8ebccac989'
System info: os.name: 'Windows 11', os.arch: 'amd64', os.version: '10.0', java.version: '17.0.9'
Driver info: org.openqa.selenium.chrome.ChromeDriver
Command: [null, newSession {capabilities=[Capabilities {acceptInsecureCerts: true, browserName: chrome, goog:chromeOptions: {args: [--proxy-bypass-list=<-loopb..., --disable-dev-shm-usage, --no-sandbox, --remote-allow-origins=*, --window-size=1366,768, --start-maximized, --disable-notifications], excludeSwitches: [enable-automation, load-extension], extensions: [], prefs: {credentials_enable_service: false, download.default_directory: C:\Users\91720\Downloads\Cu..., plugins.always_open_pdf_externally: true, profile.default_content_setting_values.automatic_downloads: 1, safebrowsing.enabled: true}}, pageLoadStrategy: normal, unhandledPromptBehavior: accept}], desiredCapabilities=Capabilities {acceptInsecureCerts: true, browserName: chrome, goog:chromeOptions: {args: [--proxy-bypass-list=<-loopb..., --disable-dev-shm-usage, --no-sandbox, --remote-allow-origins=*, --window-size=1366,768, --start-maximized, --disable-notifications], excludeSwitches: [enable-automation, load-extension], extensions: [], prefs: {credentials_enable_service: false, download.default_directory: C:\Users\91720\Downloads\Cu..., plugins.always_open_pdf_externally: true, profile.default_content_setting_values.automatic_downloads: 1, safebrowsing.enabled: true}}, pageLoadStrategy: normal, unhandledPromptBehavior: accept}}]
selenide.url: https://www.google.com
selenide.baseUrl: http://localhost:8080
	at org.openqa.selenium.remote.ProtocolHandshake.createSession(ProtocolHandshake.java:148)
	at org.openqa.selenium.remote.ProtocolHandshake.createSession(ProtocolHandshake.java:106)
	at org.openqa.selenium.remote.ProtocolHandshake.createSession(ProtocolHandshake.java:67)
	at org.openqa.selenium.remote.HttpCommandExecutor.execute(HttpCommandExecutor.java:156)
	at org.openqa.selenium.remote.service.DriverCommandExecutor.invokeExecute(DriverCommandExecutor.java:167)
	at org.openqa.selenium.remote.service.DriverCommandExecutor.execute(DriverCommandExecutor.java:142)
	at org.openqa.selenium.remote.RemoteWebDriver.execute(RemoteWebDriver.java:543)
	at org.openqa.selenium.remote.RemoteWebDriver.startSession(RemoteWebDriver.java:229)
	at org.openqa.selenium.remote.RemoteWebDriver.<init>(RemoteWebDriver.java:157)
	at org.openqa.selenium.chromium.ChromiumDriver.<init>(ChromiumDriver.java:101)
	at org.openqa.selenium.chrome.ChromeDriver.<init>(ChromeDriver.java:82)
	at com.codeborne.selenide.webdriver.ChromeDriverFactory.create(ChromeDriverFactory.java:42)
	at com.codeborne.selenide.webdriver.WebDriverFactory.createWebDriverInstance(WebDriverFactory.java:121)
	at com.codeborne.selenide.webdriver.WebDriverFactory.createWebDriver(WebDriverFactory.java:67)
	at com.codeborne.selenide.drivercommands.CreateDriverCommand.lambda$createDriver$0(CreateDriverCommand.java:76)
	at com.codeborne.selenide.logevents.SelenideLogger.get(SelenideLogger.java:118)
	at com.codeborne.selenide.drivercommands.CreateDriverCommand.createDriver(CreateDriverCommand.java:52)
	at com.codeborne.selenide.impl.WebDriverThreadLocalContainer.createDriver(WebDriverThreadLocalContainer.java:186)
	at com.codeborne.selenide.impl.WebDriverThreadLocalContainer.getAndCheckWebDriver(WebDriverThreadLocalContainer.java:155)
	at com.codeborne.selenide.WebDriverRunner.getAndCheckWebDriver(WebDriverRunner.java:130)
	at com.codeborne.selenide.impl.StaticDriver.getAndCheckWebDriver(StaticDriver.java:65)
	at com.codeborne.selenide.SelenideDriver.getAndCheckWebDriver(SelenideDriver.java:220)
	at com.codeborne.selenide.drivercommands.Navigator.lambda$navigateTo$0(Navigator.java:72)
	at com.codeborne.selenide.logevents.SelenideLogger.run(SelenideLogger.java:105)
	at com.codeborne.selenide.drivercommands.Navigator.navigateTo(Navigator.java:70)
	at com.codeborne.selenide.drivercommands.Navigator.open(Navigator.java:32)
	at com.codeborne.selenide.SelenideDriver.open(SelenideDriver.java:101)
	at com.codeborne.selenide.Selenide.open(Selenide.java:52)
	at com.example.pages.GooglePage.navigateToGoogle(GooglePage.java:16)
	at com.example.stepdefs.GoogleSearchSteps.i_am_on_the_google_search_page(GoogleSearchSteps.java:21)
	at ✽.I am on the Google search page(classpath:features/google_search.feature:11)
]]></error>
    <system-out><![CDATA[
@firefox
Scenario: Search for Selenide                    &amp#27;[90m# features/google_search.feature:10&amp#27;[0m

@edge
Scenario: Search for LambdaTest             &amp#27;[90m# features/google_search.feature:16&amp#27;[0m

@chrome
Scenario: Search for Cucumber                    &amp#27;[90m# features/google_search.feature:4&amp#27;[0m
Failed to log info: Cannot invoke "com.aventstack.extentreports.ExtentTest.log(com.aventstack.extentreports.Status, String)" because the return value of "com.aventstack.extentreports.cucumber.adapter.ExtentCucumberAdapter.getCurrentStep()" is null
Failed to log info: Cannot invoke "com.aventstack.extentreports.ExtentTest.log(com.aventstack.extentreports.Status, String)" because the return value of "com.aventstack.extentreports.cucumber.adapter.ExtentCucumberAdapter.getCurrentStep()" is null
Failed to log info: Cannot invoke "com.aventstack.extentreports.ExtentTest.log(com.aventstack.extentreports.Status, String)" because the return value of "com.aventstack.extentreports.cucumber.adapter.ExtentCucumberAdapter.getCurrentStep()" is null
Failed to log fail: Cannot invoke "com.aventstack.extentreports.ExtentTest.log(com.aventstack.extentreports.Status, String)" because the return value of "com.aventstack.extentreports.cucumber.adapter.ExtentCucumberAdapter.getCurrentStep()" is null
  &amp#27;[31mGiven &amp#27;[0m&amp#27;[31mI am on the Google search page&amp#27;[0m           &amp#27;[90m# com.example.stepdefs.GoogleSearchSteps.i_am_on_the_google_search_page()&amp#27;[0m
      &amp#27;[31morg.openqa.selenium.SessionNotCreatedException: Could not start a new session. Response code 500. Message: session not created: This version of ChromeDriver only supports Chrome version 114
Current browser version is 136.0.7103.93 with binary path C:\Program Files\Google\Chrome\Application\chrome.exe 
Host info: host: 'AKKI', ip: '192.168.0.149'
Build info: version: '4.8.1', revision: '8ebccac989'
System info: os.name: 'Windows 11', os.arch: 'amd64', os.version: '10.0', java.version: '17.0.9'
Driver info: org.openqa.selenium.chrome.ChromeDriver
Command: [null, newSession {capabilities=[Capabilities {acceptInsecureCerts: true, browserName: chrome, goog:chromeOptions: {args: [--proxy-bypass-list=<-loopb..., --disable-dev-shm-usage, --no-sandbox, --remote-allow-origins=*, --window-size=1366,768, --start-maximized, --disable-notifications], excludeSwitches: [enable-automation, load-extension], extensions: [], prefs: {credentials_enable_service: false, download.default_directory: C:\Users\91720\Downloads\Cu..., plugins.always_open_pdf_externally: true, profile.default_content_setting_values.automatic_downloads: 1, safebrowsing.enabled: true}}, pageLoadStrategy: normal, unhandledPromptBehavior: accept}], desiredCapabilities=Capabilities {acceptInsecureCerts: true, browserName: chrome, goog:chromeOptions: {args: [--proxy-bypass-list=<-loopb..., --disable-dev-shm-usage, --no-sandbox, --remote-allow-origins=*, --window-size=1366,768, --start-maximized, --disable-notifications], excludeSwitches: [enable-automation, load-extension], extensions: [], prefs: {credentials_enable_service: false, download.default_directory: C:\Users\91720\Downloads\Cu..., plugins.always_open_pdf_externally: true, profile.default_content_setting_values.automatic_downloads: 1, safebrowsing.enabled: true}}, pageLoadStrategy: normal, unhandledPromptBehavior: accept}}]
selenide.url: https://www.google.com
selenide.baseUrl: http://localhost:8080
	at org.openqa.selenium.remote.ProtocolHandshake.createSession(ProtocolHandshake.java:148)
	at org.openqa.selenium.remote.ProtocolHandshake.createSession(ProtocolHandshake.java:106)
	at org.openqa.selenium.remote.ProtocolHandshake.createSession(ProtocolHandshake.java:67)
	at org.openqa.selenium.remote.HttpCommandExecutor.execute(HttpCommandExecutor.java:156)
	at org.openqa.selenium.remote.service.DriverCommandExecutor.invokeExecute(DriverCommandExecutor.java:167)
	at org.openqa.selenium.remote.service.DriverCommandExecutor.execute(DriverCommandExecutor.java:142)
	at org.openqa.selenium.remote.RemoteWebDriver.execute(RemoteWebDriver.java:543)
	at org.openqa.selenium.remote.RemoteWebDriver.startSession(RemoteWebDriver.java:229)
	at org.openqa.selenium.remote.RemoteWebDriver.<init>(RemoteWebDriver.java:157)
	at org.openqa.selenium.chromium.ChromiumDriver.<init>(ChromiumDriver.java:101)
	at org.openqa.selenium.chrome.ChromeDriver.<init>(ChromeDriver.java:82)
	at com.codeborne.selenide.webdriver.ChromeDriverFactory.create(ChromeDriverFactory.java:42)
	at com.codeborne.selenide.webdriver.WebDriverFactory.createWebDriverInstance(WebDriverFactory.java:121)
	at com.codeborne.selenide.webdriver.WebDriverFactory.createWebDriver(WebDriverFactory.java:67)
	at com.codeborne.selenide.drivercommands.CreateDriverCommand.lambda$createDriver$0(CreateDriverCommand.java:76)
	at com.codeborne.selenide.logevents.SelenideLogger.get(SelenideLogger.java:118)
	at com.codeborne.selenide.drivercommands.CreateDriverCommand.createDriver(CreateDriverCommand.java:52)
	at com.codeborne.selenide.impl.WebDriverThreadLocalContainer.createDriver(WebDriverThreadLocalContainer.java:186)
	at com.codeborne.selenide.impl.WebDriverThreadLocalContainer.getAndCheckWebDriver(WebDriverThreadLocalContainer.java:155)
	at com.codeborne.selenide.WebDriverRunner.getAndCheckWebDriver(WebDriverRunner.java:130)
	at com.codeborne.selenide.impl.StaticDriver.getAndCheckWebDriver(StaticDriver.java:65)
	at com.codeborne.selenide.SelenideDriver.getAndCheckWebDriver(SelenideDriver.java:220)
	at com.codeborne.selenide.drivercommands.Navigator.lambda$navigateTo$0(Navigator.java:72)
	at com.codeborne.selenide.logevents.SelenideLogger.run(SelenideLogger.java:105)
	at com.codeborne.selenide.drivercommands.Navigator.navigateTo(Navigator.java:70)
	at com.codeborne.selenide.drivercommands.Navigator.open(Navigator.java:32)
	at com.codeborne.selenide.SelenideDriver.open(SelenideDriver.java:101)
	at com.codeborne.selenide.Selenide.open(Selenide.java:52)
	at com.example.pages.GooglePage.navigateToGoogle(GooglePage.java:16)
	at com.example.stepdefs.GoogleSearchSteps.i_am_on_the_google_search_page(GoogleSearchSteps.java:21)
	at âœ½.I am on the Google search page(classpath:features/google_search.feature:11)
&amp#27;[0m
      &amp#27;[31mjava.lang.NullPointerException
	at java.base/java.util.Objects.requireNonNull(Objects.java:208)
	at io.cucumber.core.runner.TestCaseState.attach(TestCaseState.java:70)
	at io.cucumber.java.Scenario.attach(Scenario.java:78)
	at com.example.hooks.Hooks.afterStep(Hooks.java:48)
&amp#27;[0m
  &amp#27;[36mWhen &amp#27;[0m&amp#27;[36mI search for &amp#27;[0m&amp#27;[36m&amp#27;[1m"Selenide testing framework"&amp#27;[0m &amp#27;[90m# com.example.stepdefs.GoogleSearchSteps.i_search_for(java.lang.String)&amp#27;[0m
  &amp#27;[36mThen &amp#27;[0m&amp#27;[36mI should see search results&amp#27;[0m               &amp#27;[90m# com.example.stepdefs.GoogleSearchSteps.i_should_see_search_results()&amp#27;[0m
      &amp#27;[31mjava.lang.NullPointerException
	at java.base/java.util.Objects.requireNonNull(Objects.java:208)
	at io.cucumber.core.runner.TestCaseState.attach(TestCaseState.java:70)
	at io.cucumber.java.Scenario.attach(Scenario.java:78)
	at com.example.hooks.Hooks.tearDown(Hooks.java:58)
&amp#27;[0m
]]></system-out>
    <system-err><![CDATA[[ForkJoinPool-2-worker-3] INFO com.codeborne.selenide.impl.WebDriverThreadLocalContainer - No webdriver is bound to current thread: 22 - let's create a new webdriver
[ForkJoinPool-2-worker-2] INFO com.codeborne.selenide.impl.WebDriverThreadLocalContainer - No webdriver is bound to current thread: 21 - let's create a new webdriver
[ForkJoinPool-2-worker-1] INFO com.codeborne.selenide.impl.WebDriverThreadLocalContainer - No webdriver is bound to current thread: 20 - let's create a new webdriver
[ForkJoinPool-2-worker-3] INFO com.codeborne.selenide.impl.FileHelper - Creating folder: C:\Users\91720\Downloads\CucumberJunitParallel\build\downloads\1747296466387_54576_22
[ForkJoinPool-2-worker-1] INFO com.codeborne.selenide.impl.FileHelper - Creating folder: C:\Users\91720\Downloads\CucumberJunitParallel\build\downloads\1747296466387_54576_20
[ForkJoinPool-2-worker-2] INFO com.codeborne.selenide.impl.FileHelper - Creating folder: C:\Users\91720\Downloads\CucumberJunitParallel\build\downloads\1747296466387_54576_21
[ForkJoinPool-2-worker-2] ERROR io.github.bonigarcia.wdm.online.HttpClient - Error HTTP 404 executing https://chromedriver.storage.googleapis.com/LATEST_RELEASE_136
[ForkJoinPool-2-worker-2] WARN io.github.bonigarcia.wdm.versions.VersionDetector - Exception reading https://chromedriver.storage.googleapis.com/LATEST_RELEASE_136 to get latest version of chromedriver (Error HTTP 404 executing https://chromedriver.storage.googleapis.com/LATEST_RELEASE_136)
[ForkJoinPool-2-worker-1] ERROR io.github.bonigarcia.wdm.online.HttpClient - Error HTTP 404 executing https://chromedriver.storage.googleapis.com/LATEST_RELEASE_136
[ForkJoinPool-2-worker-3] ERROR io.github.bonigarcia.wdm.online.HttpClient - Error HTTP 404 executing https://chromedriver.storage.googleapis.com/LATEST_RELEASE_136
[ForkJoinPool-2-worker-1] WARN io.github.bonigarcia.wdm.versions.VersionDetector - Exception reading https://chromedriver.storage.googleapis.com/LATEST_RELEASE_136 to get latest version of chromedriver (Error HTTP 404 executing https://chromedriver.storage.googleapis.com/LATEST_RELEASE_136)
[ForkJoinPool-2-worker-3] WARN io.github.bonigarcia.wdm.versions.VersionDetector - Exception reading https://chromedriver.storage.googleapis.com/LATEST_RELEASE_136 to get latest version of chromedriver (Error HTTP 404 executing https://chromedriver.storage.googleapis.com/LATEST_RELEASE_136)
[ForkJoinPool-2-worker-2] INFO io.github.bonigarcia.wdm.WebDriverManager - Exporting webdriver.chrome.driver as C:\Users\91720\.cache\selenium\chromedriver\win32\114.0.5735.90\chromedriver.exe
[ForkJoinPool-2-worker-1] INFO io.github.bonigarcia.wdm.WebDriverManager - Exporting webdriver.chrome.driver as C:\Users\91720\.cache\selenium\chromedriver\win32\114.0.5735.90\chromedriver.exe
[ForkJoinPool-2-worker-3] INFO io.github.bonigarcia.wdm.WebDriverManager - Exporting webdriver.chrome.driver as C:\Users\91720\.cache\selenium\chromedriver\win32\114.0.5735.90\chromedriver.exe
[ForkJoinPool-2-worker-1] INFO com.codeborne.selenide.webdriver.SelenideNettyClientFactory - Changed readTimeout from PT3M to PT1M30S
[ForkJoinPool-2-worker-2] INFO com.codeborne.selenide.webdriver.SelenideNettyClientFactory - Changed readTimeout from PT3M to PT1M30S
[ForkJoinPool-2-worker-3] INFO com.codeborne.selenide.webdriver.SelenideNettyClientFactory - Changed readTimeout from PT3M to PT1M30S
Starting ChromeDriver 114.0.5735.90 (386bc09e8f4f2e025eddae123f36f6263096ae49-refs/branch-heaSdtsa/r5t7i3n5g@ {C#h1r0o5m2e}D)r iovne rp o1r1t4 .204.753753
5O.n9l0y  (l3o8c6alb cc0o9nen8ecft4ifo2ne0s2 5areed daalelo1w2e3df.36
fPl6e2as6e3 0s9e6e ahet4t9p-sr:e/f/csh/rbormaendrcihv-ehre.achdrso/m5i7u3m5.@o{r#g1/0s5e2c}u)rity- coonns ipdeorrat t6i3on5s0 f
oOrn lsyu glgeosctailo ncs oon nkneeepcitngi oCnhsr oamreeD raiver lsafleo.w
ed.
Please see https://chromedriver.chromium.org/securSittayr-ctoinnsg iCdherraotmieoDnrsi vfeorr 1 1s4u.gg0e.s5t7i3o5n.s9 0o n( 3k8e6ebpci0n9ge 8fC4hfr2oem0eD2r5ievdedra es1a2f3ef.36
f6263096ae49-refs/branch-heads/5735@{#1052}) on port 26712
Only local connections are allowed.
Please see https://chromedriver.chromium.org/security-considerations for suggestions on keeping ChromeDriver safe.
CChhrroommeeDDrriivveerr  wwaass  ssttaarrtteedd  ssuucccceessssffuullllyy..

ChromeDriver was started successfully.
[ForkJoinPool-2-worker-3] WARN com.codeborne.selenide.impl.ScreenShotLaboratory - Cannot take screenshot because browser is not started
[ForkJoinPool-2-worker-3] WARN com.codeborne.selenide.impl.ScreenShotLaboratory - Cannot take screenshot because browser is not started
]]></system-err>
  </testcase>
  <testcase name="Google Search Functionality - Search for LambdaTest" classname="Google Search Functionality" time="3.418">
    <error message="Could not start a new session. Response code 500. Message: session not created: This version of ChromeDriver only supports Chrome version 114&#10;Current browser version is 136.0.7103.93 with binary path C:\Program Files\Google\Chrome\Application\chrome.exe &#10;Host info: host: &apos;AKKI&apos;, ip: &apos;192.168.0.149&apos;&#10;Build info: version: &apos;4.8.1&apos;, revision: &apos;8ebccac989&apos;&#10;System info: os.name: &apos;Windows 11&apos;, os.arch: &apos;amd64&apos;, os.version: &apos;10.0&apos;, java.version: &apos;17.0.9&apos;&#10;Driver info: org.openqa.selenium.chrome.ChromeDriver&#10;Command: [null, newSession {capabilities=[Capabilities {acceptInsecureCerts: true, browserName: chrome, goog:chromeOptions: {args: [--proxy-bypass-list=&lt;-loopb..., --disable-dev-shm-usage, --no-sandbox, --remote-allow-origins=*, --window-size=1366,768, --start-maximized, --disable-notifications], excludeSwitches: [enable-automation, load-extension], extensions: [], prefs: {credentials_enable_service: false, download.default_directory: C:\Users\91720\Downloads\Cu..., plugins.always_open_pdf_externally: true, profile.default_content_setting_values.automatic_downloads: 1, safebrowsing.enabled: true}}, pageLoadStrategy: normal, unhandledPromptBehavior: accept}], desiredCapabilities=Capabilities {acceptInsecureCerts: true, browserName: chrome, goog:chromeOptions: {args: [--proxy-bypass-list=&lt;-loopb..., --disable-dev-shm-usage, --no-sandbox, --remote-allow-origins=*, --window-size=1366,768, --start-maximized, --disable-notifications], excludeSwitches: [enable-automation, load-extension], extensions: [], prefs: {credentials_enable_service: false, download.default_directory: C:\Users\91720\Downloads\Cu..., plugins.always_open_pdf_externally: true, profile.default_content_setting_values.automatic_downloads: 1, safebrowsing.enabled: true}}, pageLoadStrategy: normal, unhandledPromptBehavior: accept}}]&#10;selenide.url: https://www.google.com&#10;selenide.baseUrl: http://localhost:8080" type="org.openqa.selenium.SessionNotCreatedException"><![CDATA[org.openqa.selenium.SessionNotCreatedException: 
Could not start a new session. Response code 500. Message: session not created: This version of ChromeDriver only supports Chrome version 114
Current browser version is 136.0.7103.93 with binary path C:\Program Files\Google\Chrome\Application\chrome.exe 
Host info: host: 'AKKI', ip: '192.168.0.149'
Build info: version: '4.8.1', revision: '8ebccac989'
System info: os.name: 'Windows 11', os.arch: 'amd64', os.version: '10.0', java.version: '17.0.9'
Driver info: org.openqa.selenium.chrome.ChromeDriver
Command: [null, newSession {capabilities=[Capabilities {acceptInsecureCerts: true, browserName: chrome, goog:chromeOptions: {args: [--proxy-bypass-list=<-loopb..., --disable-dev-shm-usage, --no-sandbox, --remote-allow-origins=*, --window-size=1366,768, --start-maximized, --disable-notifications], excludeSwitches: [enable-automation, load-extension], extensions: [], prefs: {credentials_enable_service: false, download.default_directory: C:\Users\91720\Downloads\Cu..., plugins.always_open_pdf_externally: true, profile.default_content_setting_values.automatic_downloads: 1, safebrowsing.enabled: true}}, pageLoadStrategy: normal, unhandledPromptBehavior: accept}], desiredCapabilities=Capabilities {acceptInsecureCerts: true, browserName: chrome, goog:chromeOptions: {args: [--proxy-bypass-list=<-loopb..., --disable-dev-shm-usage, --no-sandbox, --remote-allow-origins=*, --window-size=1366,768, --start-maximized, --disable-notifications], excludeSwitches: [enable-automation, load-extension], extensions: [], prefs: {credentials_enable_service: false, download.default_directory: C:\Users\91720\Downloads\Cu..., plugins.always_open_pdf_externally: true, profile.default_content_setting_values.automatic_downloads: 1, safebrowsing.enabled: true}}, pageLoadStrategy: normal, unhandledPromptBehavior: accept}}]
selenide.url: https://www.google.com
selenide.baseUrl: http://localhost:8080
	at org.openqa.selenium.remote.ProtocolHandshake.createSession(ProtocolHandshake.java:148)
	at org.openqa.selenium.remote.ProtocolHandshake.createSession(ProtocolHandshake.java:106)
	at org.openqa.selenium.remote.ProtocolHandshake.createSession(ProtocolHandshake.java:67)
	at org.openqa.selenium.remote.HttpCommandExecutor.execute(HttpCommandExecutor.java:156)
	at org.openqa.selenium.remote.service.DriverCommandExecutor.invokeExecute(DriverCommandExecutor.java:167)
	at org.openqa.selenium.remote.service.DriverCommandExecutor.execute(DriverCommandExecutor.java:142)
	at org.openqa.selenium.remote.RemoteWebDriver.execute(RemoteWebDriver.java:543)
	at org.openqa.selenium.remote.RemoteWebDriver.startSession(RemoteWebDriver.java:229)
	at org.openqa.selenium.remote.RemoteWebDriver.<init>(RemoteWebDriver.java:157)
	at org.openqa.selenium.chromium.ChromiumDriver.<init>(ChromiumDriver.java:101)
	at org.openqa.selenium.chrome.ChromeDriver.<init>(ChromeDriver.java:82)
	at com.codeborne.selenide.webdriver.ChromeDriverFactory.create(ChromeDriverFactory.java:42)
	at com.codeborne.selenide.webdriver.WebDriverFactory.createWebDriverInstance(WebDriverFactory.java:121)
	at com.codeborne.selenide.webdriver.WebDriverFactory.createWebDriver(WebDriverFactory.java:67)
	at com.codeborne.selenide.drivercommands.CreateDriverCommand.lambda$createDriver$0(CreateDriverCommand.java:76)
	at com.codeborne.selenide.logevents.SelenideLogger.get(SelenideLogger.java:118)
	at com.codeborne.selenide.drivercommands.CreateDriverCommand.createDriver(CreateDriverCommand.java:52)
	at com.codeborne.selenide.impl.WebDriverThreadLocalContainer.createDriver(WebDriverThreadLocalContainer.java:186)
	at com.codeborne.selenide.impl.WebDriverThreadLocalContainer.getAndCheckWebDriver(WebDriverThreadLocalContainer.java:155)
	at com.codeborne.selenide.WebDriverRunner.getAndCheckWebDriver(WebDriverRunner.java:130)
	at com.codeborne.selenide.impl.StaticDriver.getAndCheckWebDriver(StaticDriver.java:65)
	at com.codeborne.selenide.SelenideDriver.getAndCheckWebDriver(SelenideDriver.java:220)
	at com.codeborne.selenide.drivercommands.Navigator.lambda$navigateTo$0(Navigator.java:72)
	at com.codeborne.selenide.logevents.SelenideLogger.run(SelenideLogger.java:105)
	at com.codeborne.selenide.drivercommands.Navigator.navigateTo(Navigator.java:70)
	at com.codeborne.selenide.drivercommands.Navigator.open(Navigator.java:32)
	at com.codeborne.selenide.SelenideDriver.open(SelenideDriver.java:101)
	at com.codeborne.selenide.Selenide.open(Selenide.java:52)
	at com.example.pages.GooglePage.navigateToGoogle(GooglePage.java:16)
	at com.example.stepdefs.GoogleSearchSteps.i_am_on_the_google_search_page(GoogleSearchSteps.java:21)
	at ✽.I am on the Google search page(classpath:features/google_search.feature:17)
]]></error>
    <system-out><![CDATA[Failed to log fail: Cannot invoke "com.aventstack.extentreports.ExtentTest.log(com.aventstack.extentreports.Status, String)" because the return value of "com.aventstack.extentreports.cucumber.adapter.ExtentCucumberAdapter.getCurrentStep()" is null
  &amp#27;[31mGiven &amp#27;[0m&amp#27;[31mI am on the Google search page&amp#27;[0m      &amp#27;[90m# com.example.stepdefs.GoogleSearchSteps.i_am_on_the_google_search_page()&amp#27;[0m
      &amp#27;[31morg.openqa.selenium.SessionNotCreatedException: Could not start a new session. Response code 500. Message: session not created: This version of ChromeDriver only supports Chrome version 114
Current browser version is 136.0.7103.93 with binary path C:\Program Files\Google\Chrome\Application\chrome.exe 
Host info: host: 'AKKI', ip: '192.168.0.149'
Build info: version: '4.8.1', revision: '8ebccac989'
System info: os.name: 'Windows 11', os.arch: 'amd64', os.version: '10.0', java.version: '17.0.9'
Driver info: org.openqa.selenium.chrome.ChromeDriver
Command: [null, newSession {capabilities=[Capabilities {acceptInsecureCerts: true, browserName: chrome, goog:chromeOptions: {args: [--proxy-bypass-list=<-loopb..., --disable-dev-shm-usage, --no-sandbox, --remote-allow-origins=*, --window-size=1366,768, --start-maximized, --disable-notifications], excludeSwitches: [enable-automation, load-extension], extensions: [], prefs: {credentials_enable_service: false, download.default_directory: C:\Users\91720\Downloads\Cu..., plugins.always_open_pdf_externally: true, profile.default_content_setting_values.automatic_downloads: 1, safebrowsing.enabled: true}}, pageLoadStrategy: normal, unhandledPromptBehavior: accept}], desiredCapabilities=Capabilities {acceptInsecureCerts: true, browserName: chrome, goog:chromeOptions: {args: [--proxy-bypass-list=<-loopb..., --disable-dev-shm-usage, --no-sandbox, --remote-allow-origins=*, --window-size=1366,768, --start-maximized, --disable-notifications], excludeSwitches: [enable-automation, load-extension], extensions: [], prefs: {credentials_enable_service: false, download.default_directory: C:\Users\91720\Downloads\Cu..., plugins.always_open_pdf_externally: true, profile.default_content_setting_values.automatic_downloads: 1, safebrowsing.enabled: true}}, pageLoadStrategy: normal, unhandledPromptBehavior: accept}}]
selenide.url: https://www.google.com
selenide.baseUrl: http://localhost:8080
	at org.openqa.selenium.remote.ProtocolHandshake.createSession(ProtocolHandshake.java:148)
	at org.openqa.selenium.remote.ProtocolHandshake.createSession(ProtocolHandshake.java:106)
	at org.openqa.selenium.remote.ProtocolHandshake.createSession(ProtocolHandshake.java:67)
	at org.openqa.selenium.remote.HttpCommandExecutor.execute(HttpCommandExecutor.java:156)
	at org.openqa.selenium.remote.service.DriverCommandExecutor.invokeExecute(DriverCommandExecutor.java:167)
	at org.openqa.selenium.remote.service.DriverCommandExecutor.execute(DriverCommandExecutor.java:142)
	at org.openqa.selenium.remote.RemoteWebDriver.execute(RemoteWebDriver.java:543)
	at org.openqa.selenium.remote.RemoteWebDriver.startSession(RemoteWebDriver.java:229)
	at org.openqa.selenium.remote.RemoteWebDriver.<init>(RemoteWebDriver.java:157)
	at org.openqa.selenium.chromium.ChromiumDriver.<init>(ChromiumDriver.java:101)
	at org.openqa.selenium.chrome.ChromeDriver.<init>(ChromeDriver.java:82)
	at com.codeborne.selenide.webdriver.ChromeDriverFactory.create(ChromeDriverFactory.java:42)
	at com.codeborne.selenide.webdriver.WebDriverFactory.createWebDriverInstance(WebDriverFactory.java:121)
	at com.codeborne.selenide.webdriver.WebDriverFactory.createWebDriver(WebDriverFactory.java:67)
	at com.codeborne.selenide.drivercommands.CreateDriverCommand.lambda$createDriver$0(CreateDriverCommand.java:76)
	at com.codeborne.selenide.logevents.SelenideLogger.get(SelenideLogger.java:118)
	at com.codeborne.selenide.drivercommands.CreateDriverCommand.createDriver(CreateDriverCommand.java:52)
	at com.codeborne.selenide.impl.WebDriverThreadLocalContainer.createDriver(WebDriverThreadLocalContainer.java:186)
	at com.codeborne.selenide.impl.WebDriverThreadLocalContainer.getAndCheckWebDriver(WebDriverThreadLocalContainer.java:155)
	at com.codeborne.selenide.WebDriverRunner.getAndCheckWebDriver(WebDriverRunner.java:130)
	at com.codeborne.selenide.impl.StaticDriver.getAndCheckWebDriver(StaticDriver.java:65)
	at com.codeborne.selenide.SelenideDriver.getAndCheckWebDriver(SelenideDriver.java:220)
	at com.codeborne.selenide.drivercommands.Navigator.lambda$navigateTo$0(Navigator.java:72)
	at com.codeborne.selenide.logevents.SelenideLogger.run(SelenideLogger.java:105)
	at com.codeborne.selenide.drivercommands.Navigator.navigateTo(Navigator.java:70)
	at com.codeborne.selenide.drivercommands.Navigator.open(Navigator.java:32)
	at com.codeborne.selenide.SelenideDriver.open(SelenideDriver.java:101)
	at com.codeborne.selenide.Selenide.open(Selenide.java:52)
	at com.example.pages.GooglePage.navigateToGoogle(GooglePage.java:16)
	at com.example.stepdefs.GoogleSearchSteps.i_am_on_the_google_search_page(GoogleSearchSteps.java:21)
	at âœ½.I am on the Google search page(classpath:features/google_search.feature:17)
&amp#27;[0m
      &amp#27;[31mjava.lang.NullPointerException
	at java.base/java.util.Objects.requireNonNull(Objects.java:208)
	at io.cucumber.core.runner.TestCaseState.attach(TestCaseState.java:70)
	at io.cucumber.java.Scenario.attach(Scenario.java:78)
	at com.example.hooks.Hooks.afterStep(Hooks.java:48)
&amp#27;[0m
  &amp#27;[36mWhen &amp#27;[0m&amp#27;[36mI search for &amp#27;[0m&amp#27;[36m&amp#27;[1m"LambdaTest automation"&amp#27;[0m &amp#27;[90m# com.example.stepdefs.GoogleSearchSteps.i_search_for(java.lang.String)&amp#27;[0m
  &amp#27;[36mThen &amp#27;[0m&amp#27;[36mI should see search results&amp#27;[0m          &amp#27;[90m# com.example.stepdefs.GoogleSearchSteps.i_should_see_search_results()&amp#27;[0m
      &amp#27;[31mjava.lang.NullPointerException
	at java.base/java.util.Objects.requireNonNull(Objects.java:208)
	at io.cucumber.core.runner.TestCaseState.attach(TestCaseState.java:70)
	at io.cucumber.java.Scenario.attach(Scenario.java:78)
	at com.example.hooks.Hooks.tearDown(Hooks.java:58)
&amp#27;[0m
]]></system-out>
    <system-err><![CDATA[[ForkJoinPool-2-worker-1] WARN com.codeborne.selenide.impl.ScreenShotLaboratory - Cannot take screenshot because browser is not started
[ForkJoinPool-2-worker-1] WARN com.codeborne.selenide.impl.ScreenShotLaboratory - Cannot take screenshot because browser is not started
]]></system-err>
  </testcase>
  <testcase name="Google Search Functionality - Search for Cucumber" classname="Google Search Functionality" time="3.689">
    <error message="Could not start a new session. Response code 500. Message: session not created: This version of ChromeDriver only supports Chrome version 114&#10;Current browser version is 136.0.7103.93 with binary path C:\Program Files\Google\Chrome\Application\chrome.exe &#10;Host info: host: &apos;AKKI&apos;, ip: &apos;192.168.0.149&apos;&#10;Build info: version: &apos;4.8.1&apos;, revision: &apos;8ebccac989&apos;&#10;System info: os.name: &apos;Windows 11&apos;, os.arch: &apos;amd64&apos;, os.version: &apos;10.0&apos;, java.version: &apos;17.0.9&apos;&#10;Driver info: org.openqa.selenium.chrome.ChromeDriver&#10;Command: [null, newSession {capabilities=[Capabilities {acceptInsecureCerts: true, browserName: chrome, goog:chromeOptions: {args: [--proxy-bypass-list=&lt;-loopb..., --disable-dev-shm-usage, --no-sandbox, --remote-allow-origins=*, --window-size=1366,768, --start-maximized, --disable-notifications], excludeSwitches: [enable-automation, load-extension], extensions: [], prefs: {credentials_enable_service: false, download.default_directory: C:\Users\91720\Downloads\Cu..., plugins.always_open_pdf_externally: true, profile.default_content_setting_values.automatic_downloads: 1, safebrowsing.enabled: true}}, pageLoadStrategy: normal, unhandledPromptBehavior: accept}], desiredCapabilities=Capabilities {acceptInsecureCerts: true, browserName: chrome, goog:chromeOptions: {args: [--proxy-bypass-list=&lt;-loopb..., --disable-dev-shm-usage, --no-sandbox, --remote-allow-origins=*, --window-size=1366,768, --start-maximized, --disable-notifications], excludeSwitches: [enable-automation, load-extension], extensions: [], prefs: {credentials_enable_service: false, download.default_directory: C:\Users\91720\Downloads\Cu..., plugins.always_open_pdf_externally: true, profile.default_content_setting_values.automatic_downloads: 1, safebrowsing.enabled: true}}, pageLoadStrategy: normal, unhandledPromptBehavior: accept}}]&#10;selenide.url: https://www.google.com&#10;selenide.baseUrl: http://localhost:8080" type="org.openqa.selenium.SessionNotCreatedException"><![CDATA[org.openqa.selenium.SessionNotCreatedException: 
Could not start a new session. Response code 500. Message: session not created: This version of ChromeDriver only supports Chrome version 114
Current browser version is 136.0.7103.93 with binary path C:\Program Files\Google\Chrome\Application\chrome.exe 
Host info: host: 'AKKI', ip: '192.168.0.149'
Build info: version: '4.8.1', revision: '8ebccac989'
System info: os.name: 'Windows 11', os.arch: 'amd64', os.version: '10.0', java.version: '17.0.9'
Driver info: org.openqa.selenium.chrome.ChromeDriver
Command: [null, newSession {capabilities=[Capabilities {acceptInsecureCerts: true, browserName: chrome, goog:chromeOptions: {args: [--proxy-bypass-list=<-loopb..., --disable-dev-shm-usage, --no-sandbox, --remote-allow-origins=*, --window-size=1366,768, --start-maximized, --disable-notifications], excludeSwitches: [enable-automation, load-extension], extensions: [], prefs: {credentials_enable_service: false, download.default_directory: C:\Users\91720\Downloads\Cu..., plugins.always_open_pdf_externally: true, profile.default_content_setting_values.automatic_downloads: 1, safebrowsing.enabled: true}}, pageLoadStrategy: normal, unhandledPromptBehavior: accept}], desiredCapabilities=Capabilities {acceptInsecureCerts: true, browserName: chrome, goog:chromeOptions: {args: [--proxy-bypass-list=<-loopb..., --disable-dev-shm-usage, --no-sandbox, --remote-allow-origins=*, --window-size=1366,768, --start-maximized, --disable-notifications], excludeSwitches: [enable-automation, load-extension], extensions: [], prefs: {credentials_enable_service: false, download.default_directory: C:\Users\91720\Downloads\Cu..., plugins.always_open_pdf_externally: true, profile.default_content_setting_values.automatic_downloads: 1, safebrowsing.enabled: true}}, pageLoadStrategy: normal, unhandledPromptBehavior: accept}}]
selenide.url: https://www.google.com
selenide.baseUrl: http://localhost:8080
	at org.openqa.selenium.remote.ProtocolHandshake.createSession(ProtocolHandshake.java:148)
	at org.openqa.selenium.remote.ProtocolHandshake.createSession(ProtocolHandshake.java:106)
	at org.openqa.selenium.remote.ProtocolHandshake.createSession(ProtocolHandshake.java:67)
	at org.openqa.selenium.remote.HttpCommandExecutor.execute(HttpCommandExecutor.java:156)
	at org.openqa.selenium.remote.service.DriverCommandExecutor.invokeExecute(DriverCommandExecutor.java:167)
	at org.openqa.selenium.remote.service.DriverCommandExecutor.execute(DriverCommandExecutor.java:142)
	at org.openqa.selenium.remote.RemoteWebDriver.execute(RemoteWebDriver.java:543)
	at org.openqa.selenium.remote.RemoteWebDriver.startSession(RemoteWebDriver.java:229)
	at org.openqa.selenium.remote.RemoteWebDriver.<init>(RemoteWebDriver.java:157)
	at org.openqa.selenium.chromium.ChromiumDriver.<init>(ChromiumDriver.java:101)
	at org.openqa.selenium.chrome.ChromeDriver.<init>(ChromeDriver.java:82)
	at com.codeborne.selenide.webdriver.ChromeDriverFactory.create(ChromeDriverFactory.java:42)
	at com.codeborne.selenide.webdriver.WebDriverFactory.createWebDriverInstance(WebDriverFactory.java:121)
	at com.codeborne.selenide.webdriver.WebDriverFactory.createWebDriver(WebDriverFactory.java:67)
	at com.codeborne.selenide.drivercommands.CreateDriverCommand.lambda$createDriver$0(CreateDriverCommand.java:76)
	at com.codeborne.selenide.logevents.SelenideLogger.get(SelenideLogger.java:118)
	at com.codeborne.selenide.drivercommands.CreateDriverCommand.createDriver(CreateDriverCommand.java:52)
	at com.codeborne.selenide.impl.WebDriverThreadLocalContainer.createDriver(WebDriverThreadLocalContainer.java:186)
	at com.codeborne.selenide.impl.WebDriverThreadLocalContainer.getAndCheckWebDriver(WebDriverThreadLocalContainer.java:155)
	at com.codeborne.selenide.WebDriverRunner.getAndCheckWebDriver(WebDriverRunner.java:130)
	at com.codeborne.selenide.impl.StaticDriver.getAndCheckWebDriver(StaticDriver.java:65)
	at com.codeborne.selenide.SelenideDriver.getAndCheckWebDriver(SelenideDriver.java:220)
	at com.codeborne.selenide.drivercommands.Navigator.lambda$navigateTo$0(Navigator.java:72)
	at com.codeborne.selenide.logevents.SelenideLogger.run(SelenideLogger.java:105)
	at com.codeborne.selenide.drivercommands.Navigator.navigateTo(Navigator.java:70)
	at com.codeborne.selenide.drivercommands.Navigator.open(Navigator.java:32)
	at com.codeborne.selenide.SelenideDriver.open(SelenideDriver.java:101)
	at com.codeborne.selenide.Selenide.open(Selenide.java:52)
	at com.example.pages.GooglePage.navigateToGoogle(GooglePage.java:16)
	at com.example.stepdefs.GoogleSearchSteps.i_am_on_the_google_search_page(GoogleSearchSteps.java:21)
	at ✽.I am on the Google search page(classpath:features/google_search.feature:5)
]]></error>
    <system-out><![CDATA[Failed to log fail: Cannot invoke "com.aventstack.extentreports.ExtentTest.log(com.aventstack.extentreports.Status, String)" because the return value of "com.aventstack.extentreports.cucumber.adapter.ExtentCucumberAdapter.getCurrentStep()" is null
  &amp#27;[31mGiven &amp#27;[0m&amp#27;[31mI am on the Google search page&amp#27;[0m           &amp#27;[90m# com.example.stepdefs.GoogleSearchSteps.i_am_on_the_google_search_page()&amp#27;[0m
      &amp#27;[31morg.openqa.selenium.SessionNotCreatedException: Could not start a new session. Response code 500. Message: session not created: This version of ChromeDriver only supports Chrome version 114
Current browser version is 136.0.7103.93 with binary path C:\Program Files\Google\Chrome\Application\chrome.exe 
Host info: host: 'AKKI', ip: '192.168.0.149'
Build info: version: '4.8.1', revision: '8ebccac989'
System info: os.name: 'Windows 11', os.arch: 'amd64', os.version: '10.0', java.version: '17.0.9'
Driver info: org.openqa.selenium.chrome.ChromeDriver
Command: [null, newSession {capabilities=[Capabilities {acceptInsecureCerts: true, browserName: chrome, goog:chromeOptions: {args: [--proxy-bypass-list=<-loopb..., --disable-dev-shm-usage, --no-sandbox, --remote-allow-origins=*, --window-size=1366,768, --start-maximized, --disable-notifications], excludeSwitches: [enable-automation, load-extension], extensions: [], prefs: {credentials_enable_service: false, download.default_directory: C:\Users\91720\Downloads\Cu..., plugins.always_open_pdf_externally: true, profile.default_content_setting_values.automatic_downloads: 1, safebrowsing.enabled: true}}, pageLoadStrategy: normal, unhandledPromptBehavior: accept}], desiredCapabilities=Capabilities {acceptInsecureCerts: true, browserName: chrome, goog:chromeOptions: {args: [--proxy-bypass-list=<-loopb..., --disable-dev-shm-usage, --no-sandbox, --remote-allow-origins=*, --window-size=1366,768, --start-maximized, --disable-notifications], excludeSwitches: [enable-automation, load-extension], extensions: [], prefs: {credentials_enable_service: false, download.default_directory: C:\Users\91720\Downloads\Cu..., plugins.always_open_pdf_externally: true, profile.default_content_setting_values.automatic_downloads: 1, safebrowsing.enabled: true}}, pageLoadStrategy: normal, unhandledPromptBehavior: accept}}]
selenide.url: https://www.google.com
selenide.baseUrl: http://localhost:8080
	at org.openqa.selenium.remote.ProtocolHandshake.createSession(ProtocolHandshake.java:148)
	at org.openqa.selenium.remote.ProtocolHandshake.createSession(ProtocolHandshake.java:106)
	at org.openqa.selenium.remote.ProtocolHandshake.createSession(ProtocolHandshake.java:67)
	at org.openqa.selenium.remote.HttpCommandExecutor.execute(HttpCommandExecutor.java:156)
	at org.openqa.selenium.remote.service.DriverCommandExecutor.invokeExecute(DriverCommandExecutor.java:167)
	at org.openqa.selenium.remote.service.DriverCommandExecutor.execute(DriverCommandExecutor.java:142)
	at org.openqa.selenium.remote.RemoteWebDriver.execute(RemoteWebDriver.java:543)
	at org.openqa.selenium.remote.RemoteWebDriver.startSession(RemoteWebDriver.java:229)
	at org.openqa.selenium.remote.RemoteWebDriver.<init>(RemoteWebDriver.java:157)
	at org.openqa.selenium.chromium.ChromiumDriver.<init>(ChromiumDriver.java:101)
	at org.openqa.selenium.chrome.ChromeDriver.<init>(ChromeDriver.java:82)
	at com.codeborne.selenide.webdriver.ChromeDriverFactory.create(ChromeDriverFactory.java:42)
	at com.codeborne.selenide.webdriver.WebDriverFactory.createWebDriverInstance(WebDriverFactory.java:121)
	at com.codeborne.selenide.webdriver.WebDriverFactory.createWebDriver(WebDriverFactory.java:67)
	at com.codeborne.selenide.drivercommands.CreateDriverCommand.lambda$createDriver$0(CreateDriverCommand.java:76)
	at com.codeborne.selenide.logevents.SelenideLogger.get(SelenideLogger.java:118)
	at com.codeborne.selenide.drivercommands.CreateDriverCommand.createDriver(CreateDriverCommand.java:52)
	at com.codeborne.selenide.impl.WebDriverThreadLocalContainer.createDriver(WebDriverThreadLocalContainer.java:186)
	at com.codeborne.selenide.impl.WebDriverThreadLocalContainer.getAndCheckWebDriver(WebDriverThreadLocalContainer.java:155)
	at com.codeborne.selenide.WebDriverRunner.getAndCheckWebDriver(WebDriverRunner.java:130)
	at com.codeborne.selenide.impl.StaticDriver.getAndCheckWebDriver(StaticDriver.java:65)
	at com.codeborne.selenide.SelenideDriver.getAndCheckWebDriver(SelenideDriver.java:220)
	at com.codeborne.selenide.drivercommands.Navigator.lambda$navigateTo$0(Navigator.java:72)
	at com.codeborne.selenide.logevents.SelenideLogger.run(SelenideLogger.java:105)
	at com.codeborne.selenide.drivercommands.Navigator.navigateTo(Navigator.java:70)
	at com.codeborne.selenide.drivercommands.Navigator.open(Navigator.java:32)
	at com.codeborne.selenide.SelenideDriver.open(SelenideDriver.java:101)
	at com.codeborne.selenide.Selenide.open(Selenide.java:52)
	at com.example.pages.GooglePage.navigateToGoogle(GooglePage.java:16)
	at com.example.stepdefs.GoogleSearchSteps.i_am_on_the_google_search_page(GoogleSearchSteps.java:21)
	at âœ½.I am on the Google search page(classpath:features/google_search.feature:5)
&amp#27;[0m
      &amp#27;[31mjava.lang.NullPointerException
	at java.base/java.util.Objects.requireNonNull(Objects.java:208)
	at io.cucumber.core.runner.TestCaseState.attach(TestCaseState.java:70)
	at io.cucumber.java.Scenario.attach(Scenario.java:78)
	at com.example.hooks.Hooks.afterStep(Hooks.java:48)
&amp#27;[0m
  &amp#27;[36mWhen &amp#27;[0m&amp#27;[36mI search for &amp#27;[0m&amp#27;[36m&amp#27;[1m"Cucumber testing framework"&amp#27;[0m &amp#27;[90m# com.example.stepdefs.GoogleSearchSteps.i_search_for(java.lang.String)&amp#27;[0m
  &amp#27;[36mThen &amp#27;[0m&amp#27;[36mI should see search results&amp#27;[0m               &amp#27;[90m# com.example.stepdefs.GoogleSearchSteps.i_should_see_search_results()&amp#27;[0m
      &amp#27;[31mjava.lang.NullPointerException
	at java.base/java.util.Objects.requireNonNull(Objects.java:208)
	at io.cucumber.core.runner.TestCaseState.attach(TestCaseState.java:70)
	at io.cucumber.java.Scenario.attach(Scenario.java:78)
	at com.example.hooks.Hooks.tearDown(Hooks.java:58)
&amp#27;[0m
]]></system-out>
    <system-err><![CDATA[[ForkJoinPool-2-worker-2] WARN com.codeborne.selenide.impl.ScreenShotLaboratory - Cannot take screenshot because browser is not started
[ForkJoinPool-2-worker-2] WARN com.codeborne.selenide.impl.ScreenShotLaboratory - Cannot take screenshot because browser is not started
]]></system-err>
  </testcase>
</testsuite>